snapshot @ 2026-01-29 10:10:45 WIB
================================================================================
Hostname             : AOPH1PAPPDC
OS                   : SUSE Linux Enterprise Server 15 SP3
Uptime               : 13 days 22 hours 15 minutes
vCPU                 : 28
IP address           : eth0=10.14.55.78
Logged-in            : 2 user(s), 3 session(s)
================================================================================
Metrics:
  - CPU usage         : 9.33% used, 90.67% idle
  - Load (15m)        : L15=3.14, vCPU=28, r=0.11 | LA 2.84/2.98/3.14 | Status=OK
  - Memory            : used 71.7G (59.0%), free 17.0G / 121.7G | Status=OK
  - Swap IO           : si/so 0/0 p/s | Status=OK
  - Total WP Running : 2
  - Total WP Standby : 131
  - Total WP Critical: 6
  - Total WP OK      : 57
  - Total WP Dialog  : 28
  - Total WP BTC     : 26
  - Total WP UPD     : 3
================================================================================

## WP-SCOUT @ AOPH1PAPPDC  SID=AOP  INSTS=30  TS=2026-01-29 10:10:50 WIB

CPU Tertinggi
Description : diurutkan berdasarkan CPU(%), menurun; tiebreak: RSS(GB) & AGE.
PID     INST  WP   TYPE  CPU(%)     MEM RSS(GB) STATE   AGE          RABAX   SXPG    JOB  RXMSG CLASS    SID    TYPE   ABAP Program               ErrorCode              JobName                      LOG
75437   30    119  BTC     12.8   3.87G    3.87 S       1d17h            0      2      0      0 CRIT     AOP    BTC    SAPLORFC                   CALL_FUNCTION_SEND_ERR R_JR_BTCJOBS_GENERATOR       /usr/sap/AOP/D30/work/dev_w119
28622   30    96   DIA     12.0   3.53G    3.53 S       19h45m           0      0      0      0 WARN     AOP    DIA    SAPLORFC                   CALL_FUNCTION_SEND_ERR ZFI_D_CN_SAP_AUTO            /usr/sap/AOP/D30/work/dev_w96
61997   30    108  DIA     11.0   4.29G    4.29 S       14h45m           0      2      0      0 WARN     AOP    DIA    ZFARR_INV_LIST_REPORT      TIME_OUT               R_JR_BTCJOBS_GENERATOR       /usr/sap/AOP/D30/work/dev_w108
112141  30    98   DIA      9.6   4.69G    4.69 S       20h52m           0      8      0      0 WARN     AOP    DIA    /SPE/SAPLCROSS_DLVRY_HU    POSTING_ILLEGAL_STATEM R_JR_BTCJOBS_GENERATOR       /usr/sap/AOP/D30/work/dev_w98
16753   30    99   DIA      8.0   3.97G    3.97 S       23h18m           0     15      0      0 WARN     AOP    DIA    SAPLORFC                   CALL_FUNCTION_SEND_ERR ZPP_H_MASSGR_ERROR_VIN       /usr/sap/AOP/D30/work/dev_w99
97973   30    118  DIA      7.9   5.05G    5.05 S       1d22h            0      2      0      0 WARN     AOP    DIA    ZCL_ZCA_REST_OUTBOUND_LOG= DBSQL_DUPLICATE_KEY_ER ZEWM_MN_OUTBOUND_APT_SAP_DMO /usr/sap/AOP/D30/work/dev_w118
25293   30    102  DIA      7.3   3.18G    3.18 S       2h46m            0      2      0      0 WARN     AOP    DIA    ZVBIR_INQUIRY_LIST_V2      TIME_OUT               R_JR_BTCJOBS_GENERATOR       /usr/sap/AOP/D30/work/dev_w102
17292   30    64   BTC      6.7   5.39G    5.39 S       13d4h           48     18     14     48 WARN     AOP    BTC    ZCL_ZCA_REST_OUTBOUND_LOG= DBSQL_DUPLICATE_KEY_ER R_JR_BTCJOBS_GENERATOR       /usr/sap/AOP/D30/work/dev_w64
75511   30    101  DIA      5.9   3.54G    3.54 S       1d10h            0      1      0      0 OK       AOP    DIA    ZCL_ZCA_REST_OUTBOUND_LOG= DBSQL_DUPLICATE_KEY_ER ZEWM_MN_OUTBOUND_APT_SAP_DMO /usr/sap/AOP/D30/work/dev_w101
115195  30    88   DIA      5.7   3.99G    3.99 S       5d13h           28     13     12     28 OK       AOP    DIA    ZCL_ZCA_REST_OUTBOUND_LOG= DBSQL_DUPLICATE_KEY_ER ZMM_H_INTF_ALLOC_RET         /usr/sap/AOP/D30/work/dev_w88

Memory Tertinggi (RSS)
Description : diurutkan berdasarkan RSS(GB), menurun; tiebreak: CPU(%).
PID     INST  WP   TYPE  CPU(%)     MEM RSS(GB) STATE   AGE          RABAX   SXPG    JOB  RXMSG CLASS    SID    TYPE   ABAP Program               ErrorCode              JobName                      LOG
117594  30    40   ?        1.6   7.00G    7.00 S       10h12m           0      0      0      0 CRIT     AOP    ?      /SPE/SAPLCROSS_DLVRY_HU    POSTING_ILLEGAL_STATEM ?                            /usr/sap/AOP/D30/work/dev_w40
125381  30    94   DIA      1.7   6.08G    6.08 S       20h32m           0      3      0      0 CRIT     AOP    DIA    ZCL_ZCA_REST_OUTBOUND_LOG= DBSQL_DUPLICATE_KEY_ER ZEWM_MN_OUTBOUND_APT_SAP_DMO /usr/sap/AOP/D30/work/dev_w94
8772    30    80   ?        2.9   5.82G    5.82 R       13d22h          34      6      9     28 CRIT     AOP    ?      ZCL_ZCA_REST_OUTBOUND_LOG= DBSQL_DUPLICATE_KEY_ER ZMM_HD_INV_MOVEMENT_SUM1022_ /usr/sap/AOP/D30/work/dev_w80
123438  30    111  DIA      3.2   5.75G    5.75 S       17h27m           0      0      0      0 CRIT     AOP    DIA    SAPLORFC                   CALL_FUNCTION_SEND_ERR ZFI_D_PRT_OUT_OPEN_TDY       /usr/sap/AOP/D30/work/dev_w111
8751    30    59   BTC      1.0   5.63G    5.63 S       13d22h           0     25      3      0 CRIT     AOP    BTC    ?                          ?                      RK_PKOSA_MULTI_CREATE        /usr/sap/AOP/D30/work/dev_w59
8748    30    56   BTC      1.4   5.47G    5.47 S       13d22h          14      1      4     14 WARN     AOP    BTC    ZCL_ZCA_REST_OUTBOUND_LOG= DBSQL_DUPLICATE_KEY_ER ZSD_MN_SOIDMS                /usr/sap/AOP/D30/work/dev_w56
17292   30    64   BTC      6.7   5.39G    5.39 S       13d4h           48     18     14     48 WARN     AOP    BTC    ZCL_ZCA_REST_OUTBOUND_LOG= DBSQL_DUPLICATE_KEY_ER R_JR_BTCJOBS_GENERATOR       /usr/sap/AOP/D30/work/dev_w64
832     30    55   BTC      2.7   5.14G    5.14 S       13d17h           0      1      1      0 WARN     AOP    BTC    ?                          ?                      ZEWM_MN_OUTBOUND_APT_SAP_DMO /usr/sap/AOP/D30/work/dev_w55
97973   30    118  DIA      7.9   5.05G    5.05 S       1d22h            0      2      0      0 WARN     AOP    DIA    ZCL_ZCA_REST_OUTBOUND_LOG= DBSQL_DUPLICATE_KEY_ER ZEWM_MN_OUTBOUND_APT_SAP_DMO /usr/sap/AOP/D30/work/dev_w118
8768    30    76   ?        1.8   4.82G    4.82 S       13d22h          14      8      5     14 WARN     AOP    ?      ZVCMR_H2H_CREDIT_LIMIT     IMPORT_WRONG_END_POS   ZMM_HD_INV_MOVEMENT_DET1021_ /usr/sap/AOP/D30/work/dev_w76

Running Terlama
Description : diurutkan berdasarkan AGE (durasi hidup WP), menurun.
PID     INST  WP   TYPE  CPU(%)     MEM RSS(GB) STATE   AGE          RABAX   SXPG    JOB  RXMSG CLASS    SID    TYPE   ABAP Program               ErrorCode              JobName                      LOG
8733    30    42   BTC      0.2   3.54G    3.54 S       13d22h           0      1      3      0 WARN     AOP    BTC    ZVCMR_H2H_CREDIT_LIMIT     IMPORT_WRONG_END_POS   R_JR_BTCJOBS_GENERATOR       /usr/sap/AOP/D30/work/dev_w42
8736    30    45   BTC      0.6   3.82G    3.82 S       13d22h           0      1      0      0 WARN     AOP    BTC    ?                          ?                      ZEWM_MN_OUTBOUND_APT_SAP_DMO /usr/sap/AOP/D30/work/dev_w45
8740    30    49   BTC      0.2   3.82G    3.82 S       13d22h           0      2      1      0 WARN     AOP    BTC    ZCL_ZCA_REST_OUTBOUND_LOG= DBSQL_DUPLICATE_KEY_ER ZFI_D_PRT_OUT_CLR_CUR_FLEET  /usr/sap/AOP/D30/work/dev_w49
8741    30    50   BTC      0.6   3.68G    3.68 S       13d22h          28      1      4     28 WARN     AOP    BTC    ZMIME_DRP_REPLENISHMENT_EW DBSQL_DUPLICATE_KEY_ER ZSD_H_UPLOAD_CBD_B2B_SFA     /usr/sap/AOP/D30/work/dev_w50
8742    30    51   BTC      0.3   4.03G    4.03 S       13d22h          14      1      0     14 WARN     AOP    BTC    ?                          ?                      ZMIM_INV_CONTROL_IKP_D       /usr/sap/AOP/D30/work/dev_w51
8748    30    56   BTC      1.4   5.47G    5.47 S       13d22h          14      1      4     14 WARN     AOP    BTC    ZCL_ZCA_REST_OUTBOUND_LOG= DBSQL_DUPLICATE_KEY_ER ZSD_MN_SOIDMS                /usr/sap/AOP/D30/work/dev_w56
8751    30    59   BTC      1.0   5.63G    5.63 S       13d22h           0     25      3      0 CRIT     AOP    BTC    ?                          ?                      RK_PKOSA_MULTI_CREATE        /usr/sap/AOP/D30/work/dev_w59
8757    30    65   ?        0.0   1.38G    1.38 S       13d22h           0      0      0      0 WARN     AOP    ?      ?                          ?                      ?                            /usr/sap/AOP/D30/work/dev_w65
8758    30    66   ?        0.0   1.24G    1.24 S       13d22h           0      0      0      0 WARN     AOP    ?      ?                          ?                      ?                            /usr/sap/AOP/D30/work/dev_w66
8759    30    67   ?        0.0   1.51G    1.51 S       13d22h           0      0      0      0 WARN     AOP    ?      ?                          ?                      ?                            /usr/sap/AOP/D30/work/dev_w67

RABAX Terbanyak
Description : diurutkan berdasarkan jumlah RABAX (desc), tiebreak SXPG (desc), JOB (desc).
PID     INST  WP   TYPE    RABAX   SXPG  RXMSG    JOB CLASS  ABAP Program               ErrorCode              JobName                      LOG
124714  30    92   DIA        68      4     68     15 OK     ZCL_ZCA_REST_OUTBOUND_LOG= DBSQL_DUPLICATE_KEY_ER ZPP_H_MASSGR_ERROR_VIN       /usr/sap/AOP/D30/work/dev_w92
17292   30    64   BTC        48     18     48     14 WARN   ZCL_ZCA_REST_OUTBOUND_LOG= DBSQL_DUPLICATE_KEY_ER R_JR_BTCJOBS_GENERATOR       /usr/sap/AOP/D30/work/dev_w64
32217   30    89   DIA        42      3     42     17 OK     ZCL_ZCA_REST_OUTBOUND_LOG= DBSQL_DUPLICATE_KEY_ER R_JR_BTCJOBS_GENERATOR       /usr/sap/AOP/D30/work/dev_w89
85216   30    87   ?          39     12     39     10 WARN   ZCL_ZCA_REST_OUTBOUND_LOG= DBSQL_DUPLICATE_KEY_ER ZEWM_MN_OUTBOUND_APT_SAP_DMO /usr/sap/AOP/D30/work/dev_w87
8771    30    79   ?          38      3     38      7 WARN   ZCL_ZCA_REST_OUTBOUND_LOG= DBSQL_DUPLICATE_KEY_ER ZPP_H_REPROCESS_CONF_CDCRDC  /usr/sap/AOP/D30/work/dev_w79
8782    30    90   DIA        37     14     37     12 WARN   ZCL_ZCA_REST_OUTBOUND_LOG= DBSQL_DUPLICATE_KEY_ER ZSD_H_WMP_UPL_POST_SLS       /usr/sap/AOP/D30/work/dev_w90
8778    30    86   ?          37     11     37      9 WARN   ZCL_ZCA_REST_OUTBOUND_LOG= DBSQL_DUPLICATE_KEY_ER ZSD_MN_SOIDMS                /usr/sap/AOP/D30/work/dev_w86
29767   30    100  DIA        35      5     35     35 OK     ZMPUE_OUTSTANDING_GR_LIST  SAPSQL_DATA_LOSS       ZEWM_MN_OUTBOUND_APT_SAP_DMO /usr/sap/AOP/D30/work/dev_w100
8772    30    80   ?          34      6     28      9 CRIT   ZCL_ZCA_REST_OUTBOUND_LOG= DBSQL_DUPLICATE_KEY_ER ZMM_HD_INV_MOVEMENT_SUM1022_ /usr/sap/AOP/D30/work/dev_w80
115195  30    88   DIA        28     13     28     12 OK     ZCL_ZCA_REST_OUTBOUND_LOG= DBSQL_DUPLICATE_KEY_ER ZMM_H_INTF_ALLOC_RET         /usr/sap/AOP/D30/work/dev_w88

snapshot @ 2026-01-29 10:10:51 WIB
================================================================================
Hostname             : AOPH2PAPPDC
OS                   : SUSE Linux Enterprise Server 15 SP3
Uptime               : 13 days 22 hours 3 minutes
vCPU                 : 28
IP address           : eth0=10.14.55.79
Logged-in            : 1 user(s), 1 session(s)
================================================================================
Metrics:
  - CPU usage         : 7.20% used, 92.80% idle
  - Load (15m)        : L15=1.53, vCPU=28, r=0.05 | LA 2.63/2.05/1.53 | Status=OK
  - Memory            : used 70.2G (57.7%), free 21.2G / 121.7G | Status=OK
  - Swap IO           : si/so 0/0 p/s | Status=OK
  - Total WP Running : 3
  - Total WP Standby : 130
  - Total WP Critical: 3
  - Total WP OK      : 36
  - Total WP Dialog  : 27
  - Total WP BTC     : 25
  - Total WP UPD     : 3
================================================================================

## WP-SCOUT @ AOPH2PAPPDC  SID=AOP  INSTS=40  TS=2026-01-29 10:10:58 WIB

CPU Tertinggi
Description : diurutkan berdasarkan CPU(%), menurun; tiebreak: RSS(GB) & AGE.
PID     INST  WP   TYPE  CPU(%)     MEM RSS(GB) STATE   AGE          RABAX   SXPG    JOB  RXMSG CLASS    SID    TYPE   ABAP Program               ErrorCode              JobName                      LOG
127952  40    116  DIA      8.6   3.92G    3.92 S       11h56m           0     15      0      0 WARN     AOP    DIA    SAPLORFC                   CALL_FUNCTION_SEND_ERR ZMM_H_INBOUND_MRS_PRR        /usr/sap/AOP/D40/work/dev_w116
16717   40    63   BTC      8.0   4.72G    4.72 S       9d17h           56      1     25     56 WARN     AOP    BTC    SAPLORFC                   CALL_FUNCTION_SEND_ERR ZEWM_MN_OUTBOUND_APT_SAP_DMO /usr/sap/AOP/D40/work/dev_w63
71880   40    113  DIA      8.0   4.04G    4.04 S       2h42m            0      9      0      0 WARN     AOP    DIA    /SPE/SAPLCROSS_DLVRY_HU    POSTING_ILLEGAL_STATEM ZSD_MN_SOIDMS                /usr/sap/AOP/D40/work/dev_w113
17191   40    105  DIA      6.9   4.23G    4.23 S       17h17m           0      6      0      0 WARN     AOP    DIA    /SPE/SAPLCROSS_DLVRY_HU    POSTING_ILLEGAL_STATEM ZPP_D_CORU_COGI              /usr/sap/AOP/D40/work/dev_w105
28961   40    106  DIA      5.0   5.63G    5.63 S       3h33m            0      1      0      0 CRIT     AOP    DIA    SAPLORFC                   CALL_FUNCTION_SEND_ERR ZFI_D_PRT_INB_MIRO_SSC       /usr/sap/AOP/D40/work/dev_w106
16531   40    110  DIA      4.2   3.17G    3.17 S       1h15m            0      4      0      0 OK       AOP    DIA    SAPLME07                   TIME_OUT               SAP_VDM_FND_FSCL_DF_FILL     /usr/sap/AOP/D40/work/dev_w110
6723    40    88   ?        3.3   3.51G    3.51 S       13d21h           0     14     20      0 WARN     AOP    ?      ZCL_ZCA_REST_OUTBOUND_LOG= DBSQL_DUPLICATE_KEY_ER ZSD_H_CBD_PENDING            /usr/sap/AOP/D40/work/dev_w88
6721    40    86   ?        3.2   3.58G    3.58 S       13d21h           0      4     11      0 WARN     AOP    ?      ?                          ?                      ZVSLE_UPDATE_GR_PUT_ALLOC    /usr/sap/AOP/D40/work/dev_w86
34888   40    109  DIA      3.0   5.04G    5.04 S       3h29m            0      0      0      0 WARN     AOP    DIA    ZCL_IM_EI_FAP_FAGLL03===== TIME_OUT               ZSD_H_CBD_PENDING            /usr/sap/AOP/D40/work/dev_w109
6714    40    79   ?        2.6   3.63G    3.63 S       13d21h           0     22      3      0 WARN     AOP    ?      ?                          ?                      ZPP_H_MASSGR_VIN             /usr/sap/AOP/D40/work/dev_w79

Memory Tertinggi (RSS)
Description : diurutkan berdasarkan RSS(GB), menurun; tiebreak: CPU(%).
PID     INST  WP   TYPE  CPU(%)     MEM RSS(GB) STATE   AGE          RABAX   SXPG    JOB  RXMSG CLASS    SID    TYPE   ABAP Program               ErrorCode              JobName                      LOG
89453   40    14   ?        0.6   8.17G    8.17 S       5d11h            0      2      0      0 CRIT     AOP    ?      ?                          ?                      ?                            /usr/sap/AOP/D40/work/dev_w14
6683    40    49   BTC      0.1   5.92G    5.92 S       13d21h           0      0      0      0 CRIT     AOP    BTC    ?                          ?                      ZSD_MN_SOIDMS                /usr/sap/AOP/D40/work/dev_w49
28961   40    106  DIA      5.0   5.63G    5.63 S       3h33m            0      1      0      0 CRIT     AOP    DIA    SAPLORFC                   CALL_FUNCTION_SEND_ERR ZFI_D_PRT_INB_MIRO_SSC       /usr/sap/AOP/D40/work/dev_w106
6685    40    51   BTC      0.1   5.27G    5.27 S       13d21h           0      7      4      0 WARN     AOP    BTC    ?                          ?                      ZEWM_MN_OUTBOUND_APT_SAP_DMO /usr/sap/AOP/D40/work/dev_w51
107372  40    35   ?        0.7   5.06G    5.06 S       23h9m            0      5      0      0 WARN     AOP    ?      /SPE/SAPLCROSS_DLVRY_HU    POSTING_ILLEGAL_STATEM ?                            /usr/sap/AOP/D40/work/dev_w35
27644   40    103  DIA      0.9   5.04G    5.04 S       17h3m            0      0      0      0 WARN     AOP    DIA    CL_SALV_COLUMNS=========== UNCAUGHT_EXCEPTION     ZMM_H_INBOUND_MRS_PRR        /usr/sap/AOP/D40/work/dev_w103
34888   40    109  DIA      3.0   5.04G    5.04 S       3h29m            0      0      0      0 WARN     AOP    DIA    ZCL_IM_EI_FAP_FAGLL03===== TIME_OUT               ZSD_H_CBD_PENDING            /usr/sap/AOP/D40/work/dev_w109
129432  40    29   ?        0.7   4.99G    4.99 S       14h28m           0     24      0      0 WARN     AOP    ?      ?                          ?                      ?                            /usr/sap/AOP/D40/work/dev_w29
6725    40    90   ?        1.9   4.75G    4.75 S       13d21h          28     12     18     28 WARN     AOP    ?      ZCL_ZCA_REST_OUTBOUND_LOG= DBSQL_DUPLICATE_KEY_ER SATC_WATCHDOG                /usr/sap/AOP/D40/work/dev_w90
6711    40    76   ?        1.4   4.74G    4.74 S       13d21h          14      5      6     14 WARN     AOP    ?      ZCL_TRD_VENDOR_DELIVERY_OU DBSQL_DUPLICATE_KEY_ER Z_D_INV_CTRL_1201_02         /usr/sap/AOP/D40/work/dev_w76

Running Terlama
Description : diurutkan berdasarkan AGE (durasi hidup WP), menurun.
PID     INST  WP   TYPE  CPU(%)     MEM RSS(GB) STATE   AGE          RABAX   SXPG    JOB  RXMSG CLASS    SID    TYPE   ABAP Program               ErrorCode              JobName                      LOG
6675    40    41   BTC      0.0   3.71G    3.71 S       13d21h           0     24      0      0 WARN     AOP    BTC    ?                          ?                      ZSD_MN_SOIDMS                /usr/sap/AOP/D40/work/dev_w41
6676    40    42   BTC      0.0   3.99G    3.99 S       13d21h          12      0      4     12 WARN     AOP    BTC    ?                          ?                      ZEWM_MN_OUTBOUND_APT_SAP_DMO /usr/sap/AOP/D40/work/dev_w42
6677    40    43   BTC      0.1   4.32G    4.32 S       13d21h           0      0      3      0 WARN     AOP    BTC    ZCL_ZCA_REST_OUTBOUND_LOG= DBSQL_DUPLICATE_KEY_ER ZSD_H_IFI_Z_UPD_AOPWEBRPLNS_ /usr/sap/AOP/D40/work/dev_w43
6678    40    44   BTC      0.4   3.97G    3.97 S       13d21h           0      0      3      0 WARN     AOP    BTC    ?                          ?                      ZEWM_MN_OUTBOUND_APT_SAP_DMO /usr/sap/AOP/D40/work/dev_w44
6679    40    45   BTC      0.1   4.09G    4.09 S       13d21h           0      0      1      0 WARN     AOP    BTC    ?                          ?                      ZSD_H_IFI_Z_UPD_AOPWEBRPLNS_ /usr/sap/AOP/D40/work/dev_w45
6681    40    47   BTC      0.1   3.77G    3.77 S       13d21h          14      1      0     14 WARN     AOP    BTC    ?                          ?                      ZPP_H_MASSGR_VIN             /usr/sap/AOP/D40/work/dev_w47
6682    40    48   BTC      0.1   4.02G    4.02 S       13d21h           0      3      0      0 WARN     AOP    BTC    ?                          ?                      ZSD_H_WMP_UPL_POST_SLS       /usr/sap/AOP/D40/work/dev_w48
6683    40    49   BTC      0.1   5.92G    5.92 S       13d21h           0      0      0      0 CRIT     AOP    BTC    ?                          ?                      ZSD_MN_SOIDMS                /usr/sap/AOP/D40/work/dev_w49
6684    40    50   BTC      1.6   3.66G    3.66 S       13d21h          14     26      1     14 WARN     AOP    BTC    ?                          ?                      ZSD_MN_SOIDMS                /usr/sap/AOP/D40/work/dev_w50
6685    40    51   BTC      0.1   5.27G    5.27 S       13d21h           0      7      4      0 WARN     AOP    BTC    ?                          ?                      ZEWM_MN_OUTBOUND_APT_SAP_DMO /usr/sap/AOP/D40/work/dev_w51

RABAX Terbanyak
Description : diurutkan berdasarkan jumlah RABAX (desc), tiebreak SXPG (desc), JOB (desc).
PID     INST  WP   TYPE    RABAX   SXPG  RXMSG    JOB CLASS  ABAP Program               ErrorCode              JobName                      LOG
6707    40    73   ?          85      1      0      3 WARN   ZCL_ZCA_REST_OUTBOUND_LOG= DBSQL_DUPLICATE_KEY_ER RM07MLBB                     /usr/sap/AOP/D40/work/dev_w73
16717   40    63   BTC        56      1     56     25 WARN   SAPLORFC                   CALL_FUNCTION_SEND_ERR ZEWM_MN_OUTBOUND_APT_SAP_DMO /usr/sap/AOP/D40/work/dev_w63
103059  40    112  DIA        42      6     42     30 OK     RFLQ_ASSIGN_REL            SYSTEM_ABAP_ACCESS_DEN ZFI_D_PRT_INB_SUBMIRO_SSC    /usr/sap/AOP/D40/work/dev_w112
6725    40    90   ?          28     12     28     18 WARN   ZCL_ZCA_REST_OUTBOUND_LOG= DBSQL_DUPLICATE_KEY_ER SATC_WATCHDOG                /usr/sap/AOP/D40/work/dev_w90
6717    40    82   ?          28      4     28     12 WARN   CL_SALV_BS_RUNTIME_INFO=== MEMORY_NO_MORE_PAGING  ZCO_D_ZMB51_IKP_RAWMAT       /usr/sap/AOP/D40/work/dev_w82
6724    40    89   ?          25      8     25     26 WARN   ZLOBE_AFTER_CONFIRM        DBSQL_SQL_DEADLOCK_DET Z_D_COGI_1201                /usr/sap/AOP/D40/work/dev_w89
6712    40    77   ?          14     27     14      2 WARN   CL_SALV_COLUMNS=========== UNCAUGHT_EXCEPTION     ZSD_H_CBD_PENDING            /usr/sap/AOP/D40/work/dev_w77
6684    40    50   BTC        14     26     14      1 WARN   ?                          ?                      ZSD_MN_SOIDMS                /usr/sap/AOP/D40/work/dev_w50
19437   40    81   ?          14     12     14      9 OK     ZCL_ZCA_REST_OUTBOUND_LOG= DBSQL_DUPLICATE_KEY_ER /IWBEP/QUERY_RESULT_LOG_CLEA /usr/sap/AOP/D40/work/dev_w81
6718    40    83   ?          14      6     14     18 WARN   ?                          ?                      ZFI_D_PRT_OUT_OPEN_TDY_1000  /usr/sap/AOP/D40/work/dev_w83

snapshot @ 2026-01-29 10:10:59 WIB
================================================================================
Hostname             : AOPH3PAPPDC
OS                   : SUSE Linux Enterprise Server 15 SP3
Uptime               : 13 days 21 hours 58 minutes
vCPU                 : 28
IP address           : eth0=10.14.55.81
Logged-in            : 1 user(s), 1 session(s)
================================================================================
Metrics:
  - CPU usage         : 16.28% used, 83.72% idle
  - Load (15m)        : L15=2.66, vCPU=28, r=0.10 | LA 3.38/3.01/2.66 | Status=OK
  - Memory            : used 54.9G (45.1%), free 55.1G / 121.7G | Status=OK
  - Swap IO           : si/so 0/0 p/s | Status=OK
  - Total WP Running : 3
  - Total WP Standby : 132
  - Total WP Critical: 1
  - Total WP OK      : 76
  - Total WP Dialog  : 30
  - Total WP BTC     : 25
  - Total WP UPD     : 3
================================================================================

## WP-SCOUT @ AOPH3PAPPDC  SID=AOP  INSTS=50  TS=2026-01-29 10:11:07 WIB

CPU Tertinggi
Description : diurutkan berdasarkan CPU(%), menurun; tiebreak: RSS(GB) & AGE.
PID     INST  WP   TYPE  CPU(%)     MEM RSS(GB) STATE   AGE          RABAX   SXPG    JOB  RXMSG CLASS    SID    TYPE   ABAP Program               ErrorCode              JobName                      LOG
86981   50    116  DIA     13.3   2.97G    2.97 S       19h28m          73      3      8     73 CRIT     AOP    DIA    ZMPUE_OUTSTANDING_GR_LIST  SAPSQL_DATA_LOSS       ZSD_H_INBOUND_RETUR_ALLOC_AP /usr/sap/AOP/D50/work/dev_w116
91439   50    64   BTC     10.6   2.33G    2.33 R       13d4h           70      4     12     70 WARN     AOP    BTC    ZCL_ZCA_REST_OUTBOUND_LOG= DBSQL_DUPLICATE_KEY_ER ZSD_H_POST_CBD_B2B_SFA_FREES /usr/sap/AOP/D50/work/dev_w64
9078    50    92   DIA      6.4   2.41G    2.41 S       1d17h           14     11      9     14 WARN     AOP    DIA    ZCL_ZCA_REST_OUTBOUND_LOG= DBSQL_DUPLICATE_KEY_ER ZEWM_MN_OUTBOUND_APT_SAP_DMO /usr/sap/AOP/D50/work/dev_w92
5562    50    89   ?        5.9   2.97G    2.97 S       13d21h          70     14      2     70 WARN     AOP    ?      ZCL_ZCA_REST_OUTBOUND_LOG= DBSQL_DUPLICATE_KEY_ER ZSD_MN_INBOUND_CUS_B2C       /usr/sap/AOP/D50/work/dev_w89
119452  50    77   ?        5.7   1.74G    1.74 S       5d19h           28      1      1     28 OK       AOP    ?      ?                          ?                      SXCO_TRC_DELETE_TRACES       /usr/sap/AOP/D50/work/dev_w77
5558    50    85   ?        5.4   2.07G    2.07 S       13d21h          70      9      6     70 WARN     AOP    ?      ZCL_ZCA_REST_OUTBOUND_LOG= DBSQL_DUPLICATE_KEY_ER ZSD_H_INBOUND_RETUR_ALLOC_AP /usr/sap/AOP/D50/work/dev_w85
91631   50    94   DIA      5.3   2.44G    2.44 S       2h14m            0      4      0      0 OK       AOP    DIA    SAPLQOWK                   CALL_FUNCTION_SEND_ERR ZSD_MN_WH_BILLING_VF04       /usr/sap/AOP/D50/work/dev_w94
20221   50    121  DIA      4.8   3.56G    3.56 S       43m              0     11      0      0 OK       AOP    DIA    ZVSLR_ORDER_TRACKING3      TIME_OUT               ?                            /usr/sap/AOP/D50/work/dev_w121
90412   50    109  DIA      4.7   2.82G    2.82 S       2h19m            0     24      0      0 OK       AOP    DIA    ZCL_ZCA_REST_OUTBOUND_LOG= DBSQL_DUPLICATE_KEY_ER R_JR_BTCJOBS_GENERATOR       /usr/sap/AOP/D50/work/dev_w109
119453  50    79   ?        4.4   2.04G    2.04 S       5d19h           42      7      0     42 OK       AOP    ?      ZCL_ZCA_REST_OUTBOUND_LOG= DBSQL_DUPLICATE_KEY_ER ZSD_D_WEB_SAP_REALISASI_IN   /usr/sap/AOP/D50/work/dev_w79

Memory Tertinggi (RSS)
Description : diurutkan berdasarkan RSS(GB), menurun; tiebreak: CPU(%).
PID     INST  WP   TYPE  CPU(%)     MEM RSS(GB) STATE   AGE          RABAX   SXPG    JOB  RXMSG CLASS    SID    TYPE   ABAP Program               ErrorCode              JobName                      LOG
15796   50    122  DIA      3.9   4.58G    4.58 S       4h10m            0      5      0      0 WARN     AOP    DIA    ?                          ?                      ?                            /usr/sap/AOP/D50/work/dev_w122
41826   50    97   DIA      1.1   4.54G    4.54 S       20h36m           0      0      0      0 WARN     AOP    DIA    /SPE/SAPLCROSS_DLVRY_HU    POSTING_ILLEGAL_STATEM ZFI_D_PRT_INB_SUBMIRO_SSC    /usr/sap/AOP/D50/work/dev_w97
19465   50    37   ?        1.0   4.39G    4.39 S       11h2m            0      0      0      0 WARN     AOP    ?      ZVSLE_UPLOAD_CLAIM_MD      TIME_OUT               ?                            /usr/sap/AOP/D50/work/dev_w37
34103   50    112  DIA      3.0   4.32G    4.32 S       3h42m            0      0      0      0 WARN     AOP    DIA    ZCL_ZCA_REST_OUTBOUND_LOG= DBSQL_DUPLICATE_KEY_ER ZEWM_MN_OUTBOUND_APT_SAP_DMO /usr/sap/AOP/D50/work/dev_w112
48260   50    10   ?        0.2   4.17G    4.17 S       17h8m            0      0      0      0 WARN     AOP    ?      ?                          ?                      ?                            /usr/sap/AOP/D50/work/dev_w10
16423   50    105  DIA      0.9   4.07G    4.07 S       21h13m           0      0      0      0 WARN     AOP    DIA    ZVSLI_PAYMENT_REQUEST      CALL_FUNCTION_CONFLICT ZFI_D_PRT_INB_MIRO_SSC       /usr/sap/AOP/D50/work/dev_w105
74654   50    96   DIA      1.1   3.90G    3.90 S       16h24m           0      0      0      0 OK       AOP    DIA    ZCL_ZCA_REST_OUTBOUND_LOG= DBSQL_DUPLICATE_KEY_ER ZPP_H_MASSGR_ERROR_VIN       /usr/sap/AOP/D50/work/dev_w96
74068   50    106  DIA      1.8   3.72G    3.72 S       16h26m           0     15      0      0 OK       AOP    DIA    ZCL_ZCA_REST_OUTBOUND_LOG= DBSQL_DUPLICATE_KEY_ER SAPMZMIM_GENR_INBOUNDDEL     /usr/sap/AOP/D50/work/dev_w106
109991  50    93   DIA      2.2   3.59G    3.59 S       1h49m            0      0      0      0 OK       AOP    DIA    ZCL_ZCA_REST_OUTBOUND_LOG= DBSQL_DUPLICATE_KEY_ER ZMM_D_REPORTPO_MTM           /usr/sap/AOP/D50/work/dev_w93
96042   50    95   DIA      1.6   3.57G    3.57 S       12h29m           0      0      0      0 OK       AOP    DIA    ZLOBE_AFTER_CONFIRM        DBSQL_SQL_DEADLOCK_DET ZEWM_MN_OUTBOUND_APT_SAP_DMO /usr/sap/AOP/D50/work/dev_w95

Running Terlama
Description : diurutkan berdasarkan AGE (durasi hidup WP), menurun.
PID     INST  WP   TYPE  CPU(%)     MEM RSS(GB) STATE   AGE          RABAX   SXPG    JOB  RXMSG CLASS    SID    TYPE   ABAP Program               ErrorCode              JobName                      LOG
5473    50    0    ?        0.0   2.40G    2.40 S       13d21h           0      1      0      0 WARN     AOP    ?      ?                          ?                      ?                            /usr/sap/AOP/D50/work/dev_w0
5514    50    41   BTC      0.5   1.17G    1.17 S       13d21h           0      0      0      0 WARN     AOP    BTC    ZMPUE_OUTSTANDING_GR_LIST  SAPSQL_DATA_LOSS       ZSD_MN_SOIDMS                /usr/sap/AOP/D50/work/dev_w41
5516    50    43   BTC      0.8    891M    0.87 S       13d21h           0      9      1      0 WARN     AOP    BTC    ZCL_ZCA_REST_OUTBOUND_LOG= DBSQL_DUPLICATE_KEY_ER R_JR_BTCJOBS_GENERATOR       /usr/sap/AOP/D50/work/dev_w43
5517    50    44   BTC      0.5   1.50G    1.50 S       13d21h           0      0      2      0 WARN     AOP    BTC    ZCL_ZCA_REST_OUTBOUND_LOG= DBSQL_DUPLICATE_KEY_ER ZBAS_D_OUT_API_IAM_SAP_LOGIN /usr/sap/AOP/D50/work/dev_w44
5518    50    45   BTC      0.4   1.13G    1.13 S       13d21h           0      0      0      0 WARN     AOP    BTC    ?                          ?                      ZPP_H_REPROCESS_CONF_BKIT_CD /usr/sap/AOP/D50/work/dev_w45
5519    50    46   BTC      0.3   1.21G    1.21 S       13d21h          14      3      0     14 WARN     AOP    BTC    ?                          ?                      ZEWM_MN_OUTBOUND_APT_SAP_DMO /usr/sap/AOP/D50/work/dev_w46
5521    50    48   BTC      1.2   1.50G    1.50 S       13d21h           0      2      0      0 WARN     AOP    BTC    ?                          ?                      ZFI_D_PRT_OUT_OPEN_TDY       /usr/sap/AOP/D50/work/dev_w48
5524    50    51   BTC      0.7   1.22G    1.22 S       13d21h           0      1      1      0 WARN     AOP    BTC    ZVCMR_H2H_CREDIT_LIMIT     IMPORT_WRONG_END_POS   ZFI_D_H2H_CREDITLIMIT        /usr/sap/AOP/D50/work/dev_w51
5526    50    53   BTC      1.4   1.53G    1.53 S       13d21h           0     14      0      0 WARN     AOP    BTC    /SCWM/SAPLMON_REFRESH      CALL_FUNCTION_SEND_ERR ZEWM_MN_OUTBOUND_APT_SAP_DMO /usr/sap/AOP/D50/work/dev_w53
5538    50    65   ?        0.0    973M    0.95 S       13d21h           0      0      0      0 WARN     AOP    ?      SAPLCOFW                   MESSAGE_TYPE_X         ?                            /usr/sap/AOP/D50/work/dev_w65

RABAX Terbanyak
Description : diurutkan berdasarkan jumlah RABAX (desc), tiebreak SXPG (desc), JOB (desc).
PID     INST  WP   TYPE    RABAX   SXPG  RXMSG    JOB CLASS  ABAP Program               ErrorCode              JobName                      LOG
5559    50    86   ?         156      2      0      2 WARN   ZLOBE_AFTER_CONFIRM        DBSQL_SQL_DEADLOCK_DET ZSD_H_INBOUND_RETUR_ALLOC_AP /usr/sap/AOP/D50/work/dev_w86
73891   50    6    ?          85      3      0      0 OK     SAPLSPO1                   DYNPRO_SEND_IN_BACKGRO ?                            /usr/sap/AOP/D50/work/dev_w6
86981   50    116  DIA        73      3     73      8 CRIT   ZMPUE_OUTSTANDING_GR_LIST  SAPSQL_DATA_LOSS       ZSD_H_INBOUND_RETUR_ALLOC_AP /usr/sap/AOP/D50/work/dev_w116
5562    50    89   ?          70     14     70      2 WARN   ZCL_ZCA_REST_OUTBOUND_LOG= DBSQL_DUPLICATE_KEY_ER ZSD_MN_INBOUND_CUS_B2C       /usr/sap/AOP/D50/work/dev_w89
5558    50    85   ?          70      9     70      6 WARN   ZCL_ZCA_REST_OUTBOUND_LOG= DBSQL_DUPLICATE_KEY_ER ZSD_H_INBOUND_RETUR_ALLOC_AP /usr/sap/AOP/D50/work/dev_w85
91439   50    64   BTC        70      4     70     12 WARN   ZCL_ZCA_REST_OUTBOUND_LOG= DBSQL_DUPLICATE_KEY_ER ZSD_H_POST_CBD_B2B_SFA_FREES /usr/sap/AOP/D50/work/dev_w64
5560    50    87   ?          56      5     56      8 WARN   ZCL_ZCA_REST_OUTBOUND_LOG= DBSQL_DUPLICATE_KEY_ER ZSD_H_INBOUND_FEEDBACK_ALLOC /usr/sap/AOP/D50/work/dev_w87
5561    50    88   ?          45     25     45      9 WARN   ZCL_ZCA_REST_OUTBOUND_LOG= DBSQL_DUPLICATE_KEY_ER ZSD_H_IFI_Z_UPD_AOPWEBRPLNS_ /usr/sap/AOP/D50/work/dev_w88
119453  50    79   ?          42      7     42      0 OK     ZCL_ZCA_REST_OUTBOUND_LOG= DBSQL_DUPLICATE_KEY_ER ZSD_D_WEB_SAP_REALISASI_IN   /usr/sap/AOP/D50/work/dev_w79
4457    50    91   DIA        39     25     39     10 OK     ZCL_ZCA_REST_OUTBOUND_LOG= DBSQL_DUPLICATE_KEY_ER ZMM_HD_INV_MOVEMENT_SUM1301_ /usr/sap/AOP/D50/work/dev_w91

snapshot @ 2026-01-29 10:11:08 WIB
================================================================================
Hostname             : AOPH4PAPPDC
OS                   : SUSE Linux Enterprise Server 15 SP3
Uptime               : 13 days 21 hours 57 minutes
vCPU                 : 28
IP address           : eth0=10.14.55.94
Logged-in            : 1 user(s), 1 session(s)
================================================================================
Metrics:
  - CPU usage         : 8.86% used, 91.14% idle
  - Load (15m)        : L15=2.24, vCPU=28, r=0.08 | LA 2.35/2.32/2.24 | Status=OK
  - Memory            : used 53.6G (44.0%), free 58.8G / 121.7G | Status=OK
  - Swap IO           : si/so 0/0 p/s | Status=OK
  - Total WP Running : 2
  - Total WP Standby : 131
  - Total WP Critical: 2
  - Total WP OK      : 57
  - Total WP Dialog  : 29
  - Total WP BTC     : 27
  - Total WP UPD     : 3
================================================================================

## WP-SCOUT @ AOPH4PAPPDC  SID=AOP  INSTS=60  TS=2026-01-29 10:11:15 WIB

CPU Tertinggi
Description : diurutkan berdasarkan CPU(%), menurun; tiebreak: RSS(GB) & AGE.
PID     INST  WP   TYPE  CPU(%)     MEM RSS(GB) STATE   AGE          RABAX   SXPG    JOB  RXMSG CLASS    SID    TYPE   ABAP Program               ErrorCode              JobName                      LOG
68419   60    113  DIA     11.5   3.61G    3.61 S       2h36m            0      8      0      0 WARN     AOP    DIA    SAPLORFC                   CALL_FUNCTION_SEND_ERR ZFI_D_PRT_INB_MIRO_SSC       /usr/sap/AOP/D60/work/dev_w113
80218   60    92   DIA      9.1   4.30G    4.30 S       3d0h             0     28      0      0 WARN     AOP    DIA    ?                          ?                      SAP_MD_BP_TD_TRANSMIT        /usr/sap/AOP/D60/work/dev_w92
41987   60    64   BTC      7.2   4.48G    4.48 S       13d4h           52      2     24     52 WARN     AOP    BTC    ZCL_ZCA_REST_OUTBOUND_LOG= DBSQL_DUPLICATE_KEY_ER ZEWM_MN_OUTBOUND_APT_SAP_DMO /usr/sap/AOP/D60/work/dev_w64
22018   60    114  DIA      5.2   3.78G    3.78 S       9h55m            0     13      0      0 OK       AOP    DIA    ZFGLI_PPH_EBUPOT           BCD_ZERODIVIDE         ZEWM_MN_OUTBOUND_APT_SAP_DMO /usr/sap/AOP/D60/work/dev_w114
11823   60    12   ?        5.1   2.31G    2.31 S       50m              0      2      0      0 OK       AOP    ?      ZCMPR_LOT_DLYPLAN_V3       CONV_EXIT_FIELD_TOO_SH ?                            /usr/sap/AOP/D60/work/dev_w12
12878   60    108  DIA      3.8   3.63G    3.63 S       3h53m            0      2      0      0 OK       AOP    DIA    ZCL_ZCA_REST_OUTBOUND_LOG= DBSQL_DUPLICATE_KEY_ER SAPMZMIM_GENR_INBOUNDDEL     /usr/sap/AOP/D60/work/dev_w108
5565    60    87   ?        3.5   3.53G    3.53 S       13d21h           0     66      0      0 WARN     AOP    ?      ?                          ?                      ZEWM_MN_OUTBOUND_APT_SAP_DMO /usr/sap/AOP/D60/work/dev_w87
18649   60    111  DIA      3.2   4.64G    4.64 R       19h7m            0      2      0      0 WARN     AOP    DIA    /SPE/SAPLCROSS_DLVRY_HU    POSTING_ILLEGAL_STATEM SAPMZMIM_GENR_INBOUNDDEL     /usr/sap/AOP/D60/work/dev_w111
5566    60    88   ?        3.2   5.01G    5.01 S       13d21h          42     28      4     42 WARN     AOP    ?      ZCL_ZCA_REST_OUTBOUND_LOG= DBSQL_DUPLICATE_KEY_ER ZEWM_MN_OUTBOUND_APT_SAP_DMO /usr/sap/AOP/D60/work/dev_w88
61666   60    115  DIA      3.2   3.70G    3.70 R       2h45m            0      0      0      0 OK       AOP    DIA    SAPMZMPU_LT_GI_PTV         DBSQL_DUPLICATE_KEY_ER ZSD_AD_RLB_RETAIL_1507       /usr/sap/AOP/D60/work/dev_w115

Memory Tertinggi (RSS)
Description : diurutkan berdasarkan RSS(GB), menurun; tiebreak: CPU(%).
PID     INST  WP   TYPE  CPU(%)     MEM RSS(GB) STATE   AGE          RABAX   SXPG    JOB  RXMSG CLASS    SID    TYPE   ABAP Program               ErrorCode              JobName                      LOG
5536    60    58   BTC      0.8   5.76G    5.76 S       13d21h          14      1      4     14 CRIT     AOP    BTC    ?                          ?                      RSDRAFT_LIFECYCLE_MANAGER    /usr/sap/AOP/D60/work/dev_w58
5524    60    46   BTC      0.7   5.68G    5.68 S       13d21h           0      1      1      0 CRIT     AOP    BTC    ?                          ?                      SAPMZMIM_GENR_INBOUNDDEL     /usr/sap/AOP/D60/work/dev_w46
5564    60    86   ?        1.6   5.26G    5.26 S       13d21h          14      3     12     14 WARN     AOP    ?      ZCL_ZCA_REST_OUTBOUND_LOG= DBSQL_DUPLICATE_KEY_ER ZBAS_D_OUT_API_IAM_SAP_LOGIN /usr/sap/AOP/D60/work/dev_w86
5566    60    88   ?        3.2   5.01G    5.01 S       13d21h          42     28      4     42 WARN     AOP    ?      ZCL_ZCA_REST_OUTBOUND_LOG= DBSQL_DUPLICATE_KEY_ER ZEWM_MN_OUTBOUND_APT_SAP_DMO /usr/sap/AOP/D60/work/dev_w88
5537    60    59   BTC      0.7   4.99G    4.99 S       13d21h           0      8      0      0 WARN     AOP    BTC    ZCL_TRD_VENDOR_DELIVERY_OU DBSQL_DUPLICATE_KEY_ER ZSD_H_INBOUND_FEEDBACK_ALLOC /usr/sap/AOP/D60/work/dev_w59
5556    60    78   ?        1.8   4.95G    4.95 S       13d21h           0      4      3      0 WARN     AOP    ?      CL_SALV_BS_RUNTIME_INFO=== MEMORY_NO_MORE_PAGING  ZSD_MN_WH_BILLING_VF04       /usr/sap/AOP/D60/work/dev_w78
5533    60    55   BTC      1.8   4.86G    4.86 S       13d21h           0      3      3      0 WARN     AOP    BTC    ?                          ?                      ZSD_MN_SOIDMS                /usr/sap/AOP/D60/work/dev_w55
5540    60    62   BTC      0.6   4.85G    4.85 S       13d21h           0      0      1      0 WARN     AOP    BTC    ?                          ?                      ZSD_MN_SOIDMS                /usr/sap/AOP/D60/work/dev_w62
5551    60    73   ?        0.8   4.85G    4.85 S       13d21h           8      1      1      8 WARN     AOP    ?      ?                          ?                      ZSD_MN_SOIDMS                /usr/sap/AOP/D60/work/dev_w73
5538    60    60   BTC      0.3   4.81G    4.81 S       13d21h           0     23      1      0 WARN     AOP    BTC    CORUAFFW                   DBSQL_STMNT_TOO_LARGE  ZEWM_MN_OUTBOUND_APT_SAP_DMO /usr/sap/AOP/D60/work/dev_w60

Running Terlama
Description : diurutkan berdasarkan AGE (durasi hidup WP), menurun.
PID     INST  WP   TYPE  CPU(%)     MEM RSS(GB) STATE   AGE          RABAX   SXPG    JOB  RXMSG CLASS    SID    TYPE   ABAP Program               ErrorCode              JobName                      LOG
5522    60    44   BTC      0.1   4.67G    4.67 S       13d21h           0      2      1      0 WARN     AOP    BTC    ZCL_TRD_VENDOR_DELIVERY_OU DBSQL_DUPLICATE_KEY_ER R_JR_BTCJOBS_GENERATOR       /usr/sap/AOP/D60/work/dev_w44
5523    60    45   BTC      0.1   3.57G    3.57 S       13d21h          14      1      0     14 WARN     AOP    BTC    ?                          ?                      ZEWM_MN_OUTBOUND_APT_SAP_DMO /usr/sap/AOP/D60/work/dev_w45
5524    60    46   BTC      0.7   5.68G    5.68 S       13d21h           0      1      1      0 CRIT     AOP    BTC    ?                          ?                      SAPMZMIM_GENR_INBOUNDDEL     /usr/sap/AOP/D60/work/dev_w46
5525    60    47   BTC      0.7   4.77G    4.77 S       13d21h           0      0      0      0 WARN     AOP    BTC    ?                          ?                      R_JR_BTCJOBS_GENERATOR       /usr/sap/AOP/D60/work/dev_w47
5526    60    48   BTC      0.1   4.25G    4.25 S       13d21h           0      0      0      0 WARN     AOP    BTC    ?                          ?                      SAPMZMIM_GENR_INBOUNDDEL     /usr/sap/AOP/D60/work/dev_w48
5527    60    49   BTC      0.2   4.48G    4.48 S       13d21h           0      9      1      0 WARN     AOP    BTC    ?                          ?                      ZSD_H_INB_RETALLOC_POST_API  /usr/sap/AOP/D60/work/dev_w49
5528    60    50   BTC      0.6   3.40G    3.40 S       13d21h          13      1      0     13 WARN     AOP    BTC    ?                          ?                      RK_PKOSA_MULTI_CREATE        /usr/sap/AOP/D60/work/dev_w50
5529    60    51   BTC      0.0   3.77G    3.77 S       13d21h           0      2      0      0 WARN     AOP    BTC    ?                          ?                      ZSD_MN_SOIDMS                /usr/sap/AOP/D60/work/dev_w51
5530    60    52   BTC      0.1   3.97G    3.97 S       13d21h           0      0      1      0 WARN     AOP    BTC    ?                          ?                      ZSD_D_OPN_BIL_AWP            /usr/sap/AOP/D60/work/dev_w52
5531    60    53   BTC      1.4   4.03G    4.03 S       13d21h           0      1      1      0 WARN     AOP    BTC    ZCL_TRD_VENDOR_DELIVERY_OU DBSQL_DUPLICATE_KEY_ER SAP_ILM_APPL_ARC_JOB_SCHEDUL /usr/sap/AOP/D60/work/dev_w53

RABAX Terbanyak
Description : diurutkan berdasarkan jumlah RABAX (desc), tiebreak SXPG (desc), JOB (desc).
PID     INST  WP   TYPE    RABAX   SXPG  RXMSG    JOB CLASS  ABAP Program               ErrorCode              JobName                      LOG
13550   60    89   DIA        70      2     70      8 WARN   ZCL_TRD_VENDOR_DELIVERY_OU DBSQL_DUPLICATE_KEY_ER ZCO_D_ZPPROCONF              /usr/sap/AOP/D60/work/dev_w89
5563    60    85   ?          56      6     56      3 WARN   ?                          ?                      ZMM_D_INVCTRL_MTM            /usr/sap/AOP/D60/work/dev_w85
41987   60    64   BTC        52      2     52     24 WARN   ZCL_ZCA_REST_OUTBOUND_LOG= DBSQL_DUPLICATE_KEY_ER ZEWM_MN_OUTBOUND_APT_SAP_DMO /usr/sap/AOP/D60/work/dev_w64
5566    60    88   ?          42     28     42      4 WARN   ZCL_ZCA_REST_OUTBOUND_LOG= DBSQL_DUPLICATE_KEY_ER ZEWM_MN_OUTBOUND_APT_SAP_DMO /usr/sap/AOP/D60/work/dev_w88
5557    60    79   ?          42     18     42      4 WARN   ZCL_ZCA_REST_OUTBOUND_LOG= DBSQL_DUPLICATE_KEY_ER ZEWM_MN_OUTBOUND_APT_SAP_DMO /usr/sap/AOP/D60/work/dev_w79
89894   60    90   DIA        28     34     28      8 OK     ZVCMR_H2H_CREDIT_LIMIT     IMPORT_WRONG_END_POS   ZSD_MN_WH_BILLING_VF04       /usr/sap/AOP/D60/work/dev_w90
5554    60    76   ?          28     30     28      1 WARN   ZCL_TRD_VENDOR_DELIVERY_OU DBSQL_DUPLICATE_KEY_ER ZEWM_MN_OUTBOUND_APT_SAP_DMO /usr/sap/AOP/D60/work/dev_w76
5560    60    82   ?          28      6     28      7 WARN   ZMPUE_OUTSTANDING_GR_LIST  SAPSQL_DATA_LOSS       ZSD_H_IFI_Z_UPD_AOPWEBRPLNS_ /usr/sap/AOP/D60/work/dev_w82
5562    60    84   ?          28      5     28      7 WARN   ZCL_ZCA_REST_OUTBOUND_LOG= DBSQL_DUPLICATE_KEY_ER SAP_ESH_QUERY_LOG_REORG      /usr/sap/AOP/D60/work/dev_w84
5558    60    80   ?          28      2     28      1 WARN   ?                          ?                      ZPP_D_MB51_Z_AWP_GI          /usr/sap/AOP/D60/work/dev_w80

snapshot @ 2026-01-29 10:11:17 WIB
================================================================================
Hostname             : AOPH5PAPPDC
OS                   : SUSE Linux Enterprise Server 15 SP3
Uptime               : 13 days 21 hours 56 minutes
vCPU                 : 28
IP address           : eth0=10.14.55.195
Logged-in            : 1 user(s), 1 session(s)
================================================================================
Metrics:
  - CPU usage         : 3.97% used, 96.03% idle
  - Load (15m)        : L15=1.80, vCPU=28, r=0.06 | LA 0.79/1.55/1.80 | Status=OK
  - Memory            : used 66.1G (54.2%), free 25.5G / 121.8G | Status=OK
  - Swap IO           : si/so 0/0 p/s | Status=OK
  - Total WP Running : 2
  - Total WP Standby : 129
  - Total WP Critical: 1
  - Total WP OK      : 54
  - Total WP Dialog  : 26
  - Total WP BTC     : 26
  - Total WP UPD     : 3
================================================================================

## WP-SCOUT @ AOPH5PAPPDC  SID=AOP  INSTS=70  TS=2026-01-29 10:11:27 WIB

CPU Tertinggi
Description : diurutkan berdasarkan CPU(%), menurun; tiebreak: RSS(GB) & AGE.
PID     INST  WP   TYPE  CPU(%)     MEM RSS(GB) STATE   AGE          RABAX   SXPG    JOB  RXMSG CLASS    SID    TYPE   ABAP Program               ErrorCode              JobName                      LOG
29366   70    64   BTC      7.9   3.83G    3.83 S       13d4h           28     47      0     28 WARN     AOP    BTC    ZCL_ZCA_REST_OUTBOUND_LOG= DBSQL_DUPLICATE_KEY_ER ZBAS_D_OUT_API_IAM_SAP_LOGIN /usr/sap/AOP/D70/work/dev_w64
28547   70    114  DIA      6.0   6.19G    6.19 R       17h44m           0      1      0      0 CRIT     AOP    DIA    SAPLORFC                   CALL_FUNCTION_SEND_ERR ZFI_D_BILLING_DUE_V1_BDL_080 /usr/sap/AOP/D70/work/dev_w114
2593    70    95   DIA      4.4   5.02G    5.02 S       2d3h             0      0      0      0 WARN     AOP    DIA    SAPLORFC                   CALL_FUNCTION_SEND_ERR ZPP_H_MASSGR_ERROR_VIN       /usr/sap/AOP/D70/work/dev_w95
5299    70    82   ?        3.4   3.62G    3.62 S       13d21h          28     31      0     28 WARN     AOP    ?      ZCL_ZCA_REST_OUTBOUND_LOG= DBSQL_DUPLICATE_KEY_ER ZEWM_MN_OUTBOUND_APT_SAP_DMO /usr/sap/AOP/D70/work/dev_w82
5302    70    85   ?        3.4   3.46G    3.46 S       13d21h          21     52      0     21 WARN     AOP    ?      ZCL_ZCA_REST_OUTBOUND_LOG= DBSQL_DUPLICATE_KEY_ER ZEWM_MN_OUTBOUND_APT_SAP_DMO /usr/sap/AOP/D70/work/dev_w85
5308    70    91   ?        3.3   3.77G    3.77 S       13d21h          42     36      0     42 WARN     AOP    ?      ZCL_ZCA_REST_OUTBOUND_LOG= DBSQL_DUPLICATE_KEY_ER ZSD_H_INBOUND_FEEDBACK_ALLOC /usr/sap/AOP/D70/work/dev_w91
20456   70    100  DIA      3.1   4.68G    4.68 S       23h48m           0      0      0      0 WARN     AOP    DIA    ZVCMR_H2H_CREDIT_LIMIT     IMPORT_WRONG_END_POS   ZEWM_MN_OUTBOUND_APT_SAP_DMO /usr/sap/AOP/D70/work/dev_w100
5293    70    76   ?        3.0   3.26G    3.26 S       13d21h          28      7      0     28 WARN     AOP    ?      ZVSLI_PAYMENT_REQUEST      CALL_FUNCTION_CONFLICT ZSD_MN_SOIDMS                /usr/sap/AOP/D70/work/dev_w76
5303    70    86   ?        3.0   4.96G    4.96 R       13d21h          42     29      0     42 WARN     AOP    ?      ZCL_ZCA_REST_OUTBOUND_LOG= DBSQL_DUPLICATE_KEY_ER ZEWM_MN_OUTBOUND_APT_SAP_DMO /usr/sap/AOP/D70/work/dev_w86
5306    70    89   ?        2.9   3.52G    3.52 S       13d21h          38     35      0     38 WARN     AOP    ?      ?                          ?                      ZEWM_MN_OUTBOUND_APT_SAP_DMO /usr/sap/AOP/D70/work/dev_w89

Memory Tertinggi (RSS)
Description : diurutkan berdasarkan RSS(GB), menurun; tiebreak: CPU(%).
PID     INST  WP   TYPE  CPU(%)     MEM RSS(GB) STATE   AGE          RABAX   SXPG    JOB  RXMSG CLASS    SID    TYPE   ABAP Program               ErrorCode              JobName                      LOG
28547   70    114  DIA      6.0   6.19G    6.19 R       17h44m           0      1      0      0 CRIT     AOP    DIA    SAPLORFC                   CALL_FUNCTION_SEND_ERR ZFI_D_BILLING_DUE_V1_BDL_080 /usr/sap/AOP/D70/work/dev_w114
19498   70    104  DIA      1.4   5.15G    5.15 S       19h54m           0      0      0      0 WARN     AOP    DIA    SAPLORFC                   CALL_FUNCTION_SEND_ERR /IWFND/APPL_LOG_CLEANUP      /usr/sap/AOP/D70/work/dev_w104
2593    70    95   DIA      4.4   5.02G    5.02 S       2d3h             0      0      0      0 WARN     AOP    DIA    SAPLORFC                   CALL_FUNCTION_SEND_ERR ZPP_H_MASSGR_ERROR_VIN       /usr/sap/AOP/D70/work/dev_w95
5271    70    54   BTC      2.0   5.02G    5.02 S       13d21h          14     26      0     14 WARN     AOP    BTC    ZLOBE_AFTER_CONFIRM        DBSQL_SQL_DEADLOCK_DET ZSD_D_INT_MRS_SLS_SND        /usr/sap/AOP/D70/work/dev_w54
5303    70    86   ?        3.0   4.96G    4.96 R       13d21h          42     29      0     42 WARN     AOP    ?      ZCL_ZCA_REST_OUTBOUND_LOG= DBSQL_DUPLICATE_KEY_ER ZEWM_MN_OUTBOUND_APT_SAP_DMO /usr/sap/AOP/D70/work/dev_w86
5291    70    74   ?        1.5   4.88G    4.88 S       13d21h          14      3      0     14 WARN     AOP    ?      ZVCMR_H2H_CREDIT_LIMIT     IMPORT_WRONG_END_POS   ZSD_H_INBOUND_FEEDBACK_ALLOC /usr/sap/AOP/D70/work/dev_w74
5263    70    46   BTC      0.9   4.87G    4.87 S       13d21h           0     25      0      0 WARN     AOP    BTC    ZCL_ZCA_REST_OUTBOUND_LOG= DBSQL_DUPLICATE_KEY_ER ZEWM_MN_OUTBOUND_APT_SAP_DMO /usr/sap/AOP/D70/work/dev_w46
19943   70    117  DIA      1.5   4.82G    4.82 S       4h11m            0     10      0      0 WARN     AOP    DIA    ZCL_ZCA_REST_OUTBOUND_LOG= DBSQL_DUPLICATE_KEY_ER SAPMZMIM_GENR_INBOUNDDEL     /usr/sap/AOP/D70/work/dev_w117
6360    70    116  DIA      2.7   4.80G    4.80 S       1h40m            0      1      0      0 WARN     AOP    DIA    ZCL_ZCA_REST_OUTBOUND_LOG= DBSQL_DUPLICATE_KEY_ER ZEWM_MN_OUTBOUND_APT_SAP_DMO /usr/sap/AOP/D70/work/dev_w116
5289    70    72   ?        2.3   4.74G    4.74 S       13d21h           0      3      0      0 WARN     AOP    ?      ZCL_ZCA_REST_OUTBOUND_LOG= DBSQL_DUPLICATE_KEY_ER ZEWM_MN_OUTBOUND_APT_SAP_DMO /usr/sap/AOP/D70/work/dev_w72

Running Terlama
Description : diurutkan berdasarkan AGE (durasi hidup WP), menurun.
PID     INST  WP   TYPE  CPU(%)     MEM RSS(GB) STATE   AGE          RABAX   SXPG    JOB  RXMSG CLASS    SID    TYPE   ABAP Program               ErrorCode              JobName                      LOG
5256    70    39   BTC      0.6   3.46G    3.46 S       13d21h          28     11      0     28 WARN     AOP    BTC    ZCL_ZCA_REST_OUTBOUND_LOG= DBSQL_DUPLICATE_KEY_ER ZBAS_D_OUT_API_IAM_SAP_LOGIN /usr/sap/AOP/D70/work/dev_w39
5257    70    40   BTC      0.0   2.87G    2.87 S       13d21h          14      0      0     14 WARN     AOP    BTC    ZCL_ZCA_REST_OUTBOUND_LOG= DBSQL_DUPLICATE_KEY_ER ZBAS_D_OUT_API_IAM_SAP_LOGIN /usr/sap/AOP/D70/work/dev_w40
5258    70    41   BTC      0.1   3.35G    3.35 S       13d21h           0      0      0      0 WARN     AOP    BTC    ZCL_ZCA_REST_OUTBOUND_LOG= DBSQL_DUPLICATE_KEY_ER ZBAS_D_OUT_API_IAM_SAP_LOGIN /usr/sap/AOP/D70/work/dev_w41
5259    70    42   BTC      0.0   3.27G    3.27 S       13d21h           0      0      0      0 WARN     AOP    BTC    ?                          ?                      ZEWM_MN_OUTBOUND_APT_SAP_DMO /usr/sap/AOP/D70/work/dev_w42
5260    70    43   BTC      0.2   3.45G    3.45 S       13d21h          14      0      0     14 WARN     AOP    BTC    ?                          ?                      /IWFND/NOTIFICATION_CLEANUP  /usr/sap/AOP/D70/work/dev_w43
5261    70    44   BTC      0.2   3.23G    3.23 S       13d21h           0      0      0      0 WARN     AOP    BTC    ?                          ?                      ZEWM_MN_OUTBOUND_APT_SAP_DMO /usr/sap/AOP/D70/work/dev_w44
5262    70    45   BTC      0.9   3.30G    3.30 S       13d21h           0      0      0      0 WARN     AOP    BTC    ?                          ?                      ZSD_H_INBOUND_FEEDBACK_ALLOC /usr/sap/AOP/D70/work/dev_w45
5263    70    46   BTC      0.9   4.87G    4.87 S       13d21h           0     25      0      0 WARN     AOP    BTC    ZCL_ZCA_REST_OUTBOUND_LOG= DBSQL_DUPLICATE_KEY_ER ZEWM_MN_OUTBOUND_APT_SAP_DMO /usr/sap/AOP/D70/work/dev_w46
5265    70    48   BTC      0.6   3.62G    3.62 S       13d21h           0      0      0      0 WARN     AOP    BTC    ?                          ?                      ZSD_MN_INBOUND_CUS_B2C       /usr/sap/AOP/D70/work/dev_w48
5266    70    49   BTC      0.7   3.08G    3.08 S       13d21h          11      5      0     11 WARN     AOP    BTC    ?                          ?                      ZSD_AD_AOE_BILL_DOM          /usr/sap/AOP/D70/work/dev_w49

RABAX Terbanyak
Description : diurutkan berdasarkan jumlah RABAX (desc), tiebreak SXPG (desc), JOB (desc).
PID     INST  WP   TYPE    RABAX   SXPG  RXMSG    JOB CLASS  ABAP Program               ErrorCode              JobName                      LOG
5307    70    90   ?          74      8     74      0 WARN   ZCL_ZCA_REST_OUTBOUND_LOG= DBSQL_DUPLICATE_KEY_ER ZSD_MN_SOIDMS                /usr/sap/AOP/D70/work/dev_w90
5305    70    88   ?          46     34     46      0 WARN   ?                          ?                      ZSD_H_WMP_UPL_POST_SLS       /usr/sap/AOP/D70/work/dev_w88
5308    70    91   ?          42     36     42      0 WARN   ZCL_ZCA_REST_OUTBOUND_LOG= DBSQL_DUPLICATE_KEY_ER ZSD_H_INBOUND_FEEDBACK_ALLOC /usr/sap/AOP/D70/work/dev_w91
5303    70    86   ?          42     29     42      0 WARN   ZCL_ZCA_REST_OUTBOUND_LOG= DBSQL_DUPLICATE_KEY_ER ZEWM_MN_OUTBOUND_APT_SAP_DMO /usr/sap/AOP/D70/work/dev_w86
5298    70    81   ?          42     13     42      0 WARN   ZCL_TRD_VENDOR_DELIVERY_OU DBSQL_DUPLICATE_KEY_ER ZFI_D_PRT_INB_SUBMIRO_SSC    /usr/sap/AOP/D70/work/dev_w81
5304    70    87   ?          42      5     42      0 WARN   ZCL_ZCA_REST_OUTBOUND_LOG= DBSQL_DUPLICATE_KEY_ER ZEWM_MN_OUTBOUND_APT_SAP_DMO /usr/sap/AOP/D70/work/dev_w87
5306    70    89   ?          38     35     38      0 WARN   ?                          ?                      ZEWM_MN_OUTBOUND_APT_SAP_DMO /usr/sap/AOP/D70/work/dev_w89
29366   70    64   BTC        28     47     28      0 WARN   ZCL_ZCA_REST_OUTBOUND_LOG= DBSQL_DUPLICATE_KEY_ER ZBAS_D_OUT_API_IAM_SAP_LOGIN /usr/sap/AOP/D70/work/dev_w64
5299    70    82   ?          28     31     28      0 WARN   ZCL_ZCA_REST_OUTBOUND_LOG= DBSQL_DUPLICATE_KEY_ER ZEWM_MN_OUTBOUND_APT_SAP_DMO /usr/sap/AOP/D70/work/dev_w82
5301    70    84   ?          28     13     28      0 WARN   ZCL_ZCA_REST_OUTBOUND_LOG= DBSQL_DUPLICATE_KEY_ER ZMM_D_ERP_OUTBND_GRPO_0103   /usr/sap/AOP/D70/work/dev_w84

