snapshot @ 2026-01-29 03:30:45 WIB
================================================================================
Hostname             : AOPH1PAPPDC
OS                   : SUSE Linux Enterprise Server 15 SP3
Uptime               : 13 days 15 hours 35 minutes
vCPU                 : 28
IP address           : eth0=10.14.55.78
Logged-in            : 2 user(s), 3 session(s)
================================================================================
Metrics:
  - CPU usage         : 19.19% used, 80.81% idle
  - Load (15m)        : L15=6.92, vCPU=28, r=0.25 | LA 5.69/6.75/6.92 | Status=OK
  - Memory            : used 64.9G (53.3%), free 27.0G / 121.7G | Status=OK
  - Swap IO           : si/so 0/0 p/s | Status=OK
  - Total WP Running : 6
  - Total WP Standby : 126
  - Total WP Critical: 4
  - Total WP OK      : 58
  - Total WP Dialog  : 28
  - Total WP BTC     : 25
  - Total WP UPD     : 3
================================================================================

## WP-SCOUT @ AOPH1PAPPDC  SID=AOP  INSTS=30  TS=2026-01-29 03:30:50 WIB

CPU Tertinggi
Description : diurutkan berdasarkan CPU(%), menurun; tiebreak: RSS(GB) & AGE.
PID     INST  WP   TYPE  CPU(%)     MEM RSS(GB) STATE   AGE          RABAX   SXPG    JOB  RXMSG CLASS    SID    TYPE   ABAP Program               ErrorCode              JobName                      LOG
61997   30    108  DIA     18.5   1.72G    1.72 S       8h5m            36      4     17     36 CRIT     AOP    DIA    ZFARR_INV_LIST_REPORT      TIME_OUT               R_JR_BTCJOBS_GENERATOR       /usr/sap/AOP/D30/work/dev_w108
28622   30    96   DIA     17.8   3.28G    3.28 S       13h5m           14     12     10     14 CRIT     AOP    DIA    SAPLORFC                   CALL_FUNCTION_SEND_ERR ZFI_D_CN_SAP_AUTO            /usr/sap/AOP/D30/work/dev_w96
95439   30    110  DIA     17.2   5.00G    5.00 R       11h29m          56      6     16     56 CRIT     AOP    DIA    ZCL_ZCA_REST_OUTBOUND_LOG= DBSQL_DUPLICATE_KEY_ER ZEWM_MN_OUTBOUND_APT_SAP_DMO /usr/sap/AOP/D30/work/dev_w110
75437   30    119  BTC     10.8   3.83G    3.83 S       1d10h           42      8     11     42 WARN     AOP    BTC    SAPLORFC                   CALL_FUNCTION_SEND_ERR R_JR_BTCJOBS_GENERATOR       /usr/sap/AOP/D30/work/dev_w119
16753   30    99   DIA     10.5   3.60G    3.60 S       16h38m          14     39      6     14 WARN     AOP    DIA    SAPLORFC                   CALL_FUNCTION_SEND_ERR ZPP_H_MASSGR_ERROR_VIN       /usr/sap/AOP/D30/work/dev_w99
97973   30    118  DIA      8.8   4.15G    4.15 S       1d16h           28     17     15     28 WARN     AOP    DIA    ZCL_ZCA_REST_OUTBOUND_LOG= DBSQL_DUPLICATE_KEY_ER ZEWM_MN_OUTBOUND_APT_SAP_DMO /usr/sap/AOP/D30/work/dev_w118
112141  30    98   DIA      8.2   3.77G    3.77 R       14h12m          42     29      5     42 WARN     AOP    DIA    /SPE/SAPLCROSS_DLVRY_HU    POSTING_ILLEGAL_STATEM R_JR_BTCJOBS_GENERATOR       /usr/sap/AOP/D30/work/dev_w98
15173   30    107  DIA      7.3   3.04G    3.04 R       10h12m          42     28      1     42 WARN     AOP    DIA    ZCL_ZCA_REST_OUTBOUND_LOG= DBSQL_DUPLICATE_KEY_ER ZEWM_MN_OUTBOUND_APT_SAP_DMO /usr/sap/AOP/D30/work/dev_w107
75511   30    101  DIA      7.0   2.27G    2.27 S       1d4h            56      9      7     56 WARN     AOP    DIA    ZCL_ZCA_REST_OUTBOUND_LOG= DBSQL_DUPLICATE_KEY_ER ZEWM_MN_OUTBOUND_APT_SAP_DMO /usr/sap/AOP/D30/work/dev_w101
17292   30    64   BTC      6.8   5.37G    5.37 S       12d21h         113      1      9     28 WARN     AOP    BTC    ZCL_ZCA_REST_OUTBOUND_LOG= DBSQL_DUPLICATE_KEY_ER R_JR_BTCJOBS_GENERATOR       /usr/sap/AOP/D30/work/dev_w64

Memory Tertinggi (RSS)
Description : diurutkan berdasarkan RSS(GB), menurun; tiebreak: CPU(%).
PID     INST  WP   TYPE  CPU(%)     MEM RSS(GB) STATE   AGE          RABAX   SXPG    JOB  RXMSG CLASS    SID    TYPE   ABAP Program               ErrorCode              JobName                      LOG
8751    30    59   BTC      1.0   5.62G    5.62 S       13d15h           0      3      0      0 CRIT     AOP    BTC    ?                          ?                      RK_PKOSA_MULTI_CREATE        /usr/sap/AOP/D30/work/dev_w59
8748    30    56   BTC      1.4   5.46G    5.46 S       13d15h           0      0      0      0 WARN     AOP    BTC    ?                          ?                      ZSD_MN_SOIDMS                /usr/sap/AOP/D30/work/dev_w56
17292   30    64   BTC      6.8   5.37G    5.37 S       12d21h         113      1      9     28 WARN     AOP    BTC    ZCL_ZCA_REST_OUTBOUND_LOG= DBSQL_DUPLICATE_KEY_ER R_JR_BTCJOBS_GENERATOR       /usr/sap/AOP/D30/work/dev_w64
8772    30    80   ?        2.6   5.17G    5.17 S       13d15h          85     30      1      0 WARN     AOP    ?      ZCL_ZCA_REST_OUTBOUND_LOG= DBSQL_DUPLICATE_KEY_ER ZMM_HD_INV_MOVEMENT_SUM1022_ /usr/sap/AOP/D30/work/dev_w80
832     30    55   BTC      2.5   5.15G    5.15 S       13d10h           0      1      1      0 WARN     AOP    BTC    ?                          ?                      ZEWM_MN_OUTBOUND_APT_SAP_DMO /usr/sap/AOP/D30/work/dev_w55
95439   30    110  DIA     17.2   5.00G    5.00 R       11h29m          56      6     16     56 CRIT     AOP    DIA    ZCL_ZCA_REST_OUTBOUND_LOG= DBSQL_DUPLICATE_KEY_ER ZEWM_MN_OUTBOUND_APT_SAP_DMO /usr/sap/AOP/D30/work/dev_w110
8768    30    76   ?        1.8   4.80G    4.80 S       13d15h          28     13      4     28 WARN     AOP    ?      ZVCMR_H2H_CREDIT_LIMIT     IMPORT_WRONG_END_POS   ZMM_HD_INV_MOVEMENT_DET1021_ /usr/sap/AOP/D30/work/dev_w76
8782    30    90   DIA      2.9   4.77G    4.77 S       13d15h          60      4      9     42 WARN     AOP    DIA    ZCL_ZCA_REST_OUTBOUND_LOG= DBSQL_DUPLICATE_KEY_ER ZSD_H_WMP_UPL_POST_SLS       /usr/sap/AOP/D30/work/dev_w90
8766    30    74   ?        2.2   4.47G    4.47 S       13d15h          42      2      7     42 WARN     AOP    ?      ZCL_ZCA_REST_OUTBOUND_LOG= DBSQL_DUPLICATE_KEY_ER ZMM_H_INBOUND_AOE_POR        /usr/sap/AOP/D30/work/dev_w74
23793   30    97   DIA      2.0   4.42G    4.42 S       16h26m          14     18     15     14 WARN     AOP    DIA    ZCL_ZCA_REST_OUTBOUND_LOG= DBSQL_DUPLICATE_KEY_ER ZSD_H_IFI_Z_UPD_AOPWEBRPLNS_ /usr/sap/AOP/D30/work/dev_w97

Running Terlama
Description : diurutkan berdasarkan AGE (durasi hidup WP), menurun.
PID     INST  WP   TYPE  CPU(%)     MEM RSS(GB) STATE   AGE          RABAX   SXPG    JOB  RXMSG CLASS    SID    TYPE   ABAP Program               ErrorCode              JobName                      LOG
8733    30    42   BTC      0.2   3.54G    3.54 S       13d15h           0      2      0      0 WARN     AOP    BTC    ZVCMR_H2H_CREDIT_LIMIT     IMPORT_WRONG_END_POS   R_JR_BTCJOBS_GENERATOR       /usr/sap/AOP/D30/work/dev_w42
8736    30    45   BTC      0.6   3.81G    3.81 S       13d15h           0      1      3      0 WARN     AOP    BTC    ?                          ?                      ZEWM_MN_OUTBOUND_APT_SAP_DMO /usr/sap/AOP/D30/work/dev_w45
8740    30    49   BTC      0.2   3.81G    3.81 S       13d15h           0     21      2      0 WARN     AOP    BTC    ZCL_ZCA_REST_OUTBOUND_LOG= DBSQL_DUPLICATE_KEY_ER ZFI_D_PRT_OUT_CLR_CUR_FLEET  /usr/sap/AOP/D30/work/dev_w49
8741    30    50   BTC      0.6   3.67G    3.67 S       13d15h           0      0      0      0 WARN     AOP    BTC    ZMIME_DRP_REPLENISHMENT_EW DBSQL_DUPLICATE_KEY_ER ZSD_H_UPLOAD_CBD_B2B_SFA     /usr/sap/AOP/D30/work/dev_w50
8742    30    51   BTC      0.3   4.02G    4.02 S       13d15h          28      0      4     28 WARN     AOP    BTC    ?                          ?                      ZMIM_INV_CONTROL_IKP_D       /usr/sap/AOP/D30/work/dev_w51
8748    30    56   BTC      1.4   5.46G    5.46 S       13d15h           0      0      0      0 WARN     AOP    BTC    ?                          ?                      ZSD_MN_SOIDMS                /usr/sap/AOP/D30/work/dev_w56
8751    30    59   BTC      1.0   5.62G    5.62 S       13d15h           0      3      0      0 CRIT     AOP    BTC    ?                          ?                      RK_PKOSA_MULTI_CREATE        /usr/sap/AOP/D30/work/dev_w59
8757    30    65   ?        0.0   1.36G    1.36 S       13d15h           0      0      0      0 WARN     AOP    ?      ?                          ?                      ?                            /usr/sap/AOP/D30/work/dev_w65
8758    30    66   ?        0.0   1.24G    1.24 S       13d15h           0      0      0      0 WARN     AOP    ?      ?                          ?                      ?                            /usr/sap/AOP/D30/work/dev_w66
8759    30    67   ?        0.0   1.51G    1.51 S       13d15h           0      0      0      0 WARN     AOP    ?      ?                          ?                      ?                            /usr/sap/AOP/D30/work/dev_w67

RABAX Terbanyak
Description : diurutkan berdasarkan jumlah RABAX (desc), tiebreak SXPG (desc), JOB (desc).
PID     INST  WP   TYPE    RABAX   SXPG  RXMSG    JOB CLASS  ABAP Program               ErrorCode              JobName                      LOG
17292   30    64   BTC       113      1     28      9 WARN   ZCL_ZCA_REST_OUTBOUND_LOG= DBSQL_DUPLICATE_KEY_ER R_JR_BTCJOBS_GENERATOR       /usr/sap/AOP/D30/work/dev_w64
8772    30    80   ?          85     30      0      1 WARN   ZCL_ZCA_REST_OUTBOUND_LOG= DBSQL_DUPLICATE_KEY_ER ZMM_HD_INV_MOVEMENT_SUM1022_ /usr/sap/AOP/D30/work/dev_w80
14975   30    103  DIA        85     12      0     18 OK     RFLQ_ASSIGN_REL            SYSTEM_ABAP_ACCESS_DEN ZFI_D_PRT_OUT_OPEN_TDY_0500  /usr/sap/AOP/D30/work/dev_w103
27085   30    43   BTC        85      0      0      1 WARN   ZCL_ZCA_REST_OUTBOUND_LOG= DBSQL_DUPLICATE_KEY_ER ZMM_HD_INV_MOVEMENT_DET1301_ /usr/sap/AOP/D30/work/dev_w43
123438  30    111  DIA        76      4     76      7 OK     SAPLORFC                   CALL_FUNCTION_SEND_ERR ZFI_D_PRT_OUT_OPEN_TDY       /usr/sap/AOP/D30/work/dev_w111
42646   30    112  DIA        70      6     70      4 OK     ZCL_ZCA_REST_OUTBOUND_LOG= DBSQL_DUPLICATE_KEY_ER ZFI_D_PRT_OUT_OPEN_TDY_1100  /usr/sap/AOP/D30/work/dev_w112
124383  30    102  DIA        61      4     61     14 OK     ZVBIR_INQUIRY_LIST_V2      TIME_OUT               R_JR_BTCJOBS_GENERATOR       /usr/sap/AOP/D30/work/dev_w102
8782    30    90   DIA        60      4     42      9 WARN   ZCL_ZCA_REST_OUTBOUND_LOG= DBSQL_DUPLICATE_KEY_ER ZSD_H_WMP_UPL_POST_SLS       /usr/sap/AOP/D30/work/dev_w90
29767   30    100  DIA        56     15     56      9 OK     ZMPUE_OUTSTANDING_GR_LIST  SAPSQL_DATA_LOSS       ZEWM_MN_OUTBOUND_APT_SAP_DMO /usr/sap/AOP/D30/work/dev_w100
55052   30    105  DIA        56     11     56     10 OK     SAPLORFC                   CALL_FUNCTION_SEND_ERR ZFI_D_CN_APM_AUTO            /usr/sap/AOP/D30/work/dev_w105

snapshot @ 2026-01-29 03:30:51 WIB
================================================================================
Hostname             : AOPH2PAPPDC
OS                   : SUSE Linux Enterprise Server 15 SP3
Uptime               : 13 days 15 hours 23 minutes
vCPU                 : 28
IP address           : eth0=10.14.55.79
Logged-in            : 1 user(s), 1 session(s)
================================================================================
Metrics:
  - CPU usage         : 19.47% used, 80.53% idle
  - Load (15m)        : L15=2.53, vCPU=28, r=0.09 | LA 3.27/2.56/2.53 | Status=OK
  - Memory            : used 59.4G (48.8%), free 32.4G / 121.7G | Status=OK
  - Swap IO           : si/so 0/0 p/s | Status=OK
  - Total WP Running : 4
  - Total WP Standby : 128
  - Total WP Critical: 1
  - Total WP OK      : 49
  - Total WP Dialog  : 26
  - Total WP BTC     : 25
  - Total WP UPD     : 3
================================================================================

## WP-SCOUT @ AOPH2PAPPDC  SID=AOP  INSTS=40  TS=2026-01-29 03:30:58 WIB

CPU Tertinggi
Description : diurutkan berdasarkan CPU(%), menurun; tiebreak: RSS(GB) & AGE.
PID     INST  WP   TYPE  CPU(%)     MEM RSS(GB) STATE   AGE          RABAX   SXPG    JOB  RXMSG CLASS    SID    TYPE   ABAP Program               ErrorCode              JobName                      LOG
67514   40    110  DIA      9.9   4.49G    4.49 S       17h14m           0      7     32      0 WARN     AOP    DIA    SAPLME07                   TIME_OUT               SAP_VDM_FND_FSCL_DF_FILL     /usr/sap/AOP/D40/work/dev_w110
16717   40    63   BTC      8.2   4.71G    4.71 S       9d10h           41      2     18     41 WARN     AOP    BTC    SAPLORFC                   CALL_FUNCTION_SEND_ERR ZEWM_MN_OUTBOUND_APT_SAP_DMO /usr/sap/AOP/D40/work/dev_w63
89918   40    101  DIA      7.9   3.05G    3.05 S       11h40m           0      4      5      0 WARN     AOP    DIA    ?                          ?                      ZFI_D_PRT_INB_MIRO_SSC       /usr/sap/AOP/D40/work/dev_w101
127952  40    116  DIA      3.9   1.57G    1.57 R       5h16m           18      0     26     18 OK       AOP    DIA    SAPLORFC                   CALL_FUNCTION_SEND_ERR ZMM_H_INBOUND_MRS_PRR        /usr/sap/AOP/D40/work/dev_w116
6723    40    88   ?        3.4   3.48G    3.48 S       13d15h           0     52      1      0 WARN     AOP    ?      ZCL_ZCA_REST_OUTBOUND_LOG= DBSQL_DUPLICATE_KEY_ER ZSD_H_CBD_PENDING            /usr/sap/AOP/D40/work/dev_w88
6721    40    86   ?        3.3   3.57G    3.57 S       13d15h           0      2      1      0 WARN     AOP    ?      ?                          ?                      ZVSLE_UPDATE_GR_PUT_ALLOC    /usr/sap/AOP/D40/work/dev_w86
6714    40    79   ?        2.7   3.61G    3.61 S       13d15h           0      1      0      0 WARN     AOP    ?      ?                          ?                      ZPP_H_MASSGR_VIN             /usr/sap/AOP/D40/work/dev_w79
6722    40    87   ?        2.6   3.51G    3.51 S       13d15h           0      1      0      0 WARN     AOP    ?      ZCL_ZCA_REST_OUTBOUND_LOG= DBSQL_DUPLICATE_KEY_ER ZSD_MN_INBOUND_CUS_B2C       /usr/sap/AOP/D40/work/dev_w87
38028   40    113  DIA      2.1   3.99G    3.99 S       12h41m           1     17     29      1 OK       AOP    DIA    /SPE/SAPLCROSS_DLVRY_HU    POSTING_ILLEGAL_STATEM ZSD_MN_SOIDMS                /usr/sap/AOP/D40/work/dev_w113
48735   40    114  DIA      2.1   4.20G    4.20 S       15h1m           34      6     35     34 WARN     AOP    DIA    SAPLZVSLT_B2B_ODR          TSV_TNEW_PAGE_ALLOC_FA ZMM_HD_INV_MOVEMENT_SUM1401_ /usr/sap/AOP/D40/work/dev_w114

Memory Tertinggi (RSS)
Description : diurutkan berdasarkan RSS(GB), menurun; tiebreak: CPU(%).
PID     INST  WP   TYPE  CPU(%)     MEM RSS(GB) STATE   AGE          RABAX   SXPG    JOB  RXMSG CLASS    SID    TYPE   ABAP Program               ErrorCode              JobName                      LOG
6683    40    49   BTC      0.1   5.92G    5.92 S       13d15h           0      1      0      0 CRIT     AOP    BTC    ?                          ?                      ZSD_MN_SOIDMS                /usr/sap/AOP/D40/work/dev_w49
6711    40    76   ?        1.5   4.74G    4.74 S       13d15h           0      1      0      0 WARN     AOP    ?      ZCL_TRD_VENDOR_DELIVERY_OU DBSQL_DUPLICATE_KEY_ER Z_D_INV_CTRL_1201_02         /usr/sap/AOP/D40/work/dev_w76
6725    40    90   ?        1.9   4.74G    4.74 S       13d15h           0      1      1      0 WARN     AOP    ?      ZCL_ZCA_REST_OUTBOUND_LOG= DBSQL_DUPLICATE_KEY_ER SATC_WATCHDOG                /usr/sap/AOP/D40/work/dev_w90
16717   40    63   BTC      8.2   4.71G    4.71 S       9d10h           41      2     18     41 WARN     AOP    BTC    SAPLORFC                   CALL_FUNCTION_SEND_ERR ZEWM_MN_OUTBOUND_APT_SAP_DMO /usr/sap/AOP/D40/work/dev_w63
79034   40    57   BTC      0.7   4.71G    4.71 S       13d10h           0      2      0      0 WARN     AOP    BTC    SAPMZMPU_LT_GI_PTV         DBSQL_DUPLICATE_KEY_ER ZSD_MN_SOIDMS                /usr/sap/AOP/D40/work/dev_w57
67514   40    110  DIA      9.9   4.49G    4.49 S       17h14m           0      7     32      0 WARN     AOP    DIA    SAPLME07                   TIME_OUT               SAP_VDM_FND_FSCL_DF_FILL     /usr/sap/AOP/D40/work/dev_w110
49758   40    99   DIA      1.1   4.48G    4.48 S       20h4m           14      2      6     14 WARN     AOP    DIA    SAPDM06Q                   DYNPRO_FIELD_CONVERSIO ZHR_D_OB_POWERPLUS_EMP_AWP   /usr/sap/AOP/D40/work/dev_w99
12998   40    64   BTC      0.7   4.46G    4.46 S       11d17h           0      0      1      0 WARN     AOP    BTC    ?                          ?                      ZSD_MN_SOIDMS                /usr/sap/AOP/D40/work/dev_w64
112290  40    104  DIA      1.2   4.39G    4.39 S       1d10h            0      4     14      0 WARN     AOP    DIA    SAPLORFC                   CALL_FUNCTION_SEND_ERR ZSD_AD_AOE_BILL_DOM          /usr/sap/AOP/D40/work/dev_w104
106569  40    15   ?        0.1   4.38G    4.38 S       5d12h            0     11      0      0 WARN     AOP    ?      /SPE/SAPLCROSS_DLVRY_HU    POSTING_ILLEGAL_STATEM ?                            /usr/sap/AOP/D40/work/dev_w15

Running Terlama
Description : diurutkan berdasarkan AGE (durasi hidup WP), menurun.
PID     INST  WP   TYPE  CPU(%)     MEM RSS(GB) STATE   AGE          RABAX   SXPG    JOB  RXMSG CLASS    SID    TYPE   ABAP Program               ErrorCode              JobName                      LOG
6675    40    41   BTC      0.0   3.71G    3.71 S       13d15h           0      0      0      0 WARN     AOP    BTC    ?                          ?                      ZSD_MN_SOIDMS                /usr/sap/AOP/D40/work/dev_w41
6676    40    42   BTC      0.0   3.96G    3.96 S       13d15h           0      0      0      0 WARN     AOP    BTC    ?                          ?                      ZEWM_MN_OUTBOUND_APT_SAP_DMO /usr/sap/AOP/D40/work/dev_w42
6677    40    43   BTC      0.1   4.32G    4.32 S       13d15h           0      3      0      0 WARN     AOP    BTC    ZCL_ZCA_REST_OUTBOUND_LOG= DBSQL_DUPLICATE_KEY_ER ZSD_H_IFI_Z_UPD_AOPWEBRPLNS_ /usr/sap/AOP/D40/work/dev_w43
6678    40    44   BTC      0.4   3.97G    3.97 S       13d15h           0      0      3      0 WARN     AOP    BTC    ?                          ?                      ZEWM_MN_OUTBOUND_APT_SAP_DMO /usr/sap/AOP/D40/work/dev_w44
6679    40    45   BTC      0.1   4.08G    4.08 S       13d15h          14      0      0     14 WARN     AOP    BTC    ?                          ?                      ZSD_H_IFI_Z_UPD_AOPWEBRPLNS_ /usr/sap/AOP/D40/work/dev_w45
6681    40    47   BTC      0.1   3.77G    3.77 S       13d15h           0      1      1      0 WARN     AOP    BTC    ?                          ?                      ZPP_H_MASSGR_VIN             /usr/sap/AOP/D40/work/dev_w47
6682    40    48   BTC      0.2   4.01G    4.01 S       13d15h           0      1      0      0 WARN     AOP    BTC    ?                          ?                      ZSD_H_WMP_UPL_POST_SLS       /usr/sap/AOP/D40/work/dev_w48
6683    40    49   BTC      0.1   5.92G    5.92 S       13d15h           0      1      0      0 CRIT     AOP    BTC    ?                          ?                      ZSD_MN_SOIDMS                /usr/sap/AOP/D40/work/dev_w49
6684    40    50   BTC      1.6   3.64G    3.64 S       13d15h           0     24      1      0 WARN     AOP    BTC    ?                          ?                      ZSD_MN_SOIDMS                /usr/sap/AOP/D40/work/dev_w50
6685    40    51   BTC      0.1   4.03G    4.03 S       13d15h           0      0      7      0 WARN     AOP    BTC    ?                          ?                      ZEWM_MN_OUTBOUND_APT_SAP_DMO /usr/sap/AOP/D40/work/dev_w51

RABAX Terbanyak
Description : diurutkan berdasarkan jumlah RABAX (desc), tiebreak SXPG (desc), JOB (desc).
PID     INST  WP   TYPE    RABAX   SXPG  RXMSG    JOB CLASS  ABAP Program               ErrorCode              JobName                      LOG
16717   40    63   BTC        41      2     41     18 WARN   SAPLORFC                   CALL_FUNCTION_SEND_ERR ZEWM_MN_OUTBOUND_APT_SAP_DMO /usr/sap/AOP/D40/work/dev_w63
48735   40    114  DIA        34      6     34     35 WARN   SAPLZVSLT_B2B_ODR          TSV_TNEW_PAGE_ALLOC_FA ZMM_HD_INV_MOVEMENT_SUM1401_ /usr/sap/AOP/D40/work/dev_w114
123676  40    115  DIA        31      1     31     25 OK     SAPLORFC                   CALL_FUNCTION_SEND_ERR ZSD_H_INBOUND_FEEDBACK_ALLOC /usr/sap/AOP/D40/work/dev_w115
2976    40    109  DIA        28      7     28     25 OK     ZCL_IM_EI_FAP_FAGLL03===== TIME_OUT               ZSD_H_CBD_PENDING            /usr/sap/AOP/D40/work/dev_w109
127952  40    116  DIA        18      0     18     26 OK     SAPLORFC                   CALL_FUNCTION_SEND_ERR ZMM_H_INBOUND_MRS_PRR        /usr/sap/AOP/D40/work/dev_w116
70888   40    108  DIA        14      6     14     32 OK     ZVBIR_INQUIRY_LIST_V2      TIME_OUT               ZSD_MN_SOIDMS                /usr/sap/AOP/D40/work/dev_w108
79561   40    107  DIA        14      5     14     14 OK     ZFARR_APPROVAL_CREDIT_LIMI CONVT_OVERFLOW         SAPMZMIM_GENR_INBOUNDDEL     /usr/sap/AOP/D40/work/dev_w107
126737  40    106  DIA        14      5     14      9 WARN   SAPLORFC                   CALL_FUNCTION_SEND_ERR ZFI_D_PRT_INB_MIRO_SSC       /usr/sap/AOP/D40/work/dev_w106
49758   40    99   DIA        14      2     14      6 WARN   SAPDM06Q                   DYNPRO_FIELD_CONVERSIO ZHR_D_OB_POWERPLUS_EMP_AWP   /usr/sap/AOP/D40/work/dev_w99
96606   40    100  DIA        14      2     14      2 OK     /SPE/SAPLCROSS_DLVRY_HU    POSTING_ILLEGAL_STATEM SAPMZMIM_GENR_INBOUNDDEL     /usr/sap/AOP/D40/work/dev_w100

snapshot @ 2026-01-29 03:30:59 WIB
================================================================================
Hostname             : AOPH3PAPPDC
OS                   : SUSE Linux Enterprise Server 15 SP3
Uptime               : 13 days 15 hours 18 minutes
vCPU                 : 28
IP address           : eth0=10.14.55.81
Logged-in            : 1 user(s), 1 session(s)
================================================================================
Metrics:
  - CPU usage         : 11.48% used, 88.52% idle
  - Load (15m)        : L15=3.33, vCPU=28, r=0.12 | LA 3.34/3.66/3.33 | Status=OK
  - Memory            : used 50.0G (41.1%), free 60.7G / 121.7G | Status=OK
  - Swap IO           : si/so 0/0 p/s | Status=OK
  - Total WP Running : 3
  - Total WP Standby : 129
  - Total WP Critical: 2
  - Total WP OK      : 79
  - Total WP Dialog  : 27
  - Total WP BTC     : 25
  - Total WP UPD     : 3
================================================================================

## WP-SCOUT @ AOPH3PAPPDC  SID=AOP  INSTS=50  TS=2026-01-29 03:31:06 WIB

CPU Tertinggi
Description : diurutkan berdasarkan CPU(%), menurun; tiebreak: RSS(GB) & AGE.
PID     INST  WP   TYPE  CPU(%)     MEM RSS(GB) STATE   AGE          RABAX   SXPG    JOB  RXMSG CLASS    SID    TYPE   ABAP Program               ErrorCode              JobName                      LOG
116646  50    114  DIA     26.2   2.80G    2.80 R       5h15m           28      5      4     28 CRIT     AOP    DIA    ZCL_ZCA_REST_OUTBOUND_LOG= DBSQL_DUPLICATE_KEY_ER ZSD_H_INBOUND_RETUR_ALLOC_AP /usr/sap/AOP/D50/work/dev_w114
87642   50    115  DIA     12.4   4.47G    4.47 S       12h45m           0      0      1      0 CRIT     AOP    DIA    RFLQ_ASSIGN_REL            SYSTEM_ABAP_ACCESS_DEN ZFI_D_PRT_INB_MIRO_SSC       /usr/sap/AOP/D50/work/dev_w115
91439   50    64   BTC     10.8   2.01G    2.01 S       12d21h          84      0      2     84 WARN     AOP    BTC    ZCL_ZCA_REST_OUTBOUND_LOG= DBSQL_DUPLICATE_KEY_ER ZSD_H_POST_CBD_B2B_SFA_FREES /usr/sap/AOP/D50/work/dev_w64
9078    50    92   DIA      7.4   2.37G    2.37 S       1d10h           14      3      1     14 WARN     AOP    DIA    ZCL_ZCA_REST_OUTBOUND_LOG= DBSQL_DUPLICATE_KEY_ER ZEWM_MN_OUTBOUND_APT_SAP_DMO /usr/sap/AOP/D50/work/dev_w92
5562    50    89   ?        6.1   2.91G    2.91 S       13d15h           0      1      0      0 WARN     AOP    ?      ZCL_ZCA_REST_OUTBOUND_LOG= DBSQL_DUPLICATE_KEY_ER ZSD_MN_INBOUND_CUS_B2C       /usr/sap/AOP/D50/work/dev_w89
119452  50    77   ?        5.9   1.70G    1.70 S       5d12h            0      0      0      0 OK       AOP    ?      ?                          ?                      SXCO_TRC_DELETE_TRACES       /usr/sap/AOP/D50/work/dev_w77
5558    50    85   ?        5.5   1.98G    1.98 S       13d15h           0      2      0      0 WARN     AOP    ?      ZCL_ZCA_REST_OUTBOUND_LOG= DBSQL_DUPLICATE_KEY_ER ZSD_H_INBOUND_RETUR_ALLOC_AP /usr/sap/AOP/D50/work/dev_w85
122915  50    93   DIA      4.8   2.70G    2.70 S       1d17h            0      4      1      0 OK       AOP    DIA    ZCL_ZCA_REST_OUTBOUND_LOG= DBSQL_DUPLICATE_KEY_ER ZMM_D_REPORTPO_MTM           /usr/sap/AOP/D50/work/dev_w93
119453  50    79   ?        4.6   1.55G    1.55 S       5d12h            0      4      0      0 OK       AOP    ?      ZCL_ZCA_REST_OUTBOUND_LOG= DBSQL_DUPLICATE_KEY_ER ZSD_D_WEB_SAP_REALISASI_IN   /usr/sap/AOP/D50/work/dev_w79
119454  50    82   ?        4.3   1.70G    1.70 S       5d12h            0      0      0      0 OK       AOP    ?      ZCL_ZCA_REST_OUTBOUND_LOG= DBSQL_DUPLICATE_KEY_ER ZSD_MN_SOIDMS                /usr/sap/AOP/D50/work/dev_w82

Memory Tertinggi (RSS)
Description : diurutkan berdasarkan RSS(GB), menurun; tiebreak: CPU(%).
PID     INST  WP   TYPE  CPU(%)     MEM RSS(GB) STATE   AGE          RABAX   SXPG    JOB  RXMSG CLASS    SID    TYPE   ABAP Program               ErrorCode              JobName                      LOG
87642   50    115  DIA     12.4   4.47G    4.47 S       12h45m           0      0      1      0 CRIT     AOP    DIA    RFLQ_ASSIGN_REL            SYSTEM_ABAP_ACCESS_DEN ZFI_D_PRT_INB_MIRO_SSC       /usr/sap/AOP/D50/work/dev_w115
41826   50    97   DIA      1.3   3.87G    3.87 S       13h56m           0     24      0      0 OK       AOP    DIA    /SPE/SAPLCROSS_DLVRY_HU    POSTING_ILLEGAL_STATEM ZFI_D_PRT_INB_SUBMIRO_SSC    /usr/sap/AOP/D50/work/dev_w97
17488   50    100  DIA      2.3   3.63G    3.63 R       17h54m          14      2      1     14 OK       AOP    DIA    SAPLORFC                   CALL_FUNCTION_SEND_ERR ZSD_MN_SOIDMS                /usr/sap/AOP/D50/work/dev_w100
95736   50    99   DIA      0.7   3.55G    3.55 S       19h11m          14      1      0     14 OK       AOP    DIA    /SCWM/CL_RF_SETTINGS====== DBSQL_CONNECTION_NO_ME SAPMZMIM_GENR_INBOUNDDEL     /usr/sap/AOP/D50/work/dev_w99
61454   50    112  DIA      2.1   3.52G    3.52 S       13h27m          55     28      0     55 OK       AOP    DIA    ZCL_ZCA_REST_OUTBOUND_LOG= DBSQL_DUPLICATE_KEY_ER ZEWM_MN_OUTBOUND_APT_SAP_DMO /usr/sap/AOP/D50/work/dev_w112
81863   50    102  DIA      1.3   3.46G    3.46 S       19h36m          14      1      2     14 OK       AOP    DIA    ZVSLI_PAYMENT_REQUEST      CALL_FUNCTION_CONFLICT SAPMZMIM_GENR_INBOUNDDEL     /usr/sap/AOP/D50/work/dev_w102
81822   50    103  DIA      0.8   3.39G    3.39 S       16h16m          42     23      0     42 OK       AOP    DIA    ZFARR_INV_LIST_REPORT      TIME_OUT               ZFI_D_PRT_INB_MIRO_SSC       /usr/sap/AOP/D50/work/dev_w103
50860   50    98   DIA      1.4   3.38G    3.38 S       17h0m            0      1      1      0 OK       AOP    DIA    SAPLORFC                   CALL_FUNCTION_SEND_ERR ZFI_D_PRT_INB_SUBMIRO_SSC    /usr/sap/AOP/D50/work/dev_w98
55548   50    108  DIA      1.6   3.35G    3.35 S       16h58m          84      2      1     84 OK       AOP    DIA    ZVSLR_ORDER_TRACKING3      DBSQL_FAE_STATEMENT_TO SAPMZMIM_GENR_INBOUNDDEL     /usr/sap/AOP/D50/work/dev_w108
127184  50    101  DIA      1.0   3.26G    3.26 S       15h3m            0      1      1      0 OK       AOP    DIA    SAPLORFC                   CALL_FUNCTION_SEND_ERR ZSD_H_IFI_Z_UPD_AOPWEBRPLNS_ /usr/sap/AOP/D50/work/dev_w101

Running Terlama
Description : diurutkan berdasarkan AGE (durasi hidup WP), menurun.
PID     INST  WP   TYPE  CPU(%)     MEM RSS(GB) STATE   AGE          RABAX   SXPG    JOB  RXMSG CLASS    SID    TYPE   ABAP Program               ErrorCode              JobName                      LOG
5473    50    0    ?        0.0   2.01G    2.01 S       13d15h           0      3      0      0 WARN     AOP    ?      ?                          ?                      ?                            /usr/sap/AOP/D50/work/dev_w0
5514    50    41   BTC      0.5   1.12G    1.12 S       13d15h           0      0      1      0 WARN     AOP    BTC    ZMPUE_OUTSTANDING_GR_LIST  SAPSQL_DATA_LOSS       ZSD_MN_SOIDMS                /usr/sap/AOP/D50/work/dev_w41
5516    50    43   BTC      0.8    870M    0.85 S       13d15h           0      0      0      0 WARN     AOP    BTC    ZCL_ZCA_REST_OUTBOUND_LOG= DBSQL_DUPLICATE_KEY_ER R_JR_BTCJOBS_GENERATOR       /usr/sap/AOP/D50/work/dev_w43
5517    50    44   BTC      0.5   1.48G    1.48 S       13d15h           0      0      0      0 WARN     AOP    BTC    ZCL_ZCA_REST_OUTBOUND_LOG= DBSQL_DUPLICATE_KEY_ER ZBAS_D_OUT_API_IAM_SAP_LOGIN /usr/sap/AOP/D50/work/dev_w44
5518    50    45   BTC      0.4   1.08G    1.08 S       13d15h           0      1      1      0 WARN     AOP    BTC    ?                          ?                      ZPP_H_REPROCESS_CONF_BKIT_CD /usr/sap/AOP/D50/work/dev_w45
5519    50    46   BTC      0.3   1.18G    1.18 S       13d15h           0      0      0      0 WARN     AOP    BTC    ?                          ?                      ZEWM_MN_OUTBOUND_APT_SAP_DMO /usr/sap/AOP/D50/work/dev_w46
5521    50    48   BTC      1.2   1.48G    1.48 S       13d15h          14      0      1     14 WARN     AOP    BTC    ?                          ?                      ZFI_D_PRT_OUT_OPEN_TDY       /usr/sap/AOP/D50/work/dev_w48
5524    50    51   BTC      0.7   1.21G    1.21 S       13d15h           0      8      3      0 WARN     AOP    BTC    ZVCMR_H2H_CREDIT_LIMIT     IMPORT_WRONG_END_POS   ZFI_D_H2H_CREDITLIMIT        /usr/sap/AOP/D50/work/dev_w51
5526    50    53   BTC      1.4   1.45G    1.45 S       13d15h           0     17      7      0 WARN     AOP    BTC    /SCWM/SAPLMON_REFRESH      CALL_FUNCTION_SEND_ERR ZEWM_MN_OUTBOUND_APT_SAP_DMO /usr/sap/AOP/D50/work/dev_w53
5538    50    65   ?        0.0    952M    0.93 S       13d15h           0      0      0      0 WARN     AOP    ?      SAPLCOFW                   MESSAGE_TYPE_X         ?                            /usr/sap/AOP/D50/work/dev_w65

RABAX Terbanyak
Description : diurutkan berdasarkan jumlah RABAX (desc), tiebreak SXPG (desc), JOB (desc).
PID     INST  WP   TYPE    RABAX   SXPG  RXMSG    JOB CLASS  ABAP Program               ErrorCode              JobName                      LOG
123027  50    7    ?          85      2      0      0 OK     /SPE/SAPLCROSS_DLVRY_HU    POSTING_ILLEGAL_STATEM ?                            /usr/sap/AOP/D50/work/dev_w7
126426  50    110  DIA        84      4     84      0 OK     ZMPUE_OUTSTANDING_GR_LIST  SAPSQL_DATA_LOSS       ZSD_H_UPLOAD_CBD_B2B_SFA     /usr/sap/AOP/D50/work/dev_w110
55548   50    108  DIA        84      2     84      1 OK     ZVSLR_ORDER_TRACKING3      DBSQL_FAE_STATEMENT_TO SAPMZMIM_GENR_INBOUNDDEL     /usr/sap/AOP/D50/work/dev_w108
91439   50    64   BTC        84      0     84      2 WARN   ZCL_ZCA_REST_OUTBOUND_LOG= DBSQL_DUPLICATE_KEY_ER ZSD_H_POST_CBD_B2B_SFA_FREES /usr/sap/AOP/D50/work/dev_w64
86981   50    116  DIA        84      0     84      1 OK     ZMPUE_OUTSTANDING_GR_LIST  SAPSQL_DATA_LOSS       ZSD_H_INBOUND_RETUR_ALLOC_AP /usr/sap/AOP/D50/work/dev_w116
81234   50    9    ?          83     16      0      0 OK     SAPLV50S                   MEMORY_NO_MORE_PAGING  ?                            /usr/sap/AOP/D50/work/dev_w9
10376   50    5    ?          83      3      0      0 OK     CL_FINS_ACDOC_CHANGE====== MEMORY_NO_MORE_PAGING  ?                            /usr/sap/AOP/D50/work/dev_w5
94472   50    111  DIA        70      3     70      3 OK     SAPLORFC                   CALL_FUNCTION_SEND_ERR ZPP_H_MASSGR_ERROR_VIN       /usr/sap/AOP/D50/work/dev_w111
61454   50    112  DIA        55     28     55      0 OK     ZCL_ZCA_REST_OUTBOUND_LOG= DBSQL_DUPLICATE_KEY_ER ZEWM_MN_OUTBOUND_APT_SAP_DMO /usr/sap/AOP/D50/work/dev_w112
82611   50    56   BTC        53     15      0      2 WARN   ZLOBE_AFTER_CONFIRM        DBSQL_SQL_DEADLOCK_DET ZEWM_MN_OUTBOUND_APT_SAP_DMO /usr/sap/AOP/D50/work/dev_w56

snapshot @ 2026-01-29 03:31:07 WIB
================================================================================
Hostname             : AOPH4PAPPDC
OS                   : SUSE Linux Enterprise Server 15 SP3
Uptime               : 13 days 15 hours 17 minutes
vCPU                 : 28
IP address           : eth0=10.14.55.94
Logged-in            : 1 user(s), 1 session(s)
================================================================================
Metrics:
  - CPU usage         : 11.44% used, 88.56% idle
  - Load (15m)        : L15=2.60, vCPU=28, r=0.09 | LA 3.16/3.06/2.60 | Status=OK
  - Memory            : used 49.2G (40.4%), free 63.7G / 121.7G | Status=OK
  - Swap IO           : si/so 0/0 p/s | Status=OK
  - Total WP Running : 3
  - Total WP Standby : 129
  - Total WP Critical: 2
  - Total WP OK      : 57
  - Total WP Dialog  : 28
  - Total WP BTC     : 27
  - Total WP UPD     : 3
================================================================================

## WP-SCOUT @ AOPH4PAPPDC  SID=AOP  INSTS=60  TS=2026-01-29 03:31:13 WIB

CPU Tertinggi
Description : diurutkan berdasarkan CPU(%), menurun; tiebreak: RSS(GB) & AGE.
PID     INST  WP   TYPE  CPU(%)     MEM RSS(GB) STATE   AGE          RABAX   SXPG    JOB  RXMSG CLASS    SID    TYPE   ABAP Program               ErrorCode              JobName                      LOG
86257   60    113  DIA     11.8   4.54G    4.54 S       1d17h           28     11     15     28 WARN     AOP    DIA    SAPLORFC                   CALL_FUNCTION_SEND_ERR ZFI_D_PRT_INB_MIRO_SSC       /usr/sap/AOP/D60/work/dev_w113
80218   60    92   DIA     10.0   3.89G    3.89 S       2d18h           14      1      0     14 WARN     AOP    DIA    ?                          ?                      SAP_MD_BP_TD_TRANSMIT        /usr/sap/AOP/D60/work/dev_w92
41987   60    64   BTC      7.0   4.85G    4.85 R       12d21h          42      2     21     42 WARN     AOP    BTC    ZCL_ZCA_REST_OUTBOUND_LOG= DBSQL_DUPLICATE_KEY_ER ZEWM_MN_OUTBOUND_APT_SAP_DMO /usr/sap/AOP/D60/work/dev_w64
84875   60    109  DIA      5.8   4.24G    4.24 R       13h52m           0     58      5      0 WARN     AOP    DIA    SAPLORFC                   CALL_FUNCTION_SEND_ERR ZEWM_MN_OUTBOUND_APT_SAP_DMO /usr/sap/AOP/D60/work/dev_w109
5565    60    87   ?        3.5   3.50G    3.50 S       13d15h          14      2      0     14 WARN     AOP    ?      ?                          ?                      ZEWM_MN_OUTBOUND_APT_SAP_DMO /usr/sap/AOP/D60/work/dev_w87
5566    60    88   ?        3.3   5.01G    5.01 S       13d15h           0     24      0      0 WARN     AOP    ?      ZCL_ZCA_REST_OUTBOUND_LOG= DBSQL_DUPLICATE_KEY_ER ZEWM_MN_OUTBOUND_APT_SAP_DMO /usr/sap/AOP/D60/work/dev_w88
5562    60    84   ?        2.9   3.81G    3.81 S       13d15h           0     11      0      0 WARN     AOP    ?      ZCL_ZCA_REST_OUTBOUND_LOG= DBSQL_DUPLICATE_KEY_ER SAP_ESH_QUERY_LOG_REORG      /usr/sap/AOP/D60/work/dev_w84
5557    60    79   ?        2.7   3.15G    3.15 S       13d15h           0      1      0      0 WARN     AOP    ?      ZCL_ZCA_REST_OUTBOUND_LOG= DBSQL_DUPLICATE_KEY_ER ZEWM_MN_OUTBOUND_APT_SAP_DMO /usr/sap/AOP/D60/work/dev_w79
6554    60    112  DIA      2.6   3.85G    3.85 S       12h40m          33      3     24     33 OK       AOP    DIA    ZCL_ZCA_REST_OUTBOUND_LOG= DBSQL_DUPLICATE_KEY_ER ZSD_H_INB_RETALLOC_POST_API  /usr/sap/AOP/D60/work/dev_w112
5554    60    76   ?        2.4   3.24G    3.24 S       13d15h           0      1      2      0 WARN     AOP    ?      ZCL_TRD_VENDOR_DELIVERY_OU DBSQL_DUPLICATE_KEY_ER ZEWM_MN_OUTBOUND_APT_SAP_DMO /usr/sap/AOP/D60/work/dev_w76

Memory Tertinggi (RSS)
Description : diurutkan berdasarkan RSS(GB), menurun; tiebreak: CPU(%).
PID     INST  WP   TYPE  CPU(%)     MEM RSS(GB) STATE   AGE          RABAX   SXPG    JOB  RXMSG CLASS    SID    TYPE   ABAP Program               ErrorCode              JobName                      LOG
5536    60    58   BTC      0.8   5.76G    5.76 S       13d15h           0      1      0      0 CRIT     AOP    BTC    ?                          ?                      RSDRAFT_LIFECYCLE_MANAGER    /usr/sap/AOP/D60/work/dev_w58
5524    60    46   BTC      0.7   5.68G    5.68 S       13d15h           0      0      2      0 CRIT     AOP    BTC    ?                          ?                      SAPMZMIM_GENR_INBOUNDDEL     /usr/sap/AOP/D60/work/dev_w46
5564    60    86   ?        1.7   5.25G    5.25 S       13d15h           0      2      3      0 WARN     AOP    ?      ZCL_ZCA_REST_OUTBOUND_LOG= DBSQL_DUPLICATE_KEY_ER ZBAS_D_OUT_API_IAM_SAP_LOGIN /usr/sap/AOP/D60/work/dev_w86
5566    60    88   ?        3.3   5.01G    5.01 S       13d15h           0     24      0      0 WARN     AOP    ?      ZCL_ZCA_REST_OUTBOUND_LOG= DBSQL_DUPLICATE_KEY_ER ZEWM_MN_OUTBOUND_APT_SAP_DMO /usr/sap/AOP/D60/work/dev_w88
5537    60    59   BTC      0.5   4.99G    4.99 S       13d15h           0     27      1      0 WARN     AOP    BTC    ZCL_TRD_VENDOR_DELIVERY_OU DBSQL_DUPLICATE_KEY_ER ZSD_H_INBOUND_FEEDBACK_ALLOC /usr/sap/AOP/D60/work/dev_w59
5556    60    78   ?        1.8   4.89G    4.89 S       13d15h           0      3      0      0 WARN     AOP    ?      CL_SALV_BS_RUNTIME_INFO=== MEMORY_NO_MORE_PAGING  ZSD_MN_WH_BILLING_VF04       /usr/sap/AOP/D60/work/dev_w78
5533    60    55   BTC      1.8   4.86G    4.86 S       13d15h           0      0      1      0 WARN     AOP    BTC    ?                          ?                      ZSD_MN_SOIDMS                /usr/sap/AOP/D60/work/dev_w55
41987   60    64   BTC      7.0   4.85G    4.85 R       12d21h          42      2     21     42 WARN     AOP    BTC    ZCL_ZCA_REST_OUTBOUND_LOG= DBSQL_DUPLICATE_KEY_ER ZEWM_MN_OUTBOUND_APT_SAP_DMO /usr/sap/AOP/D60/work/dev_w64
5540    60    62   BTC      0.7   4.85G    4.85 S       13d15h           0      0      1      0 WARN     AOP    BTC    ?                          ?                      ZSD_MN_SOIDMS                /usr/sap/AOP/D60/work/dev_w62
5551    60    73   ?        0.7   4.84G    4.84 S       13d15h          14      4      7     14 WARN     AOP    ?      ?                          ?                      ZSD_MN_SOIDMS                /usr/sap/AOP/D60/work/dev_w73

Running Terlama
Description : diurutkan berdasarkan AGE (durasi hidup WP), menurun.
PID     INST  WP   TYPE  CPU(%)     MEM RSS(GB) STATE   AGE          RABAX   SXPG    JOB  RXMSG CLASS    SID    TYPE   ABAP Program               ErrorCode              JobName                      LOG
5522    60    44   BTC      0.1   4.67G    4.67 S       13d15h           0      1      0      0 WARN     AOP    BTC    ZCL_TRD_VENDOR_DELIVERY_OU DBSQL_DUPLICATE_KEY_ER R_JR_BTCJOBS_GENERATOR       /usr/sap/AOP/D60/work/dev_w44
5523    60    45   BTC      0.1   3.53G    3.53 S       13d15h           0      0      1      0 WARN     AOP    BTC    ?                          ?                      ZEWM_MN_OUTBOUND_APT_SAP_DMO /usr/sap/AOP/D60/work/dev_w45
5524    60    46   BTC      0.7   5.68G    5.68 S       13d15h           0      0      2      0 CRIT     AOP    BTC    ?                          ?                      SAPMZMIM_GENR_INBOUNDDEL     /usr/sap/AOP/D60/work/dev_w46
5525    60    47   BTC      0.7   4.76G    4.76 S       13d15h           0      1      0      0 WARN     AOP    BTC    ?                          ?                      R_JR_BTCJOBS_GENERATOR       /usr/sap/AOP/D60/work/dev_w47
5526    60    48   BTC      0.1   4.24G    4.24 S       13d15h          12      1      0     12 WARN     AOP    BTC    ?                          ?                      SAPMZMIM_GENR_INBOUNDDEL     /usr/sap/AOP/D60/work/dev_w48
5527    60    49   BTC      0.2   4.48G    4.48 S       13d15h           0      9      2      0 WARN     AOP    BTC    ?                          ?                      ZSD_H_INB_RETALLOC_POST_API  /usr/sap/AOP/D60/work/dev_w49
5528    60    50   BTC      0.6   3.40G    3.40 S       13d15h           0      0      7      0 WARN     AOP    BTC    ?                          ?                      RK_PKOSA_MULTI_CREATE        /usr/sap/AOP/D60/work/dev_w50
5529    60    51   BTC      0.0   3.77G    3.77 S       13d15h           0      0      0      0 WARN     AOP    BTC    ?                          ?                      ZSD_MN_SOIDMS                /usr/sap/AOP/D60/work/dev_w51
5530    60    52   BTC      0.1   3.97G    3.97 S       13d15h           0      0      1      0 WARN     AOP    BTC    ?                          ?                      ZSD_D_OPN_BIL_AWP            /usr/sap/AOP/D60/work/dev_w52
5531    60    53   BTC      1.4   4.03G    4.03 S       13d15h           0      1      2      0 WARN     AOP    BTC    ZCL_TRD_VENDOR_DELIVERY_OU DBSQL_DUPLICATE_KEY_ER SAP_ILM_APPL_ARC_JOB_SCHEDUL /usr/sap/AOP/D60/work/dev_w53

RABAX Terbanyak
Description : diurutkan berdasarkan jumlah RABAX (desc), tiebreak SXPG (desc), JOB (desc).
PID     INST  WP   TYPE    RABAX   SXPG  RXMSG    JOB CLASS  ABAP Program               ErrorCode              JobName                      LOG
36499   60    99   DIA        87      1      0      0 OK     ZMPUE_OUTSTANDING_GR_LIST  SAPSQL_DATA_LOSS       ZEWM_MN_OUTBOUND_APT_SAP_DMO /usr/sap/AOP/D60/work/dev_w99
77851   60    110  DIA        42      3     42     15 OK     SAPLQOWK                   CALL_FUNCTION_SEND_ERR SAPMZMIM_GENR_INBOUNDDEL     /usr/sap/AOP/D60/work/dev_w110
41987   60    64   BTC        42      2     42     21 WARN   ZCL_ZCA_REST_OUTBOUND_LOG= DBSQL_DUPLICATE_KEY_ER ZEWM_MN_OUTBOUND_APT_SAP_DMO /usr/sap/AOP/D60/work/dev_w64
6554    60    112  DIA        33      3     33     24 OK     ZCL_ZCA_REST_OUTBOUND_LOG= DBSQL_DUPLICATE_KEY_ER ZSD_H_INB_RETALLOC_POST_API  /usr/sap/AOP/D60/work/dev_w112
86257   60    113  DIA        28     11     28     15 WARN   SAPLORFC                   CALL_FUNCTION_SEND_ERR ZFI_D_PRT_INB_MIRO_SSC       /usr/sap/AOP/D60/work/dev_w113
76489   60    108  DIA        28      9     28     28 WARN   ZCL_ZCA_REST_OUTBOUND_LOG= DBSQL_DUPLICATE_KEY_ER SAPMZMIM_GENR_INBOUNDDEL     /usr/sap/AOP/D60/work/dev_w108
18649   60    111  DIA        28      7     28     24 OK     /SPE/SAPLCROSS_DLVRY_HU    POSTING_ILLEGAL_STATEM SAPMZMIM_GENR_INBOUNDDEL     /usr/sap/AOP/D60/work/dev_w111
33225   60    115  DIA        28      6     28     33 OK     SAPMZMPU_LT_GI_PTV         DBSQL_DUPLICATE_KEY_ER ZSD_AD_RLB_RETAIL_1507       /usr/sap/AOP/D60/work/dev_w115
97412   60    106  DIA        14     26     14     11 OK     ZVSLR_ORDER_TRACKING3      DBSQL_FAE_STATEMENT_TO ZFI_D_PRT_INB_SUBMIRO_SSC    /usr/sap/AOP/D60/work/dev_w106
106399  60    104  DIA        14     25     14      3 OK     ?                          ?                      ZMM_D_INV_CTRL_AWP_NEW       /usr/sap/AOP/D60/work/dev_w104

snapshot @ 2026-01-29 03:31:14 WIB
================================================================================
Hostname             : AOPH5PAPPDC
OS                   : SUSE Linux Enterprise Server 15 SP3
Uptime               : 13 days 15 hours 16 minutes
vCPU                 : 28
IP address           : eth0=10.14.55.195
Logged-in            : 1 user(s), 1 session(s)
================================================================================
Metrics:
  - CPU usage         : 31.66% used, 68.34% idle
  - Load (15m)        : L15=3.89, vCPU=28, r=0.14 | LA 5.62/3.96/3.89 | Status=OK
  - Memory            : used 57.8G (47.5%), free 34.1G / 121.8G | Status=OK
  - Swap IO           : si/so 0/0 p/s | Status=OK
  - Total WP Running : 6
  - Total WP Standby : 124
  - Total WP Critical: 2
  - Total WP OK      : 63
  - Total WP Dialog  : 25
  - Total WP BTC     : 26
  - Total WP UPD     : 3
================================================================================

## WP-SCOUT @ AOPH5PAPPDC  SID=AOP  INSTS=70  TS=2026-01-29 03:31:24 WIB

CPU Tertinggi
Description : diurutkan berdasarkan CPU(%), menurun; tiebreak: RSS(GB) & AGE.
PID     INST  WP   TYPE  CPU(%)     MEM RSS(GB) STATE   AGE          RABAX   SXPG    JOB  RXMSG CLASS    SID    TYPE   ABAP Program               ErrorCode              JobName                      LOG
1094    70    113  DIA     15.1   3.04G    3.04 S       14h42m          28     37      6     28 CRIT     AOP    DIA    ZCL_ZCA_REST_OUTBOUND_LOG= DBSQL_DUPLICATE_KEY_ER ZBAS_D_OUT_API_IAM_SAP_LOGIN /usr/sap/AOP/D70/work/dev_w113
2064    70    116  DIA     15.1   5.07G    5.07 R       10h52m          67      2      0     67 CRIT     AOP    DIA    ZCL_ZCA_REST_OUTBOUND_LOG= DBSQL_DUPLICATE_KEY_ER ZEWM_MN_OUTBOUND_APT_SAP_DMO /usr/sap/AOP/D70/work/dev_w116
29366   70    64   BTC      8.0   3.83G    3.83 S       12d21h          79      2      5     79 WARN     AOP    BTC    ZCL_ZCA_REST_OUTBOUND_LOG= DBSQL_DUPLICATE_KEY_ER ZBAS_D_OUT_API_IAM_SAP_LOGIN /usr/sap/AOP/D70/work/dev_w64
28547   70    114  DIA      7.8   2.80G    2.80 S       11h3m           28     39      4     28 WARN     AOP    DIA    SAPLORFC                   CALL_FUNCTION_SEND_ERR ZFI_D_BILLING_DUE_V1_BDL_080 /usr/sap/AOP/D70/work/dev_w114
10977   70    112  DIA      6.2   2.02G    2.02 R       6h46m           42      8      1     42 WARN     AOP    DIA    ZCL_ZCA_REST_OUTBOUND_LOG= DBSQL_DUPLICATE_KEY_ER SAPMZMIM_GENR_INBOUNDDEL     /usr/sap/AOP/D70/work/dev_w112
14770   70    115  DIA      5.3   3.36G    3.36 R       13h20m          28     32      5     28 OK       AOP    DIA    ZCL_ZCA_REST_OUTBOUND_LOG= DBSQL_DUPLICATE_KEY_ER ZSD_H_INB_RETALLOC_POST_API  /usr/sap/AOP/D70/work/dev_w115
2593    70    95   DIA      4.8   3.35G    3.35 S       1d20h           14      4      1     14 OK       AOP    DIA    SAPLORFC                   CALL_FUNCTION_SEND_ERR ZPP_H_MASSGR_ERROR_VIN       /usr/sap/AOP/D70/work/dev_w95
31314   70    109  DIA      4.4   3.22G    3.22 S       16h48m           0     12      1      0 OK       AOP    DIA    ZCL_ZCA_REST_OUTBOUND_LOG= DBSQL_DUPLICATE_KEY_ER ZPP_H_MASSGR_ERROR_VIN       /usr/sap/AOP/D70/work/dev_w109
20456   70    100  DIA      3.6   2.93G    2.93 S       17h8m           42      5      1     42 OK       AOP    DIA    ZVCMR_H2H_CREDIT_LIMIT     IMPORT_WRONG_END_POS   ZEWM_MN_OUTBOUND_APT_SAP_DMO /usr/sap/AOP/D70/work/dev_w100
5299    70    82   ?        3.4   3.61G    3.61 S       13d15h           0      0      0      0 WARN     AOP    ?      ZCL_ZCA_REST_OUTBOUND_LOG= DBSQL_DUPLICATE_KEY_ER ZEWM_MN_OUTBOUND_APT_SAP_DMO /usr/sap/AOP/D70/work/dev_w82

Memory Tertinggi (RSS)
Description : diurutkan berdasarkan RSS(GB), menurun; tiebreak: CPU(%).
PID     INST  WP   TYPE  CPU(%)     MEM RSS(GB) STATE   AGE          RABAX   SXPG    JOB  RXMSG CLASS    SID    TYPE   ABAP Program               ErrorCode              JobName                      LOG
2064    70    116  DIA     15.1   5.07G    5.07 R       10h52m          67      2      0     67 CRIT     AOP    DIA    ZCL_ZCA_REST_OUTBOUND_LOG= DBSQL_DUPLICATE_KEY_ER ZEWM_MN_OUTBOUND_APT_SAP_DMO /usr/sap/AOP/D70/work/dev_w116
5271    70    54   BTC      2.0   5.01G    5.01 S       13d15h           0      2      0      0 WARN     AOP    BTC    ZLOBE_AFTER_CONFIRM        DBSQL_SQL_DEADLOCK_DET ZSD_D_INT_MRS_SLS_SND        /usr/sap/AOP/D70/work/dev_w54
5303    70    86   ?        3.0   4.96G    4.96 S       13d15h           0      1      0      0 WARN     AOP    ?      ZCL_ZCA_REST_OUTBOUND_LOG= DBSQL_DUPLICATE_KEY_ER ZEWM_MN_OUTBOUND_APT_SAP_DMO /usr/sap/AOP/D70/work/dev_w86
5291    70    74   ?        1.5   4.88G    4.88 S       13d15h           0      1      0      0 WARN     AOP    ?      ZVCMR_H2H_CREDIT_LIMIT     IMPORT_WRONG_END_POS   ZSD_H_INBOUND_FEEDBACK_ALLOC /usr/sap/AOP/D70/work/dev_w74
5263    70    46   BTC      0.9   4.87G    4.87 S       13d15h           0     24      0      0 WARN     AOP    BTC    ZCL_ZCA_REST_OUTBOUND_LOG= DBSQL_DUPLICATE_KEY_ER ZEWM_MN_OUTBOUND_APT_SAP_DMO /usr/sap/AOP/D70/work/dev_w46
5289    70    72   ?        2.3   4.74G    4.74 S       13d15h           0      1      3      0 WARN     AOP    ?      ZCL_ZCA_REST_OUTBOUND_LOG= DBSQL_DUPLICATE_KEY_ER ZEWM_MN_OUTBOUND_APT_SAP_DMO /usr/sap/AOP/D70/work/dev_w72
10628   70    63   BTC      1.0   4.43G    4.43 S       9d15h           14      1      0     14 WARN     AOP    BTC    ZCL_ZCA_REST_OUTBOUND_LOG= DBSQL_DUPLICATE_KEY_ER ZEWM_MN_OUTBOUND_APT_SAP_DMO /usr/sap/AOP/D70/work/dev_w63
20860   70    57   BTC      1.3   4.36G    4.36 S       13d8h            0      0      0      0 WARN     AOP    BTC    ZCL_ZCA_REST_OUTBOUND_LOG= DBSQL_DUPLICATE_KEY_ER ZPP_D_NM_OUTBOUND_GR_S       /usr/sap/AOP/D70/work/dev_w57
29366   70    64   BTC      8.0   3.83G    3.83 S       12d21h          79      2      5     79 WARN     AOP    BTC    ZCL_ZCA_REST_OUTBOUND_LOG= DBSQL_DUPLICATE_KEY_ER ZBAS_D_OUT_API_IAM_SAP_LOGIN /usr/sap/AOP/D70/work/dev_w64
13736   70    60   BTC      0.5   3.80G    3.80 S       13d10h          14      8      0     14 WARN     AOP    BTC    ZVCMR_H2H_CREDIT_LIMIT     IMPORT_WRONG_END_POS   ZSD_MN_INBOUND_CUS_B2C       /usr/sap/AOP/D70/work/dev_w60

Running Terlama
Description : diurutkan berdasarkan AGE (durasi hidup WP), menurun.
PID     INST  WP   TYPE  CPU(%)     MEM RSS(GB) STATE   AGE          RABAX   SXPG    JOB  RXMSG CLASS    SID    TYPE   ABAP Program               ErrorCode              JobName                      LOG
5256    70    39   BTC      0.6   3.45G    3.45 S       13d15h          14      4      0     14 WARN     AOP    BTC    ZCL_ZCA_REST_OUTBOUND_LOG= DBSQL_DUPLICATE_KEY_ER ZBAS_D_OUT_API_IAM_SAP_LOGIN /usr/sap/AOP/D70/work/dev_w39
5257    70    40   BTC      0.0   2.86G    2.86 S       13d15h          14      1      0     14 WARN     AOP    BTC    ZCL_ZCA_REST_OUTBOUND_LOG= DBSQL_DUPLICATE_KEY_ER ZBAS_D_OUT_API_IAM_SAP_LOGIN /usr/sap/AOP/D70/work/dev_w40
5258    70    41   BTC      0.1   3.35G    3.35 S       13d15h           0      0      0      0 WARN     AOP    BTC    ZCL_ZCA_REST_OUTBOUND_LOG= DBSQL_DUPLICATE_KEY_ER ZBAS_D_OUT_API_IAM_SAP_LOGIN /usr/sap/AOP/D70/work/dev_w41
5259    70    42   BTC      0.0   3.27G    3.27 S       13d15h           0      1      0      0 WARN     AOP    BTC    ?                          ?                      ZEWM_MN_OUTBOUND_APT_SAP_DMO /usr/sap/AOP/D70/work/dev_w42
5260    70    43   BTC      0.2   3.44G    3.44 S       13d15h           0      4      0      0 WARN     AOP    BTC    ?                          ?                      /IWFND/NOTIFICATION_CLEANUP  /usr/sap/AOP/D70/work/dev_w43
5261    70    44   BTC      0.2   3.23G    3.23 S       13d15h           0      1      0      0 WARN     AOP    BTC    ?                          ?                      ZEWM_MN_OUTBOUND_APT_SAP_DMO /usr/sap/AOP/D70/work/dev_w44
5262    70    45   BTC      0.9   3.30G    3.30 S       13d15h           0      0      0      0 WARN     AOP    BTC    ?                          ?                      ZSD_H_INBOUND_FEEDBACK_ALLOC /usr/sap/AOP/D70/work/dev_w45
5263    70    46   BTC      0.9   4.87G    4.87 S       13d15h           0     24      0      0 WARN     AOP    BTC    ZCL_ZCA_REST_OUTBOUND_LOG= DBSQL_DUPLICATE_KEY_ER ZEWM_MN_OUTBOUND_APT_SAP_DMO /usr/sap/AOP/D70/work/dev_w46
5265    70    48   BTC      0.6   3.61G    3.61 S       13d15h          14      0      0     14 WARN     AOP    BTC    ?                          ?                      ZSD_MN_INBOUND_CUS_B2C       /usr/sap/AOP/D70/work/dev_w48
5266    70    49   BTC      0.7   3.05G    3.05 S       13d15h           0      1      0      0 WARN     AOP    BTC    ?                          ?                      ZSD_AD_AOE_BILL_DOM          /usr/sap/AOP/D70/work/dev_w49

RABAX Terbanyak
Description : diurutkan berdasarkan jumlah RABAX (desc), tiebreak SXPG (desc), JOB (desc).
PID     INST  WP   TYPE    RABAX   SXPG  RXMSG    JOB CLASS  ABAP Program               ErrorCode              JobName                      LOG
8349    70    30   ?          82      0      0      0 OK     /SCWM/SAPLWO_TO_MON        TSV_TNEW_PAGE_ALLOC_FA ?                            /usr/sap/AOP/D70/work/dev_w30
29366   70    64   BTC        79      2     79      5 WARN   ZCL_ZCA_REST_OUTBOUND_LOG= DBSQL_DUPLICATE_KEY_ER ZBAS_D_OUT_API_IAM_SAP_LOGIN /usr/sap/AOP/D70/work/dev_w64
2064    70    116  DIA        67      2     67      0 CRIT   ZCL_ZCA_REST_OUTBOUND_LOG= DBSQL_DUPLICATE_KEY_ER ZEWM_MN_OUTBOUND_APT_SAP_DMO /usr/sap/AOP/D70/work/dev_w116
14047   70    106  DIA        55      5     55      6 OK     ZCL_ZCA_REST_OUTBOUND_LOG= DBSQL_DUPLICATE_KEY_ER Z_D_INV_CTRL_1201_02         /usr/sap/AOP/D70/work/dev_w106
19498   70    104  DIA        42     13     42      2 OK     SAPLORFC                   CALL_FUNCTION_SEND_ERR /IWFND/APPL_LOG_CLEANUP      /usr/sap/AOP/D70/work/dev_w104
19623   70    107  DIA        42     12     42      1 OK     SAPLORFC                   CALL_FUNCTION_SEND_ERR ZEWM_MN_OUTBOUND_APT_SAP_DMO /usr/sap/AOP/D70/work/dev_w107
10977   70    112  DIA        42      8     42      1 WARN   ZCL_ZCA_REST_OUTBOUND_LOG= DBSQL_DUPLICATE_KEY_ER SAPMZMIM_GENR_INBOUNDDEL     /usr/sap/AOP/D70/work/dev_w112
20456   70    100  DIA        42      5     42      1 OK     ZVCMR_H2H_CREDIT_LIMIT     IMPORT_WRONG_END_POS   ZEWM_MN_OUTBOUND_APT_SAP_DMO /usr/sap/AOP/D70/work/dev_w100
28547   70    114  DIA        28     39     28      4 WARN   SAPLORFC                   CALL_FUNCTION_SEND_ERR ZFI_D_BILLING_DUE_V1_BDL_080 /usr/sap/AOP/D70/work/dev_w114
1094    70    113  DIA        28     37     28      6 CRIT   ZCL_ZCA_REST_OUTBOUND_LOG= DBSQL_DUPLICATE_KEY_ER ZBAS_D_OUT_API_IAM_SAP_LOGIN /usr/sap/AOP/D70/work/dev_w113

