snapshot @ 2026-01-29 18:10:46 WIB
================================================================================
Hostname             : AOPH1PAPPDC
OS                   : SUSE Linux Enterprise Server 15 SP3
Uptime               : 14 days 6 hours 15 minutes
vCPU                 : 28
IP address           : eth0=10.14.55.78
Logged-in            : 3 user(s), 4 session(s)
================================================================================
Metrics:
  - CPU usage         : 14.24% used, 85.76% idle
  - Load (15m)        : L15=2.86, vCPU=28, r=0.10 | LA 3.88/3.02/2.86 | Status=OK
  - Memory            : used 66.4G (54.6%), free 36.5G / 121.7G | Status=OK
  - Swap IO           : si/so 0/0 p/s | Status=OK
  - Total WP Running : 3
  - Total WP Standby : 130
  - Total WP Critical: 1
  - Total WP OK      : 68
  - Total WP Dialog  : 28
  - Total WP BTC     : 26
  - Total WP UPD     : 3
================================================================================

## WP-SCOUT @ AOPH1PAPPDC  SID=AOP  INSTS=30  TS=2026-01-29 18:10:51 WIB

CPU Tertinggi
Description : diurutkan berdasarkan CPU(%), menurun; tiebreak: RSS(GB) & AGE.
PID     INST  WP   TYPE  CPU(%)     MEM RSS(GB) STATE   AGE          RABAX   SXPG    JOB  RXMSG CLASS    SID    TYPE   ABAP Program               ErrorCode              JobName                      LOG
28622   30    96   DIA      9.1   4.07G    4.07 S       1d3h             0      5      0      0 WARN     AOP    DIA    SAPLORFC                   CALL_FUNCTION_SEND_ERR ZFI_D_CN_SAP_AUTO            /usr/sap/AOP/D30/work/dev_w96
17292   30    64   BTC      6.6   5.37G    5.37 S       13d12h           0     28     22      0 WARN     AOP    BTC    ZCL_ZCA_REST_OUTBOUND_LOG= DBSQL_DUPLICATE_KEY_ER R_JR_BTCJOBS_GENERATOR       /usr/sap/AOP/D30/work/dev_w64
110663  30    95   DIA      5.8   3.36G    3.36 S       2h25m            0      7      0      0 OK       AOP    DIA    ZCL_ZCA_REST_OUTBOUND_LOG= DBSQL_DUPLICATE_KEY_ER /IWXBE/CLEAN_UP_LOGS         /usr/sap/AOP/D30/work/dev_w95
70312   30    107  DIA      5.8   2.36G    2.36 S       17m              0      0      0      0 OK       AOP    DIA    ZCL_ZCA_REST_OUTBOUND_LOG= DBSQL_DUPLICATE_KEY_ER ZEWM_MN_OUTBOUND_APT_SAP_DMO /usr/sap/AOP/D30/work/dev_w107
115195  30    88   DIA      5.5   3.98G    3.98 S       5d21h            0     33     28      0 OK       AOP    DIA    ZCL_ZCA_REST_OUTBOUND_LOG= DBSQL_DUPLICATE_KEY_ER ZMM_H_INTF_ALLOC_RET         /usr/sap/AOP/D30/work/dev_w88
75511   30    101  DIA      5.1   4.58G    4.58 S       1d18h            0      3      0      0 WARN     AOP    DIA    ZCL_ZCA_REST_OUTBOUND_LOG= DBSQL_DUPLICATE_KEY_ER ZEWM_MN_OUTBOUND_APT_SAP_DMO /usr/sap/AOP/D30/work/dev_w101
8775    30    83   ?        4.9   3.48G    3.48 S       14d6h           15      9     17     15 WARN     AOP    ?      ZCL_ZCA_REST_OUTBOUND_LOG= DBSQL_DUPLICATE_KEY_ER ZMM_HD_INV_MOVEMENT_SUM1021_ /usr/sap/AOP/D30/work/dev_w83
67787   30    108  DIA      4.8   3.36G    3.36 S       3h27m            0      0      0      0 OK       AOP    DIA    ZFARR_INV_LIST_REPORT      TIME_OUT               R_JR_BTCJOBS_GENERATOR       /usr/sap/AOP/D30/work/dev_w108
85216   30    87   ?        4.1   3.31G    3.31 S       14d3h           14     13     37     14 WARN     AOP    ?      ZCL_ZCA_REST_OUTBOUND_LOG= DBSQL_DUPLICATE_KEY_ER ZEWM_MN_OUTBOUND_APT_SAP_DMO /usr/sap/AOP/D30/work/dev_w87
8767    30    75   ?        4.1   3.70G    3.70 R       14d6h            0     36     12      0 WARN     AOP    ?      ?                          ?                      ZVSLE_UPDATE_GR_PUT_ALLOC    /usr/sap/AOP/D30/work/dev_w75

Memory Tertinggi (RSS)
Description : diurutkan berdasarkan RSS(GB), menurun; tiebreak: CPU(%).
PID     INST  WP   TYPE  CPU(%)     MEM RSS(GB) STATE   AGE          RABAX   SXPG    JOB  RXMSG CLASS    SID    TYPE   ABAP Program               ErrorCode              JobName                      LOG
8751    30    59   BTC      1.0   5.63G    5.63 S       14d6h            0      3      7      0 CRIT     AOP    BTC    ?                          ?                      RK_PKOSA_MULTI_CREATE        /usr/sap/AOP/D30/work/dev_w59
8748    30    56   BTC      1.4   5.47G    5.47 S       14d6h            0      3      0      0 WARN     AOP    BTC    ZCL_ZCA_REST_OUTBOUND_LOG= DBSQL_DUPLICATE_KEY_ER ZSD_MN_SOIDMS                /usr/sap/AOP/D30/work/dev_w56
17292   30    64   BTC      6.6   5.37G    5.37 S       13d12h           0     28     22      0 WARN     AOP    BTC    ZCL_ZCA_REST_OUTBOUND_LOG= DBSQL_DUPLICATE_KEY_ER R_JR_BTCJOBS_GENERATOR       /usr/sap/AOP/D30/work/dev_w64
8772    30    80   ?        2.9   5.20G    5.20 S       14d6h            4     38     10      0 WARN     AOP    ?      ZCL_ZCA_REST_OUTBOUND_LOG= DBSQL_DUPLICATE_KEY_ER ZMM_HD_INV_MOVEMENT_SUM1022_ /usr/sap/AOP/D30/work/dev_w80
832     30    55   BTC      2.6   5.12G    5.12 S       14d1h            0      6     20      0 WARN     AOP    BTC    ?                          ?                      ZEWM_MN_OUTBOUND_APT_SAP_DMO /usr/sap/AOP/D30/work/dev_w55
8768    30    76   ?        1.8   4.82G    4.82 S       14d6h           14     25     11     14 WARN     AOP    ?      ZVCMR_H2H_CREDIT_LIMIT     IMPORT_WRONG_END_POS   ZMM_HD_INV_MOVEMENT_DET1021_ /usr/sap/AOP/D30/work/dev_w76
8782    30    90   DIA      3.0   4.82G    4.82 S       14d6h           28     29      6     28 WARN     AOP    DIA    ZCL_ZCA_REST_OUTBOUND_LOG= DBSQL_DUPLICATE_KEY_ER ZSD_H_WMP_UPL_POST_SLS       /usr/sap/AOP/D30/work/dev_w90
75511   30    101  DIA      5.1   4.58G    4.58 S       1d18h            0      3      0      0 WARN     AOP    DIA    ZCL_ZCA_REST_OUTBOUND_LOG= DBSQL_DUPLICATE_KEY_ER ZEWM_MN_OUTBOUND_APT_SAP_DMO /usr/sap/AOP/D30/work/dev_w101
8766    30    74   ?        2.6   4.50G    4.50 S       14d6h           28      4      5     28 WARN     AOP    ?      ZCL_ZCA_REST_OUTBOUND_LOG= DBSQL_DUPLICATE_KEY_ER ZMM_H_INBOUND_AOE_POR        /usr/sap/AOP/D30/work/dev_w74
64560   30    44   BTC      1.0   4.30G    4.30 S       14d0h           14      0      1     14 WARN     AOP    BTC    ?                          ?                      R_JR_BTCJOBS_GENERATOR       /usr/sap/AOP/D30/work/dev_w44

Running Terlama
Description : diurutkan berdasarkan AGE (durasi hidup WP), menurun.
PID     INST  WP   TYPE  CPU(%)     MEM RSS(GB) STATE   AGE          RABAX   SXPG    JOB  RXMSG CLASS    SID    TYPE   ABAP Program               ErrorCode              JobName                      LOG
8733    30    42   BTC      0.2   3.54G    3.54 S       14d6h            0      0      4      0 WARN     AOP    BTC    ZVCMR_H2H_CREDIT_LIMIT     IMPORT_WRONG_END_POS   R_JR_BTCJOBS_GENERATOR       /usr/sap/AOP/D30/work/dev_w42
8736    30    45   BTC      0.6   3.82G    3.82 S       14d6h            0      1      6      0 WARN     AOP    BTC    ?                          ?                      ZEWM_MN_OUTBOUND_APT_SAP_DMO /usr/sap/AOP/D30/work/dev_w45
8740    30    49   BTC      0.2   3.82G    3.82 S       14d6h            0      5      5      0 WARN     AOP    BTC    ZCL_ZCA_REST_OUTBOUND_LOG= DBSQL_DUPLICATE_KEY_ER ZFI_D_PRT_OUT_CLR_CUR_FLEET  /usr/sap/AOP/D30/work/dev_w49
8741    30    50   BTC      0.6   3.70G    3.70 S       14d6h            0      0      0      0 WARN     AOP    BTC    ZMIME_DRP_REPLENISHMENT_EW DBSQL_DUPLICATE_KEY_ER ZSD_H_UPLOAD_CBD_B2B_SFA     /usr/sap/AOP/D30/work/dev_w50
8742    30    51   BTC      0.3   4.05G    4.05 S       14d6h            0      4      2      0 WARN     AOP    BTC    ?                          ?                      ZMIM_INV_CONTROL_IKP_D       /usr/sap/AOP/D30/work/dev_w51
8748    30    56   BTC      1.4   5.47G    5.47 S       14d6h            0      3      0      0 WARN     AOP    BTC    ZCL_ZCA_REST_OUTBOUND_LOG= DBSQL_DUPLICATE_KEY_ER ZSD_MN_SOIDMS                /usr/sap/AOP/D30/work/dev_w56
8751    30    59   BTC      1.0   5.63G    5.63 S       14d6h            0      3      7      0 CRIT     AOP    BTC    ?                          ?                      RK_PKOSA_MULTI_CREATE        /usr/sap/AOP/D30/work/dev_w59
8757    30    65   ?        0.0   1.39G    1.39 S       14d6h            0      0      0      0 WARN     AOP    ?      ?                          ?                      ?                            /usr/sap/AOP/D30/work/dev_w65
8758    30    66   ?        0.0   1.25G    1.25 S       14d6h            0      0      0      0 WARN     AOP    ?      ?                          ?                      ?                            /usr/sap/AOP/D30/work/dev_w66
8759    30    67   ?        0.0   1.52G    1.52 S       14d6h            0      0      0      0 WARN     AOP    ?      ?                          ?                      ?                            /usr/sap/AOP/D30/work/dev_w67

RABAX Terbanyak
Description : diurutkan berdasarkan jumlah RABAX (desc), tiebreak SXPG (desc), JOB (desc).
PID     INST  WP   TYPE    RABAX   SXPG  RXMSG    JOB CLASS  ABAP Program               ErrorCode              JobName                      LOG
27085   30    43   BTC        85      1      0      2 WARN   ZCL_ZCA_REST_OUTBOUND_LOG= DBSQL_DUPLICATE_KEY_ER ZMM_HD_INV_MOVEMENT_DET1301_ /usr/sap/AOP/D30/work/dev_w43
82492   30    112  DIA        85      0      0      0 OK     ZCL_ZCA_REST_OUTBOUND_LOG= DBSQL_DUPLICATE_KEY_ER ZFI_D_PRT_OUT_OPEN_TDY_1100  /usr/sap/AOP/D30/work/dev_w112
8774    30    82   ?          42     10     42     26 WARN   ZMIME_DRP_REPLENISHMENT_EW DBSQL_DUPLICATE_KEY_ER ZMM_H_INTF_ALLOC_RET         /usr/sap/AOP/D30/work/dev_w82
29767   30    100  DIA        42     10     42     25 OK     ZMPUE_OUTSTANDING_GR_LIST  SAPSQL_DATA_LOSS       ZEWM_MN_OUTBOUND_APT_SAP_DMO /usr/sap/AOP/D30/work/dev_w100
8769    30    77   ?          42     10     42     13 WARN   ZMIME_DRP_REPLENISHMENT_EW DBSQL_DUPLICATE_KEY_ER ZEWM_MN_OUTBOUND_APT_SAP_DMO /usr/sap/AOP/D30/work/dev_w77
8778    30    86   ?          33     28     33     11 WARN   ZCL_ZCA_REST_OUTBOUND_LOG= DBSQL_DUPLICATE_KEY_ER ZSD_MN_SOIDMS                /usr/sap/AOP/D30/work/dev_w86
8782    30    90   DIA        28     29     28      6 WARN   ZCL_ZCA_REST_OUTBOUND_LOG= DBSQL_DUPLICATE_KEY_ER ZSD_H_WMP_UPL_POST_SLS       /usr/sap/AOP/D30/work/dev_w90
124714  30    92   DIA        28     27     28     18 OK     ZCL_ZCA_REST_OUTBOUND_LOG= DBSQL_DUPLICATE_KEY_ER ZPP_H_MASSGR_ERROR_VIN       /usr/sap/AOP/D30/work/dev_w92
8764    30    72   ?          28      5     28     15 WARN   ZVCMR_H2H_CREDIT_LIMIT     IMPORT_WRONG_END_POS   R_JR_BTCJOBS_GENERATOR       /usr/sap/AOP/D30/work/dev_w72
8766    30    74   ?          28      4     28      5 WARN   ZCL_ZCA_REST_OUTBOUND_LOG= DBSQL_DUPLICATE_KEY_ER ZMM_H_INBOUND_AOE_POR        /usr/sap/AOP/D30/work/dev_w74

snapshot @ 2026-01-29 18:10:51 WIB
================================================================================
Hostname             : AOPH2PAPPDC
OS                   : SUSE Linux Enterprise Server 15 SP3
Uptime               : 14 days 6 hours 3 minutes
vCPU                 : 28
IP address           : eth0=10.14.55.79
Logged-in            : 1 user(s), 1 session(s)
================================================================================
Metrics:
  - CPU usage         : 6.65% used, 93.35% idle
  - Load (15m)        : L15=2.45, vCPU=28, r=0.09 | LA 1.66/2.24/2.45 | Status=OK
  - Memory            : used 56.2G (46.2%), free 37.6G / 121.7G | Status=OK
  - Swap IO           : si/so 0/0 p/s | Status=OK
  - Total WP Running : 0
  - Total WP Standby : 133
  - Total WP Critical: 1
  - Total WP OK      : 58
  - Total WP Dialog  : 27
  - Total WP BTC     : 25
  - Total WP UPD     : 3
================================================================================

## WP-SCOUT @ AOPH2PAPPDC  SID=AOP  INSTS=40  TS=2026-01-29 18:10:58 WIB

CPU Tertinggi
Description : diurutkan berdasarkan CPU(%), menurun; tiebreak: RSS(GB) & AGE.
PID     INST  WP   TYPE  CPU(%)     MEM RSS(GB) STATE   AGE          RABAX   SXPG    JOB  RXMSG CLASS    SID    TYPE   ABAP Program               ErrorCode              JobName                      LOG
16717   40    63   BTC      7.9   4.75G    4.75 S       10d1h            0      3     39      0 WARN     AOP    BTC    SAPLORFC                   CALL_FUNCTION_SEND_ERR ZEWM_MN_OUTBOUND_APT_SAP_DMO /usr/sap/AOP/D40/work/dev_w63
62750   40    97   DIA      7.0   3.80G    3.80 S       1d2h             0     11     50      0 WARN     AOP    DIA    SAPLORFC                   CALL_FUNCTION_SEND_ERR ZMM_H_INBOUND_MRS_TPO        /usr/sap/AOP/D40/work/dev_w97
60467   40    109  DIA      5.8   2.65G    2.65 S       51m              0      7      0      0 OK       AOP    DIA    ZCL_IM_EI_FAP_FAGLL03===== TIME_OUT               ZSD_H_CBD_PENDING            /usr/sap/AOP/D40/work/dev_w109
126156  40    108  DIA      4.6   3.97G    3.97 S       2h6m             0      0      0      0 OK       AOP    DIA    ZVBIR_INQUIRY_LIST_V2      TIME_OUT               ZSD_MN_SOIDMS                /usr/sap/AOP/D40/work/dev_w108
94668   40    106  DIA      4.4   4.17G    4.17 S       5h13m            0      0      0      0 WARN     AOP    DIA    SAPLORFC                   CALL_FUNCTION_SEND_ERR ZFI_D_PRT_INB_MIRO_SSC       /usr/sap/AOP/D40/work/dev_w106
7721    40    99   DIA      3.8   3.54G    3.54 S       1h50m            0      4      0      0 OK       AOP    DIA    SAPDM06Q                   DYNPRO_FIELD_CONVERSIO ZHR_D_OB_POWERPLUS_EMP_AWP   /usr/sap/AOP/D40/work/dev_w99
68230   40    114  DIA      3.4   3.89G    3.89 S       3h11m            0     17      0      0 OK       AOP    DIA    SAPLZVSLT_B2B_ODR          TSV_TNEW_PAGE_ALLOC_FA ZMM_HD_INV_MOVEMENT_SUM1401_ /usr/sap/AOP/D40/work/dev_w114
6723    40    88   ?        3.3   3.59G    3.59 S       14d5h            0     30     26      0 WARN     AOP    ?      ZCL_ZCA_REST_OUTBOUND_LOG= DBSQL_DUPLICATE_KEY_ER ZSD_H_CBD_PENDING            /usr/sap/AOP/D40/work/dev_w88
24961   40    113  DIA      3.2   3.75G    3.75 S       1h30m            0      1      0      0 OK       AOP    DIA    /SPE/SAPLCROSS_DLVRY_HU    POSTING_ILLEGAL_STATEM ZSD_MN_SOIDMS                /usr/sap/AOP/D40/work/dev_w113
6721    40    86   ?        3.2   3.62G    3.62 S       14d5h            0     67      0      0 WARN     AOP    ?      ?                          ?                      ZVSLE_UPDATE_GR_PUT_ALLOC    /usr/sap/AOP/D40/work/dev_w86

Memory Tertinggi (RSS)
Description : diurutkan berdasarkan RSS(GB), menurun; tiebreak: CPU(%).
PID     INST  WP   TYPE  CPU(%)     MEM RSS(GB) STATE   AGE          RABAX   SXPG    JOB  RXMSG CLASS    SID    TYPE   ABAP Program               ErrorCode              JobName                      LOG
6683    40    49   BTC      0.1   5.93G    5.93 S       14d5h           85      0      0      0 CRIT     AOP    BTC    ZCL_TRD_VENDOR_DELIVERY_OU DBSQL_DUPLICATE_KEY_ER ZSD_MN_SOIDMS                /usr/sap/AOP/D40/work/dev_w49
6725    40    90   ?        1.9   4.85G    4.85 S       14d5h           28      6     37     28 WARN     AOP    ?      ZCL_ZCA_REST_OUTBOUND_LOG= DBSQL_DUPLICATE_KEY_ER SATC_WATCHDOG                /usr/sap/AOP/D40/work/dev_w90
6711    40    76   ?        1.4   4.77G    4.77 S       14d5h            0      5      9      0 WARN     AOP    ?      ZCL_TRD_VENDOR_DELIVERY_OU DBSQL_DUPLICATE_KEY_ER Z_D_INV_CTRL_1201_02         /usr/sap/AOP/D40/work/dev_w76
16717   40    63   BTC      7.9   4.75G    4.75 S       10d1h            0      3     39      0 WARN     AOP    BTC    SAPLORFC                   CALL_FUNCTION_SEND_ERR ZEWM_MN_OUTBOUND_APT_SAP_DMO /usr/sap/AOP/D40/work/dev_w63
6707    40    73   ?        1.1   4.73G    4.73 S       14d5h            0      4      1      0 WARN     AOP    ?      ZCL_ZCA_REST_OUTBOUND_LOG= DBSQL_DUPLICATE_KEY_ER RM07MLBB                     /usr/sap/AOP/D40/work/dev_w73
79034   40    57   BTC      0.7   4.72G    4.72 S       14d0h            0      3      2      0 WARN     AOP    BTC    SAPMZMPU_LT_GI_PTV         DBSQL_DUPLICATE_KEY_ER ZSD_MN_SOIDMS                /usr/sap/AOP/D40/work/dev_w57
1171    40    10   ?        0.3   4.54G    4.54 S       3d2h             0      8      0      0 WARN     AOP    ?      ?                          ?                      ?                            /usr/sap/AOP/D40/work/dev_w10
12998   40    64   BTC      0.7   4.53G    4.53 S       12d8h            0      1      2      0 WARN     AOP    BTC    ?                          ?                      ZSD_MN_SOIDMS                /usr/sap/AOP/D40/work/dev_w64
104529  40    95   DIA      1.3   4.51G    4.51 S       7h35m            0      0      0      0 WARN     AOP    DIA    ZCL_ZCA_REST_OUTBOUND_LOG= DBSQL_DUPLICATE_KEY_ER SAP_REORG_APPLJOBS           /usr/sap/AOP/D40/work/dev_w95
72832   40    4    ?        0.1   4.51G    4.51 S       6d1h             0      4      0      0 WARN     AOP    ?      SAPLORFC                   CALL_FUNCTION_SEND_ERR ?                            /usr/sap/AOP/D40/work/dev_w4

Running Terlama
Description : diurutkan berdasarkan AGE (durasi hidup WP), menurun.
PID     INST  WP   TYPE  CPU(%)     MEM RSS(GB) STATE   AGE          RABAX   SXPG    JOB  RXMSG CLASS    SID    TYPE   ABAP Program               ErrorCode              JobName                      LOG
6675    40    41   BTC      0.0   3.71G    3.71 S       14d5h            0      1      0      0 WARN     AOP    BTC    ?                          ?                      ZSD_MN_SOIDMS                /usr/sap/AOP/D40/work/dev_w41
6676    40    42   BTC      0.0   4.00G    4.00 S       14d5h            0      0      7      0 WARN     AOP    BTC    ?                          ?                      ZEWM_MN_OUTBOUND_APT_SAP_DMO /usr/sap/AOP/D40/work/dev_w42
6677    40    43   BTC      0.1   4.32G    4.32 S       14d5h            0      1      3      0 WARN     AOP    BTC    ZCL_ZCA_REST_OUTBOUND_LOG= DBSQL_DUPLICATE_KEY_ER ZSD_H_IFI_Z_UPD_AOPWEBRPLNS_ /usr/sap/AOP/D40/work/dev_w43
6678    40    44   BTC      0.4   3.98G    3.98 S       14d5h            0      2      0      0 WARN     AOP    BTC    ?                          ?                      ZEWM_MN_OUTBOUND_APT_SAP_DMO /usr/sap/AOP/D40/work/dev_w44
6679    40    45   BTC      0.1   4.10G    4.10 S       14d5h            0      0      4      0 WARN     AOP    BTC    ?                          ?                      ZSD_H_IFI_Z_UPD_AOPWEBRPLNS_ /usr/sap/AOP/D40/work/dev_w45
6681    40    47   BTC      0.1   3.78G    3.78 S       14d5h            0      1      6      0 WARN     AOP    BTC    ?                          ?                      ZPP_H_MASSGR_VIN             /usr/sap/AOP/D40/work/dev_w47
6682    40    48   BTC      0.1   4.05G    4.05 S       14d5h            0     25      1      0 WARN     AOP    BTC    ?                          ?                      ZSD_H_WMP_UPL_POST_SLS       /usr/sap/AOP/D40/work/dev_w48
6683    40    49   BTC      0.1   5.93G    5.93 S       14d5h           85      0      0      0 CRIT     AOP    BTC    ZCL_TRD_VENDOR_DELIVERY_OU DBSQL_DUPLICATE_KEY_ER ZSD_MN_SOIDMS                /usr/sap/AOP/D40/work/dev_w49
6684    40    50   BTC      1.6   3.68G    3.68 S       14d5h            0      2      1      0 WARN     AOP    BTC    ?                          ?                      ZSD_MN_SOIDMS                /usr/sap/AOP/D40/work/dev_w50
6685    40    51   BTC      0.1   4.04G    4.04 S       14d5h            0      2      3      0 WARN     AOP    BTC    ?                          ?                      ZEWM_MN_OUTBOUND_APT_SAP_DMO /usr/sap/AOP/D40/work/dev_w51

RABAX Terbanyak
Description : diurutkan berdasarkan jumlah RABAX (desc), tiebreak SXPG (desc), JOB (desc).
PID     INST  WP   TYPE    RABAX   SXPG  RXMSG    JOB CLASS  ABAP Program               ErrorCode              JobName                      LOG
6683    40    49   BTC        85      0      0      0 CRIT   ZCL_TRD_VENDOR_DELIVERY_OU DBSQL_DUPLICATE_KEY_ER ZSD_MN_SOIDMS                /usr/sap/AOP/D40/work/dev_w49
6725    40    90   ?          28      6     28     37 WARN   ZCL_ZCA_REST_OUTBOUND_LOG= DBSQL_DUPLICATE_KEY_ER SATC_WATCHDOG                /usr/sap/AOP/D40/work/dev_w90
103059  40    112  DIA        28      5     28     40 OK     RFLQ_ASSIGN_REL            SYSTEM_ABAP_ACCESS_DEN ZFI_D_PRT_INB_SUBMIRO_SSC    /usr/sap/AOP/D40/work/dev_w112
19437   40    81   ?          14     30     14      0 OK     ZCL_ZCA_REST_OUTBOUND_LOG= DBSQL_DUPLICATE_KEY_ER /IWBEP/QUERY_RESULT_LOG_CLEA /usr/sap/AOP/D40/work/dev_w81
6712    40    77   ?          14     15     14     11 WARN   CL_SALV_COLUMNS=========== UNCAUGHT_EXCEPTION     ZSD_H_CBD_PENDING            /usr/sap/AOP/D40/work/dev_w77
63248   40    60   BTC        14      9     14      7 WARN   ZCL_TRD_VENDOR_DELIVERY_OU DBSQL_DUPLICATE_KEY_ER ZEWM_MN_OUTBOUND_APT_SAP_DMO /usr/sap/AOP/D40/work/dev_w60
6715    40    80   ?          14      6     14     19 WARN   ZVCMR_H2H_CREDIT_LIMIT     IMPORT_WRONG_END_POS   ZSD_MN_SOIDMS                /usr/sap/AOP/D40/work/dev_w80
104816  40    40   BTC        14      3     14      2 WARN   /SPE/SAPLCROSS_DLVRY_HU    POSTING_ILLEGAL_STATEM ZMM_HD_INV_MOVEMENT_DET1301_ /usr/sap/AOP/D40/work/dev_w40
86862   40    59   BTC        14      3     14      0 WARN   ?                          ?                      ZEWM_MN_OUTBOUND_APT_SAP_DMO /usr/sap/AOP/D40/work/dev_w59
6708    40    74   ?           2      0      0      6 WARN   ZCL_ZCA_REST_OUTBOUND_LOG= DBSQL_DUPLICATE_KEY_ER ZSD_AD_AOE_BILL_DOM          /usr/sap/AOP/D40/work/dev_w74

snapshot @ 2026-01-29 18:11:00 WIB
================================================================================
Hostname             : AOPH3PAPPDC
OS                   : SUSE Linux Enterprise Server 15 SP3
Uptime               : 14 days 5 hours 58 minutes
vCPU                 : 28
IP address           : eth0=10.14.55.81
Logged-in            : 1 user(s), 1 session(s)
================================================================================
Metrics:
  - CPU usage         : 11.41% used, 88.59% idle
  - Load (15m)        : L15=1.97, vCPU=28, r=0.07 | LA 2.40/2.43/1.97 | Status=OK
  - Memory            : used 49.0G (40.3%), free 60.2G / 121.7G | Status=OK
  - Swap IO           : si/so 0/0 p/s | Status=OK
  - Total WP Running : 3
  - Total WP Standby : 132
  - Total WP Critical: 0
  - Total WP OK      : 80
  - Total WP Dialog  : 30
  - Total WP BTC     : 25
  - Total WP UPD     : 3
================================================================================

## WP-SCOUT @ AOPH3PAPPDC  SID=AOP  INSTS=50  TS=2026-01-29 18:11:07 WIB

CPU Tertinggi
Description : diurutkan berdasarkan CPU(%), menurun; tiebreak: RSS(GB) & AGE.
PID     INST  WP   TYPE  CPU(%)     MEM RSS(GB) STATE   AGE          RABAX   SXPG    JOB  RXMSG CLASS    SID    TYPE   ABAP Program               ErrorCode              JobName                      LOG
91439   50    64   BTC     10.9   2.21G    2.21 S       13d12h          58      0     24     58 WARN     AOP    BTC    ZCL_ZCA_REST_OUTBOUND_LOG= DBSQL_DUPLICATE_KEY_ER ZSD_H_POST_CBD_B2B_SFA_FREES /usr/sap/AOP/D50/work/dev_w64
86981   50    116  DIA     10.0   3.15G    3.15 S       1d3h            66      0     18     66 WARN     AOP    DIA    ZMPUE_OUTSTANDING_GR_LIST  SAPSQL_DATA_LOSS       ZSD_H_INBOUND_RETUR_ALLOC_AP /usr/sap/AOP/D50/work/dev_w116
4173    50    17   ?        6.4   3.09G    3.09 S       2h29m            0      0      0      0 WARN     AOP    ?      SAPLORFC                   CALL_FUNCTION_SEND_ERR ?                            /usr/sap/AOP/D50/work/dev_w17
83556   50    39   ?        6.4   2.10G    2.10 S       25m              0      0      0      0 WARN     AOP    ?      ?                          ?                      ?                            /usr/sap/AOP/D50/work/dev_w39
9078    50    92   DIA      6.4   2.58G    2.58 S       2d1h            28      1     30     28 WARN     AOP    DIA    ZCL_ZCA_REST_OUTBOUND_LOG= DBSQL_DUPLICATE_KEY_ER ZEWM_MN_OUTBOUND_APT_SAP_DMO /usr/sap/AOP/D50/work/dev_w92
5562    50    89   ?        6.3   3.65G    3.65 R       14d5h           56     20      7     56 WARN     AOP    ?      ZCL_ZCA_REST_OUTBOUND_LOG= DBSQL_DUPLICATE_KEY_ER ZSD_MN_INBOUND_CUS_B2C       /usr/sap/AOP/D50/work/dev_w89
5558    50    85   ?        6.1   2.16G    2.16 S       14d5h            0     56     11      0 WARN     AOP    ?      ZCL_ZCA_REST_OUTBOUND_LOG= DBSQL_DUPLICATE_KEY_ER ZSD_H_INBOUND_RETUR_ALLOC_AP /usr/sap/AOP/D50/work/dev_w85
119450  50    72   ?        5.7   2.06G    2.06 S       6d3h            42      2     10     42 OK       AOP    ?      ZCL_ZCA_REST_OUTBOUND_LOG= DBSQL_DUPLICATE_KEY_ER ZSD_H_POST_CBD_B2B_SFA_FREES /usr/sap/AOP/D50/work/dev_w72
119452  50    77   ?        5.4   1.89G    1.89 S       6d3h            23      5     31     23 OK       AOP    ?      ?                          ?                      SXCO_TRC_DELETE_TRACES       /usr/sap/AOP/D50/work/dev_w77
119453  50    79   ?        4.3   2.28G    2.28 S       6d3h            28     23     24     28 OK       AOP    ?      ZCL_ZCA_REST_OUTBOUND_LOG= DBSQL_DUPLICATE_KEY_ER ZSD_D_WEB_SAP_REALISASI_IN   /usr/sap/AOP/D50/work/dev_w79

Memory Tertinggi (RSS)
Description : diurutkan berdasarkan RSS(GB), menurun; tiebreak: CPU(%).
PID     INST  WP   TYPE  CPU(%)     MEM RSS(GB) STATE   AGE          RABAX   SXPG    JOB  RXMSG CLASS    SID    TYPE   ABAP Program               ErrorCode              JobName                      LOG
123092  50    99   DIA      1.7   3.78G    3.78 S       9h28m            0      0      0      0 OK       AOP    DIA    /SCWM/CL_RF_SETTINGS====== DBSQL_CONNECTION_NO_ME SAPMZMIM_GENR_INBOUNDDEL     /usr/sap/AOP/D50/work/dev_w99
109991  50    93   DIA      1.2   3.67G    3.67 S       9h49m            0      0      0      0 OK       AOP    DIA    ZCL_ZCA_REST_OUTBOUND_LOG= DBSQL_DUPLICATE_KEY_ER ZMM_D_REPORTPO_MTM           /usr/sap/AOP/D50/work/dev_w93
26045   50    103  DIA      1.3   3.67G    3.67 S       8h35m            0     25      0      0 OK       AOP    DIA    ZFARR_INV_LIST_REPORT      TIME_OUT               ZFI_D_PRT_INB_MIRO_SSC       /usr/sap/AOP/D50/work/dev_w103
5562    50    89   ?        6.3   3.65G    3.65 R       14d5h           56     20      7     56 WARN     AOP    ?      ZCL_ZCA_REST_OUTBOUND_LOG= DBSQL_DUPLICATE_KEY_ER ZSD_MN_INBOUND_CUS_B2C       /usr/sap/AOP/D50/work/dev_w89
91631   50    94   DIA      2.0   3.63G    3.63 S       10h14m           0      0      0      0 OK       AOP    DIA    SAPLQOWK                   CALL_FUNCTION_SEND_ERR ZSD_MN_WH_BILLING_VF04       /usr/sap/AOP/D50/work/dev_w94
96042   50    95   DIA      1.3   3.62G    3.62 S       20h29m           0      0      0      0 OK       AOP    DIA    ZLOBE_AFTER_CONFIRM        DBSQL_SQL_DEADLOCK_DET ZEWM_MN_OUTBOUND_APT_SAP_DMO /usr/sap/AOP/D50/work/dev_w95
4928    50    122  DIA      2.5   3.60G    3.60 S       2h26m            0      5      0      0 OK       AOP    DIA    ?                          ?                      ?                            /usr/sap/AOP/D50/work/dev_w122
33018   50    27   ?        0.6   3.56G    3.56 S       22h7m            0      6      0      0 OK       AOP    ?      ?                          ?                      ?                            /usr/sap/AOP/D50/work/dev_w27
91116   50    98   DIA      1.4   3.55G    3.55 S       10h16m           0      1      0      0 OK       AOP    DIA    SAPLORFC                   CALL_FUNCTION_SEND_ERR ZFI_D_PRT_INB_SUBMIRO_SSC    /usr/sap/AOP/D50/work/dev_w98
58639   50    35   ?        0.7   3.50G    3.50 S       11h7m            0      1      0      0 OK       AOP    ?      ZCL_IM_EI_MIM_MIGO_BADI=== DYNPRO_MSG_IN_HELP     ?                            /usr/sap/AOP/D50/work/dev_w35

Running Terlama
Description : diurutkan berdasarkan AGE (durasi hidup WP), menurun.
PID     INST  WP   TYPE  CPU(%)     MEM RSS(GB) STATE   AGE          RABAX   SXPG    JOB  RXMSG CLASS    SID    TYPE   ABAP Program               ErrorCode              JobName                      LOG
5514    50    41   BTC      0.5   1.21G    1.21 S       14d5h            0      3      2      0 WARN     AOP    BTC    ZMPUE_OUTSTANDING_GR_LIST  SAPSQL_DATA_LOSS       ZSD_MN_SOIDMS                /usr/sap/AOP/D50/work/dev_w41
5516    50    43   BTC      0.8    983M    0.96 S       14d5h           14      0     10     14 WARN     AOP    BTC    ZCL_ZCA_REST_OUTBOUND_LOG= DBSQL_DUPLICATE_KEY_ER R_JR_BTCJOBS_GENERATOR       /usr/sap/AOP/D50/work/dev_w43
5517    50    44   BTC      0.5   1.58G    1.58 S       14d5h           14      0     11     14 WARN     AOP    BTC    ZCL_ZCA_REST_OUTBOUND_LOG= DBSQL_DUPLICATE_KEY_ER ZBAS_D_OUT_API_IAM_SAP_LOGIN /usr/sap/AOP/D50/work/dev_w44
5518    50    45   BTC      0.4   1.22G    1.22 S       14d5h            0      0      2      0 WARN     AOP    BTC    ?                          ?                      ZPP_H_REPROCESS_CONF_BKIT_CD /usr/sap/AOP/D50/work/dev_w45
5519    50    46   BTC      0.3   1.27G    1.27 S       14d5h           14      1      4     14 WARN     AOP    BTC    ?                          ?                      ZEWM_MN_OUTBOUND_APT_SAP_DMO /usr/sap/AOP/D50/work/dev_w46
5521    50    48   BTC      1.2   1.57G    1.57 S       14d5h           14      1      5     14 WARN     AOP    BTC    ?                          ?                      ZFI_D_PRT_OUT_OPEN_TDY       /usr/sap/AOP/D50/work/dev_w48
5524    50    51   BTC      0.7   1.34G    1.34 S       14d5h           14      1     11     14 WARN     AOP    BTC    ZVCMR_H2H_CREDIT_LIMIT     IMPORT_WRONG_END_POS   ZFI_D_H2H_CREDITLIMIT        /usr/sap/AOP/D50/work/dev_w51
5526    50    53   BTC      1.3   1.58G    1.58 S       14d5h           14      0      5     14 WARN     AOP    BTC    /SCWM/SAPLMON_REFRESH      CALL_FUNCTION_SEND_ERR ZEWM_MN_OUTBOUND_APT_SAP_DMO /usr/sap/AOP/D50/work/dev_w53
5538    50    65   ?        0.0    993M    0.97 S       14d5h            0      0      0      0 WARN     AOP    ?      SAPLCOFW                   MESSAGE_TYPE_X         ?                            /usr/sap/AOP/D50/work/dev_w65
5539    50    66   ?        0.0    727M    0.71 S       14d5h            0      0      0      0 WARN     AOP    ?      ?                          ?                      ?                            /usr/sap/AOP/D50/work/dev_w66

RABAX Terbanyak
Description : diurutkan berdasarkan jumlah RABAX (desc), tiebreak SXPG (desc), JOB (desc).
PID     INST  WP   TYPE    RABAX   SXPG  RXMSG    JOB CLASS  ABAP Program               ErrorCode              JobName                      LOG
44316   50    21   ?          85      4      0      0 OK     CL_RSTX_TABLE_VIEW======== TIME_OUT               ?                            /usr/sap/AOP/D50/work/dev_w21
5556    50    83   ?          70      2     70     14 WARN   ?                          ?                      ZEWM_MN_OUTBOUND_APT_SAP_DMO /usr/sap/AOP/D50/work/dev_w83
5549    50    76   ?          70      1     70     16 WARN   RFLQ_ASSIGN_REL            SYSTEM_ABAP_ACCESS_DEN ZEWM_MN_OUTBOUND_APT_SAP_DMO /usr/sap/AOP/D50/work/dev_w76
86981   50    116  DIA        66      0     66     18 WARN   ZMPUE_OUTSTANDING_GR_LIST  SAPSQL_DATA_LOSS       ZSD_H_INBOUND_RETUR_ALLOC_AP /usr/sap/AOP/D50/work/dev_w116
5553    50    80   ?          64      0     64     19 WARN   ?                          ?                      ZSD_MN_SOIDMS                /usr/sap/AOP/D50/work/dev_w80
91439   50    64   BTC        58      0     58     24 WARN   ZCL_ZCA_REST_OUTBOUND_LOG= DBSQL_DUPLICATE_KEY_ER ZSD_H_POST_CBD_B2B_SFA_FREES /usr/sap/AOP/D50/work/dev_w64
5562    50    89   ?          56     20     56      7 WARN   ZCL_ZCA_REST_OUTBOUND_LOG= DBSQL_DUPLICATE_KEY_ER ZSD_MN_INBOUND_CUS_B2C       /usr/sap/AOP/D50/work/dev_w89
5561    50    88   ?          56      2     56     25 WARN   ZCL_ZCA_REST_OUTBOUND_LOG= DBSQL_DUPLICATE_KEY_ER ZSD_H_IFI_Z_UPD_AOPWEBRPLNS_ /usr/sap/AOP/D50/work/dev_w88
4457    50    91   DIA        54      3     54     26 OK     ZCL_ZCA_REST_OUTBOUND_LOG= DBSQL_DUPLICATE_KEY_ER ZMM_HD_INV_MOVEMENT_SUM1301_ /usr/sap/AOP/D50/work/dev_w91
119454  50    82   ?          51      2     51     29 OK     ZCL_ZCA_REST_OUTBOUND_LOG= DBSQL_DUPLICATE_KEY_ER ZSD_MN_SOIDMS                /usr/sap/AOP/D50/work/dev_w82

snapshot @ 2026-01-29 18:11:08 WIB
================================================================================
Hostname             : AOPH4PAPPDC
OS                   : SUSE Linux Enterprise Server 15 SP3
Uptime               : 14 days 5 hours 57 minutes
vCPU                 : 28
IP address           : eth0=10.14.55.94
Logged-in            : 1 user(s), 1 session(s)
================================================================================
Metrics:
  - CPU usage         : 3.96% used, 96.04% idle
  - Load (15m)        : L15=1.70, vCPU=28, r=0.06 | LA 1.39/1.39/1.70 | Status=OK
  - Memory            : used 53.2G (43.7%), free 58.5G / 121.7G | Status=OK
  - Swap IO           : si/so 0/0 p/s | Status=OK
  - Total WP Running : 1
  - Total WP Standby : 132
  - Total WP Critical: 2
  - Total WP OK      : 52
  - Total WP Dialog  : 29
  - Total WP BTC     : 27
  - Total WP UPD     : 3
================================================================================

## WP-SCOUT @ AOPH4PAPPDC  SID=AOP  INSTS=60  TS=2026-01-29 18:11:15 WIB

CPU Tertinggi
Description : diurutkan berdasarkan CPU(%), menurun; tiebreak: RSS(GB) & AGE.
PID     INST  WP   TYPE  CPU(%)     MEM RSS(GB) STATE   AGE          RABAX   SXPG    JOB  RXMSG CLASS    SID    TYPE   ABAP Program               ErrorCode              JobName                      LOG
37086   60    36   ?        9.8   4.41G    4.41 R       17h33m           0     10      0      0 WARN     AOP    ?      SAPLORFC                   CALL_FUNCTION_SEND_ERR ?                            /usr/sap/AOP/D60/work/dev_w36
41987   60    64   BTC      7.0   4.51G    4.51 S       13d12h           0      2     62      0 WARN     AOP    BTC    ZCL_ZCA_REST_OUTBOUND_LOG= DBSQL_DUPLICATE_KEY_ER ZEWM_MN_OUTBOUND_APT_SAP_DMO /usr/sap/AOP/D60/work/dev_w64
76564   60    109  DIA      5.4   3.11G    3.11 S       1h25m            0      0      0      0 OK       AOP    DIA    SAPLORFC                   CALL_FUNCTION_SEND_ERR ZEWM_MN_OUTBOUND_APT_SAP_DMO /usr/sap/AOP/D60/work/dev_w109
5565    60    87   ?        3.5   3.56G    3.56 S       14d5h           14     12     41     14 WARN     AOP    ?      ?                          ?                      ZEWM_MN_OUTBOUND_APT_SAP_DMO /usr/sap/AOP/D60/work/dev_w87
5566    60    88   ?        3.2   5.04G    5.04 S       14d5h           20      5     49      0 WARN     AOP    ?      ZCL_ZCA_REST_OUTBOUND_LOG= DBSQL_DUPLICATE_KEY_ER ZEWM_MN_OUTBOUND_APT_SAP_DMO /usr/sap/AOP/D60/work/dev_w88
5562    60    84   ?        2.8   3.87G    3.87 S       14d5h            0      5     44      0 WARN     AOP    ?      ZCL_ZCA_REST_OUTBOUND_LOG= DBSQL_DUPLICATE_KEY_ER SAP_ESH_QUERY_LOG_REORG      /usr/sap/AOP/D60/work/dev_w84
5557    60    79   ?        2.7   3.21G    3.21 S       14d5h            0     11     43      0 WARN     AOP    ?      ZCL_ZCA_REST_OUTBOUND_LOG= DBSQL_DUPLICATE_KEY_ER ZEWM_MN_OUTBOUND_APT_SAP_DMO /usr/sap/AOP/D60/work/dev_w79
126043  60    115  DIA      2.4   3.76G    3.76 S       3h15m            0      0      0      0 OK       AOP    DIA    SAPMZMPU_LT_GI_PTV         DBSQL_DUPLICATE_KEY_ER ZSD_AD_RLB_RETAIL_1507       /usr/sap/AOP/D60/work/dev_w115
91256   60    117  DIA      2.4   4.43G    4.43 S       7h0m             0     18      0      0 WARN     AOP    DIA    ZFGLI_PPH_EBUPOT           BCD_ZERODIVIDE         ZFI_D_PRT_INB_MIRO_SSC       /usr/sap/AOP/D60/work/dev_w117
5554    60    76   ?        2.3   3.28G    3.28 S       14d5h            0      7      8      0 WARN     AOP    ?      ZCL_TRD_VENDOR_DELIVERY_OU DBSQL_DUPLICATE_KEY_ER ZEWM_MN_OUTBOUND_APT_SAP_DMO /usr/sap/AOP/D60/work/dev_w76

Memory Tertinggi (RSS)
Description : diurutkan berdasarkan RSS(GB), menurun; tiebreak: CPU(%).
PID     INST  WP   TYPE  CPU(%)     MEM RSS(GB) STATE   AGE          RABAX   SXPG    JOB  RXMSG CLASS    SID    TYPE   ABAP Program               ErrorCode              JobName                      LOG
5536    60    58   BTC      0.8   5.84G    5.84 S       14d5h            0      5      3      0 CRIT     AOP    BTC    ?                          ?                      RSDRAFT_LIFECYCLE_MANAGER    /usr/sap/AOP/D60/work/dev_w58
5524    60    46   BTC      0.7   5.69G    5.69 S       14d5h            0      2      9      0 CRIT     AOP    BTC    ?                          ?                      SAPMZMIM_GENR_INBOUNDDEL     /usr/sap/AOP/D60/work/dev_w46
5564    60    86   ?        1.6   5.30G    5.30 S       14d5h            0     16     33      0 WARN     AOP    ?      ZCL_ZCA_REST_OUTBOUND_LOG= DBSQL_DUPLICATE_KEY_ER ZBAS_D_OUT_API_IAM_SAP_LOGIN /usr/sap/AOP/D60/work/dev_w86
5566    60    88   ?        3.2   5.04G    5.04 S       14d5h           20      5     49      0 WARN     AOP    ?      ZCL_ZCA_REST_OUTBOUND_LOG= DBSQL_DUPLICATE_KEY_ER ZEWM_MN_OUTBOUND_APT_SAP_DMO /usr/sap/AOP/D60/work/dev_w88
5537    60    59   BTC      0.7   5.00G    5.00 S       14d5h            0      1     13      0 WARN     AOP    BTC    ZCL_TRD_VENDOR_DELIVERY_OU DBSQL_DUPLICATE_KEY_ER ZSD_H_INBOUND_FEEDBACK_ALLOC /usr/sap/AOP/D60/work/dev_w59
5556    60    78   ?        1.8   4.97G    4.97 S       14d5h            0     15     38      0 WARN     AOP    ?      CL_SALV_BS_RUNTIME_INFO=== MEMORY_NO_MORE_PAGING  ZSD_MN_WH_BILLING_VF04       /usr/sap/AOP/D60/work/dev_w78
5533    60    55   BTC      1.8   4.88G    4.88 S       14d5h            0     13     14      0 WARN     AOP    BTC    ?                          ?                      ZSD_MN_SOIDMS                /usr/sap/AOP/D60/work/dev_w55
5551    60    73   ?        0.8   4.87G    4.87 S       14d5h           14      4     12     14 WARN     AOP    ?      ?                          ?                      ZSD_MN_SOIDMS                /usr/sap/AOP/D60/work/dev_w73
5540    60    62   BTC      0.6   4.86G    4.86 S       14d5h            0      7     12      0 WARN     AOP    BTC    ?                          ?                      ZSD_MN_SOIDMS                /usr/sap/AOP/D60/work/dev_w62
5538    60    60   BTC      0.3   4.83G    4.83 S       14d5h            0      4     13      0 WARN     AOP    BTC    CORUAFFW                   DBSQL_STMNT_TOO_LARGE  ZEWM_MN_OUTBOUND_APT_SAP_DMO /usr/sap/AOP/D60/work/dev_w60

Running Terlama
Description : diurutkan berdasarkan AGE (durasi hidup WP), menurun.
PID     INST  WP   TYPE  CPU(%)     MEM RSS(GB) STATE   AGE          RABAX   SXPG    JOB  RXMSG CLASS    SID    TYPE   ABAP Program               ErrorCode              JobName                      LOG
5522    60    44   BTC      0.1   4.68G    4.68 S       14d5h            0      1      5      0 WARN     AOP    BTC    ZCL_TRD_VENDOR_DELIVERY_OU DBSQL_DUPLICATE_KEY_ER R_JR_BTCJOBS_GENERATOR       /usr/sap/AOP/D60/work/dev_w44
5523    60    45   BTC      0.1   3.58G    3.58 S       14d5h           14      7      1     14 WARN     AOP    BTC    ?                          ?                      ZEWM_MN_OUTBOUND_APT_SAP_DMO /usr/sap/AOP/D60/work/dev_w45
5524    60    46   BTC      0.7   5.69G    5.69 S       14d5h            0      2      9      0 CRIT     AOP    BTC    ?                          ?                      SAPMZMIM_GENR_INBOUNDDEL     /usr/sap/AOP/D60/work/dev_w46
5525    60    47   BTC      0.7   4.79G    4.79 S       14d5h            0     41      1      0 WARN     AOP    BTC    ?                          ?                      R_JR_BTCJOBS_GENERATOR       /usr/sap/AOP/D60/work/dev_w47
5526    60    48   BTC      0.1   4.27G    4.27 S       14d5h            0      0      2      0 WARN     AOP    BTC    ?                          ?                      SAPMZMIM_GENR_INBOUNDDEL     /usr/sap/AOP/D60/work/dev_w48
5527    60    49   BTC      0.3   4.54G    4.54 S       14d5h            0      1      6      0 WARN     AOP    BTC    ?                          ?                      ZSD_H_INB_RETALLOC_POST_API  /usr/sap/AOP/D60/work/dev_w49
5528    60    50   BTC      0.6   3.42G    3.42 S       14d5h            0      1     10      0 WARN     AOP    BTC    ?                          ?                      RK_PKOSA_MULTI_CREATE        /usr/sap/AOP/D60/work/dev_w50
5529    60    51   BTC      0.1   3.79G    3.79 S       14d5h            0      1      6      0 WARN     AOP    BTC    ?                          ?                      ZSD_MN_SOIDMS                /usr/sap/AOP/D60/work/dev_w51
5530    60    52   BTC      0.5   3.98G    3.98 S       14d5h            0      3      7      0 WARN     AOP    BTC    ?                          ?                      ZSD_D_OPN_BIL_AWP            /usr/sap/AOP/D60/work/dev_w52
5531    60    53   BTC      1.4   4.05G    4.05 S       14d5h           14      1      8     14 WARN     AOP    BTC    ZCL_TRD_VENDOR_DELIVERY_OU DBSQL_DUPLICATE_KEY_ER SAP_ILM_APPL_ARC_JOB_SCHEDUL /usr/sap/AOP/D60/work/dev_w53

RABAX Terbanyak
Description : diurutkan berdasarkan jumlah RABAX (desc), tiebreak SXPG (desc), JOB (desc).
PID     INST  WP   TYPE    RABAX   SXPG  RXMSG    JOB CLASS  ABAP Program               ErrorCode              JobName                      LOG
48109   60    2    ?          85      5      0      0 OK     /SPE/SAPLCROSS_DLVRY_HU    POSTING_ILLEGAL_STATEM ?                            /usr/sap/AOP/D60/work/dev_w2
5566    60    88   ?          20      5      0     49 WARN   ZCL_ZCA_REST_OUTBOUND_LOG= DBSQL_DUPLICATE_KEY_ER ZEWM_MN_OUTBOUND_APT_SAP_DMO /usr/sap/AOP/D60/work/dev_w88
19708   60    41   BTC        14     25     14      2 WARN   CL_GUI_FRONTEND_SERVICES== RAISE_EXCEPTION        ZSD_MN_SOIDMS                /usr/sap/AOP/D60/work/dev_w41
5565    60    87   ?          14     12     14     41 WARN   ?                          ?                      ZEWM_MN_OUTBOUND_APT_SAP_DMO /usr/sap/AOP/D60/work/dev_w87
5563    60    85   ?          14      7     14     49 WARN   ?                          ?                      ZMM_D_INVCTRL_MTM            /usr/sap/AOP/D60/work/dev_w85
5523    60    45   BTC        14      7     14      1 WARN   ?                          ?                      ZEWM_MN_OUTBOUND_APT_SAP_DMO /usr/sap/AOP/D60/work/dev_w45
5551    60    73   ?          14      4     14     12 WARN   ?                          ?                      ZSD_MN_SOIDMS                /usr/sap/AOP/D60/work/dev_w73
5541    60    63   BTC        14      1     14     15 WARN   ZFARE_GIRO_CREATE          CONVT_NO_NUMBER        ZSD_MN_SOIDMS                /usr/sap/AOP/D60/work/dev_w63
5531    60    53   BTC        14      1     14      8 WARN   ZCL_TRD_VENDOR_DELIVERY_OU DBSQL_DUPLICATE_KEY_ER SAP_ILM_APPL_ARC_JOB_SCHEDUL /usr/sap/AOP/D60/work/dev_w53
5525    60    47   BTC         0     41      0      1 WARN   ?                          ?                      R_JR_BTCJOBS_GENERATOR       /usr/sap/AOP/D60/work/dev_w47

snapshot @ 2026-01-29 18:11:17 WIB
================================================================================
Hostname             : AOPH5PAPPDC
OS                   : SUSE Linux Enterprise Server 15 SP3
Uptime               : 14 days 5 hours 56 minutes
vCPU                 : 28
IP address           : eth0=10.14.55.195
Logged-in            : 2 user(s), 2 session(s)
================================================================================
Metrics:
  - CPU usage         : 11.02% used, 88.98% idle
  - Load (15m)        : L15=2.79, vCPU=28, r=0.10 | LA 2.44/2.86/2.79 | Status=OK
  - Memory            : used 56.4G (46.3%), free 34.6G / 121.8G | Status=OK
  - Swap IO           : si/so 0/0 p/s | Status=OK
  - Total WP Running : 2
  - Total WP Standby : 129
  - Total WP Critical: 0
  - Total WP OK      : 68
  - Total WP Dialog  : 26
  - Total WP BTC     : 26
  - Total WP UPD     : 3
================================================================================

## WP-SCOUT @ AOPH5PAPPDC  SID=AOP  INSTS=70  TS=2026-01-29 18:11:28 WIB

CPU Tertinggi
Description : diurutkan berdasarkan CPU(%), menurun; tiebreak: RSS(GB) & AGE.
PID     INST  WP   TYPE  CPU(%)     MEM RSS(GB) STATE   AGE          RABAX   SXPG    JOB  RXMSG CLASS    SID    TYPE   ABAP Program               ErrorCode              JobName                      LOG
29366   70    64   BTC      7.8   3.85G    3.85 S       13d12h          14     53      3     14 WARN     AOP    BTC    ZCL_ZCA_REST_OUTBOUND_LOG= DBSQL_DUPLICATE_KEY_ER ZBAS_D_OUT_API_IAM_SAP_LOGIN /usr/sap/AOP/D70/work/dev_w64
5299    70    82   ?        3.4   3.63G    3.63 S       14d5h           14     57      0     14 WARN     AOP    ?      ZCL_ZCA_REST_OUTBOUND_LOG= DBSQL_DUPLICATE_KEY_ER ZEWM_MN_OUTBOUND_APT_SAP_DMO /usr/sap/AOP/D70/work/dev_w82
5302    70    85   ?        3.4   3.44G    3.44 S       14d5h           14     23      3     14 WARN     AOP    ?      ZCL_ZCA_REST_OUTBOUND_LOG= DBSQL_DUPLICATE_KEY_ER ZEWM_MN_OUTBOUND_APT_SAP_DMO /usr/sap/AOP/D70/work/dev_w85
5308    70    91   ?        3.3   3.81G    3.81 S       14d5h           14     18     20     14 WARN     AOP    ?      ZCL_ZCA_REST_OUTBOUND_LOG= DBSQL_DUPLICATE_KEY_ER ZSD_H_INBOUND_FEEDBACK_ALLOC /usr/sap/AOP/D70/work/dev_w91
5293    70    76   ?        3.0   3.25G    3.25 S       14d5h            0     52      0      0 WARN     AOP    ?      ZVSLI_PAYMENT_REQUEST      CALL_FUNCTION_CONFLICT ZSD_MN_SOIDMS                /usr/sap/AOP/D70/work/dev_w76
5303    70    86   ?        3.0   4.97G    4.97 S       14d5h           56      9     14     56 WARN     AOP    ?      ZCL_ZCA_REST_OUTBOUND_LOG= DBSQL_DUPLICATE_KEY_ER ZEWM_MN_OUTBOUND_APT_SAP_DMO /usr/sap/AOP/D70/work/dev_w86
5306    70    89   ?        2.9   3.55G    3.55 S       14d5h           83     30      0      0 WARN     AOP    ?      ZCL_ZCA_REST_OUTBOUND_LOG= DBSQL_DUPLICATE_KEY_ER ZEWM_MN_OUTBOUND_APT_SAP_DMO /usr/sap/AOP/D70/work/dev_w89
5304    70    87   ?        2.8   3.36G    3.36 S       14d5h           42     18     10     42 WARN     AOP    ?      ZCL_ZCA_REST_OUTBOUND_LOG= DBSQL_DUPLICATE_KEY_ER ZEWM_MN_OUTBOUND_APT_SAP_DMO /usr/sap/AOP/D70/work/dev_w87
5307    70    90   ?        2.8   3.57G    3.57 S       14d5h           40      9      7     40 WARN     AOP    ?      ZCL_ZCA_REST_OUTBOUND_LOG= DBSQL_DUPLICATE_KEY_ER ZSD_MN_SOIDMS                /usr/sap/AOP/D70/work/dev_w90
5296    70    79   ?        2.7   3.26G    3.26 S       14d5h           14     39     17     14 WARN     AOP    ?      ?                          ?                      ZMM_D_INVREPRORT_2506        /usr/sap/AOP/D70/work/dev_w79

Memory Tertinggi (RSS)
Description : diurutkan berdasarkan RSS(GB), menurun; tiebreak: CPU(%).
PID     INST  WP   TYPE  CPU(%)     MEM RSS(GB) STATE   AGE          RABAX   SXPG    JOB  RXMSG CLASS    SID    TYPE   ABAP Program               ErrorCode              JobName                      LOG
5271    70    54   BTC      2.2   5.26G    5.26 R       14d5h            0     49      2      0 WARN     AOP    BTC    ZLOBE_AFTER_CONFIRM        DBSQL_SQL_DEADLOCK_DET ZSD_D_INT_MRS_SLS_SND        /usr/sap/AOP/D70/work/dev_w54
5303    70    86   ?        3.0   4.97G    4.97 S       14d5h           56      9     14     56 WARN     AOP    ?      ZCL_ZCA_REST_OUTBOUND_LOG= DBSQL_DUPLICATE_KEY_ER ZEWM_MN_OUTBOUND_APT_SAP_DMO /usr/sap/AOP/D70/work/dev_w86
5291    70    74   ?        1.5   4.90G    4.90 S       14d5h           14     10      8     14 WARN     AOP    ?      ZVCMR_H2H_CREDIT_LIMIT     IMPORT_WRONG_END_POS   ZSD_H_INBOUND_FEEDBACK_ALLOC /usr/sap/AOP/D70/work/dev_w74
5263    70    46   BTC      0.9   4.88G    4.88 S       14d5h            0      2      1      0 WARN     AOP    BTC    ZCL_ZCA_REST_OUTBOUND_LOG= DBSQL_DUPLICATE_KEY_ER ZEWM_MN_OUTBOUND_APT_SAP_DMO /usr/sap/AOP/D70/work/dev_w46
5289    70    72   ?        2.3   4.79G    4.79 S       14d5h            0     19      5      0 WARN     AOP    ?      ZCL_ZCA_REST_OUTBOUND_LOG= DBSQL_DUPLICATE_KEY_ER ZEWM_MN_OUTBOUND_APT_SAP_DMO /usr/sap/AOP/D70/work/dev_w72
10628   70    63   BTC      1.0   4.48G    4.48 S       10d5h           14     12      4     14 WARN     AOP    BTC    ZCL_ZCA_REST_OUTBOUND_LOG= DBSQL_DUPLICATE_KEY_ER ZEWM_MN_OUTBOUND_APT_SAP_DMO /usr/sap/AOP/D70/work/dev_w63
20860   70    57   BTC      1.2   4.43G    4.43 S       13d23h           0      7      3      0 WARN     AOP    BTC    ZCL_ZCA_REST_OUTBOUND_LOG= DBSQL_DUPLICATE_KEY_ER ZPP_D_NM_OUTBOUND_GR_S       /usr/sap/AOP/D70/work/dev_w57
29366   70    64   BTC      7.8   3.85G    3.85 S       13d12h          14     53      3     14 WARN     AOP    BTC    ZCL_ZCA_REST_OUTBOUND_LOG= DBSQL_DUPLICATE_KEY_ER ZBAS_D_OUT_API_IAM_SAP_LOGIN /usr/sap/AOP/D70/work/dev_w64
13736   70    60   BTC      0.9   3.81G    3.81 S       14d1h            0      5      0      0 WARN     AOP    BTC    ZVCMR_H2H_CREDIT_LIMIT     IMPORT_WRONG_END_POS   ZSD_MN_INBOUND_CUS_B2C       /usr/sap/AOP/D70/work/dev_w60
5308    70    91   ?        3.3   3.81G    3.81 S       14d5h           14     18     20     14 WARN     AOP    ?      ZCL_ZCA_REST_OUTBOUND_LOG= DBSQL_DUPLICATE_KEY_ER ZSD_H_INBOUND_FEEDBACK_ALLOC /usr/sap/AOP/D70/work/dev_w91

Running Terlama
Description : diurutkan berdasarkan AGE (durasi hidup WP), menurun.
PID     INST  WP   TYPE  CPU(%)     MEM RSS(GB) STATE   AGE          RABAX   SXPG    JOB  RXMSG CLASS    SID    TYPE   ABAP Program               ErrorCode              JobName                      LOG
5256    70    39   BTC      0.6   3.47G    3.47 S       14d5h            0      3      0      0 WARN     AOP    BTC    ZCL_ZCA_REST_OUTBOUND_LOG= DBSQL_DUPLICATE_KEY_ER ZBAS_D_OUT_API_IAM_SAP_LOGIN /usr/sap/AOP/D70/work/dev_w39
5257    70    40   BTC      0.0   2.97G    2.97 S       14d5h            0     25      7      0 WARN     AOP    BTC    ZCL_ZCA_REST_OUTBOUND_LOG= DBSQL_DUPLICATE_KEY_ER ZBAS_D_OUT_API_IAM_SAP_LOGIN /usr/sap/AOP/D70/work/dev_w40
5258    70    41   BTC      0.1   3.38G    3.38 S       14d5h            0     26      2      0 WARN     AOP    BTC    ZCL_ZCA_REST_OUTBOUND_LOG= DBSQL_DUPLICATE_KEY_ER ZBAS_D_OUT_API_IAM_SAP_LOGIN /usr/sap/AOP/D70/work/dev_w41
5259    70    42   BTC      0.0   3.28G    3.28 S       14d5h            0      1      1      0 WARN     AOP    BTC    ?                          ?                      ZEWM_MN_OUTBOUND_APT_SAP_DMO /usr/sap/AOP/D70/work/dev_w42
5260    70    43   BTC      0.2   3.46G    3.46 S       14d5h            0     12      0      0 WARN     AOP    BTC    ?                          ?                      /IWFND/NOTIFICATION_CLEANUP  /usr/sap/AOP/D70/work/dev_w43
5261    70    44   BTC      0.2   3.35G    3.35 S       14d5h           14      0      1     14 WARN     AOP    BTC    ?                          ?                      ZEWM_MN_OUTBOUND_APT_SAP_DMO /usr/sap/AOP/D70/work/dev_w44
5262    70    45   BTC      0.9   3.31G    3.31 S       14d5h            0      4      9      0 WARN     AOP    BTC    ?                          ?                      ZSD_H_INBOUND_FEEDBACK_ALLOC /usr/sap/AOP/D70/work/dev_w45
5263    70    46   BTC      0.9   4.88G    4.88 S       14d5h            0      2      1      0 WARN     AOP    BTC    ZCL_ZCA_REST_OUTBOUND_LOG= DBSQL_DUPLICATE_KEY_ER ZEWM_MN_OUTBOUND_APT_SAP_DMO /usr/sap/AOP/D70/work/dev_w46
5265    70    48   BTC      0.6   3.65G    3.65 S       14d5h            0     12      0      0 WARN     AOP    BTC    ?                          ?                      ZSD_MN_INBOUND_CUS_B2C       /usr/sap/AOP/D70/work/dev_w48
5266    70    49   BTC      0.7   3.19G    3.19 S       14d5h            0      3      1      0 WARN     AOP    BTC    ?                          ?                      ZSD_AD_AOE_BILL_DOM          /usr/sap/AOP/D70/work/dev_w49

RABAX Terbanyak
Description : diurutkan berdasarkan jumlah RABAX (desc), tiebreak SXPG (desc), JOB (desc).
PID     INST  WP   TYPE    RABAX   SXPG  RXMSG    JOB CLASS  ABAP Program               ErrorCode              JobName                      LOG
5283    70    66   ?          85      0      0      0 WARN   SAPLCOFW                   MESSAGE_TYPE_X         ?                            /usr/sap/AOP/D70/work/dev_w66
5306    70    89   ?          83     30      0      0 WARN   ZCL_ZCA_REST_OUTBOUND_LOG= DBSQL_DUPLICATE_KEY_ER ZEWM_MN_OUTBOUND_APT_SAP_DMO /usr/sap/AOP/D70/work/dev_w89
5303    70    86   ?          56      9     56     14 WARN   ZCL_ZCA_REST_OUTBOUND_LOG= DBSQL_DUPLICATE_KEY_ER ZEWM_MN_OUTBOUND_APT_SAP_DMO /usr/sap/AOP/D70/work/dev_w86
5304    70    87   ?          42     18     42     10 WARN   ZCL_ZCA_REST_OUTBOUND_LOG= DBSQL_DUPLICATE_KEY_ER ZEWM_MN_OUTBOUND_APT_SAP_DMO /usr/sap/AOP/D70/work/dev_w87
20372   70    59   BTC        42      6     42      0 OK     /SPE/SAPLCROSS_DLVRY_HU    POSTING_ILLEGAL_STATEM ZEWM_MN_OUTBOUND_APT_SAP_DMO /usr/sap/AOP/D70/work/dev_w59
5307    70    90   ?          40      9     40      7 WARN   ZCL_ZCA_REST_OUTBOUND_LOG= DBSQL_DUPLICATE_KEY_ER ZSD_MN_SOIDMS                /usr/sap/AOP/D70/work/dev_w90
5305    70    88   ?          28     40     28      3 WARN   ZCL_ZCA_REST_OUTBOUND_LOG= DBSQL_DUPLICATE_KEY_ER ZSD_H_WMP_UPL_POST_SLS       /usr/sap/AOP/D70/work/dev_w88
5301    70    84   ?          28     34     28     10 WARN   ZCL_ZCA_REST_OUTBOUND_LOG= DBSQL_DUPLICATE_KEY_ER ZMM_D_ERP_OUTBND_GRPO_0103   /usr/sap/AOP/D70/work/dev_w84
5295    70    78   ?          28      8     28      7 WARN   ZCL_ZCA_REST_OUTBOUND_LOG= DBSQL_DUPLICATE_KEY_ER ZEWM_MN_OUTBOUND_APT_SAP_DMO /usr/sap/AOP/D70/work/dev_w78
5299    70    82   ?          14     57     14      0 WARN   ZCL_ZCA_REST_OUTBOUND_LOG= DBSQL_DUPLICATE_KEY_ER ZEWM_MN_OUTBOUND_APT_SAP_DMO /usr/sap/AOP/D70/work/dev_w82

