snapshot @ 2026-01-29 09:20:45 WIB
================================================================================
Hostname             : AOPH1PAPPDC
OS                   : SUSE Linux Enterprise Server 15 SP3
Uptime               : 13 days 21 hours 25 minutes
vCPU                 : 28
IP address           : eth0=10.14.55.78
Logged-in            : 2 user(s), 3 session(s)
================================================================================
Metrics:
  - CPU usage         : 20.86% used, 79.14% idle
  - Load (15m)        : L15=3.11, vCPU=28, r=0.11 | LA 4.05/3.39/3.11 | Status=OK
  - Memory            : used 70.2G (57.7%), free 18.6G / 121.7G | Status=OK
  - Swap IO           : si/so 0/0 p/s | Status=OK
  - Total WP Running : 5
  - Total WP Standby : 128
  - Total WP Critical: 5
  - Total WP OK      : 51
  - Total WP Dialog  : 28
  - Total WP BTC     : 26
  - Total WP UPD     : 3
================================================================================

## WP-SCOUT @ AOPH1PAPPDC  SID=AOP  INSTS=30  TS=2026-01-29 09:20:50 WIB

CPU Tertinggi
Description : diurutkan berdasarkan CPU(%), menurun; tiebreak: RSS(GB) & AGE.
PID     INST  WP   TYPE  CPU(%)     MEM RSS(GB) STATE   AGE          RABAX   SXPG    JOB  RXMSG CLASS    SID    TYPE   ABAP Program               ErrorCode              JobName                      LOG
95439   30    110  DIA     19.8   4.25G    4.25 S       17h19m           0      1      0      0 CRIT     AOP    DIA    ZCL_ZCA_REST_OUTBOUND_LOG= DBSQL_DUPLICATE_KEY_ER ZEWM_MN_OUTBOUND_APT_SAP_DMO /usr/sap/AOP/D30/work/dev_w110
75437   30    119  BTC     13.0   4.25G    4.25 S       1d16h            0     12      0      0 CRIT     AOP    BTC    SAPLORFC                   CALL_FUNCTION_SEND_ERR R_JR_BTCJOBS_GENERATOR       /usr/sap/AOP/D30/work/dev_w119
28622   30    96   DIA     12.6   3.67G    3.67 S       18h55m           0      0      0      0 CRIT     AOP    DIA    SAPLORFC                   CALL_FUNCTION_SEND_ERR ZFI_D_CN_SAP_AUTO            /usr/sap/AOP/D30/work/dev_w96
61997   30    108  DIA     11.5   3.23G    3.23 S       13h55m           0     17      0      0 WARN     AOP    DIA    ZFARR_INV_LIST_REPORT      TIME_OUT               R_JR_BTCJOBS_GENERATOR       /usr/sap/AOP/D30/work/dev_w108
25293   30    102  DIA     10.2   3.01G    3.01 S       1h56m            0      1      0      0 WARN     AOP    DIA    ZVBIR_INQUIRY_LIST_V2      TIME_OUT               R_JR_BTCJOBS_GENERATOR       /usr/sap/AOP/D30/work/dev_w102
112141  30    98   DIA      9.8   4.05G    4.05 S       20h2m            0      7      0      0 WARN     AOP    DIA    /SPE/SAPLCROSS_DLVRY_HU    POSTING_ILLEGAL_STATEM R_JR_BTCJOBS_GENERATOR       /usr/sap/AOP/D30/work/dev_w98
16753   30    99   DIA      8.2   4.08G    4.08 S       22h28m           0      3      0      0 WARN     AOP    DIA    SAPLORFC                   CALL_FUNCTION_SEND_ERR ZPP_H_MASSGR_ERROR_VIN       /usr/sap/AOP/D30/work/dev_w99
97973   30    118  DIA      8.0   4.47G    4.47 S       1d22h            0      0      0      0 WARN     AOP    DIA    ZCL_ZCA_REST_OUTBOUND_LOG= DBSQL_DUPLICATE_KEY_ER ZEWM_MN_OUTBOUND_APT_SAP_DMO /usr/sap/AOP/D30/work/dev_w118
78974   30    36   ?        7.2   2.60G    2.60 R       36m              0      0      0      0 WARN     AOP    ?      SAPLORFC                   CALL_FUNCTION_SEND_ERR ?                            /usr/sap/AOP/D30/work/dev_w36
17292   30    64   BTC      6.7   5.39G    5.39 S       13d3h           71      1     13     71 WARN     AOP    BTC    ZCL_ZCA_REST_OUTBOUND_LOG= DBSQL_DUPLICATE_KEY_ER R_JR_BTCJOBS_GENERATOR       /usr/sap/AOP/D30/work/dev_w64

Memory Tertinggi (RSS)
Description : diurutkan berdasarkan RSS(GB), menurun; tiebreak: CPU(%).
PID     INST  WP   TYPE  CPU(%)     MEM RSS(GB) STATE   AGE          RABAX   SXPG    JOB  RXMSG CLASS    SID    TYPE   ABAP Program               ErrorCode              JobName                      LOG
8772    30    80   ?        2.6   5.82G    5.82 R       13d21h          34      6      9     28 CRIT     AOP    ?      ZCL_ZCA_REST_OUTBOUND_LOG= DBSQL_DUPLICATE_KEY_ER ZMM_HD_INV_MOVEMENT_SUM1022_ /usr/sap/AOP/D30/work/dev_w80
8751    30    59   BTC      1.0   5.62G    5.62 S       13d21h           0     26      2      0 CRIT     AOP    BTC    ?                          ?                      RK_PKOSA_MULTI_CREATE        /usr/sap/AOP/D30/work/dev_w59
8748    30    56   BTC      1.4   5.47G    5.47 S       13d21h          74      0      4     14 WARN     AOP    BTC    ZCL_ZCA_REST_OUTBOUND_LOG= DBSQL_DUPLICATE_KEY_ER ZSD_MN_SOIDMS                /usr/sap/AOP/D30/work/dev_w56
17292   30    64   BTC      6.7   5.39G    5.39 S       13d3h           71      1     13     71 WARN     AOP    BTC    ZCL_ZCA_REST_OUTBOUND_LOG= DBSQL_DUPLICATE_KEY_ER R_JR_BTCJOBS_GENERATOR       /usr/sap/AOP/D30/work/dev_w64
832     30    55   BTC      2.7   5.14G    5.14 S       13d16h           0      2      1      0 WARN     AOP    BTC    ?                          ?                      ZEWM_MN_OUTBOUND_APT_SAP_DMO /usr/sap/AOP/D30/work/dev_w55
29767   30    100  DIA      1.5   4.99G    4.99 S       15h40m          42      6     30     42 WARN     AOP    DIA    ZMPUE_OUTSTANDING_GR_LIST  SAPSQL_DATA_LOSS       ZEWM_MN_OUTBOUND_APT_SAP_DMO /usr/sap/AOP/D30/work/dev_w100
8768    30    76   ?        1.8   4.82G    4.82 S       13d21h          14      7      5     14 WARN     AOP    ?      ZVCMR_H2H_CREDIT_LIMIT     IMPORT_WRONG_END_POS   ZMM_HD_INV_MOVEMENT_DET1021_ /usr/sap/AOP/D30/work/dev_w76
8782    30    90   DIA      2.9   4.78G    4.78 S       13d21h          14     14     13     14 WARN     AOP    DIA    ZCL_ZCA_REST_OUTBOUND_LOG= DBSQL_DUPLICATE_KEY_ER ZSD_H_WMP_UPL_POST_SLS       /usr/sap/AOP/D30/work/dev_w90
123438  30    111  DIA      3.4   4.55G    4.55 S       16h37m           0      3      0      0 WARN     AOP    DIA    SAPLORFC                   CALL_FUNCTION_SEND_ERR ZFI_D_PRT_OUT_OPEN_TDY       /usr/sap/AOP/D30/work/dev_w111
71375   30    106  DIA      1.3   4.55G    4.55 R       21h6m            0     10      0      0 WARN     AOP    DIA    CL_SALV_BS_CONV_TOOL====== TIME_OUT               ZSD_MN_SOIDMS                /usr/sap/AOP/D30/work/dev_w106

Running Terlama
Description : diurutkan berdasarkan AGE (durasi hidup WP), menurun.
PID     INST  WP   TYPE  CPU(%)     MEM RSS(GB) STATE   AGE          RABAX   SXPG    JOB  RXMSG CLASS    SID    TYPE   ABAP Program               ErrorCode              JobName                      LOG
8733    30    42   BTC      0.2   3.54G    3.54 S       13d21h           0      1      3      0 WARN     AOP    BTC    ZVCMR_H2H_CREDIT_LIMIT     IMPORT_WRONG_END_POS   R_JR_BTCJOBS_GENERATOR       /usr/sap/AOP/D30/work/dev_w42
8736    30    45   BTC      0.6   3.82G    3.82 S       13d21h           0      1      0      0 WARN     AOP    BTC    ?                          ?                      ZEWM_MN_OUTBOUND_APT_SAP_DMO /usr/sap/AOP/D30/work/dev_w45
8740    30    49   BTC      0.2   3.82G    3.82 S       13d21h           0      2      1      0 WARN     AOP    BTC    ZCL_ZCA_REST_OUTBOUND_LOG= DBSQL_DUPLICATE_KEY_ER ZFI_D_PRT_OUT_CLR_CUR_FLEET  /usr/sap/AOP/D30/work/dev_w49
8741    30    50   BTC      0.6   3.68G    3.68 S       13d21h          14      0      1     14 WARN     AOP    BTC    ZMIME_DRP_REPLENISHMENT_EW DBSQL_DUPLICATE_KEY_ER ZSD_H_UPLOAD_CBD_B2B_SFA     /usr/sap/AOP/D30/work/dev_w50
8742    30    51   BTC      0.3   4.03G    4.03 S       13d21h          14      0      0     14 WARN     AOP    BTC    ?                          ?                      ZMIM_INV_CONTROL_IKP_D       /usr/sap/AOP/D30/work/dev_w51
8748    30    56   BTC      1.4   5.47G    5.47 S       13d21h          74      0      4     14 WARN     AOP    BTC    ZCL_ZCA_REST_OUTBOUND_LOG= DBSQL_DUPLICATE_KEY_ER ZSD_MN_SOIDMS                /usr/sap/AOP/D30/work/dev_w56
8751    30    59   BTC      1.0   5.62G    5.62 S       13d21h           0     26      2      0 CRIT     AOP    BTC    ?                          ?                      RK_PKOSA_MULTI_CREATE        /usr/sap/AOP/D30/work/dev_w59
8757    30    65   ?        0.0   1.38G    1.38 S       13d21h           0      0      0      0 WARN     AOP    ?      ?                          ?                      ?                            /usr/sap/AOP/D30/work/dev_w65
8758    30    66   ?        0.0   1.24G    1.24 S       13d21h           0      0      0      0 WARN     AOP    ?      ?                          ?                      ?                            /usr/sap/AOP/D30/work/dev_w66
8759    30    67   ?        0.0   1.51G    1.51 S       13d21h           0      0      0      0 WARN     AOP    ?      ?                          ?                      ?                            /usr/sap/AOP/D30/work/dev_w67

RABAX Terbanyak
Description : diurutkan berdasarkan jumlah RABAX (desc), tiebreak SXPG (desc), JOB (desc).
PID     INST  WP   TYPE    RABAX   SXPG  RXMSG    JOB CLASS  ABAP Program               ErrorCode              JobName                      LOG
8748    30    56   BTC        74      0     14      4 WARN   ZCL_ZCA_REST_OUTBOUND_LOG= DBSQL_DUPLICATE_KEY_ER ZSD_MN_SOIDMS                /usr/sap/AOP/D30/work/dev_w56
17292   30    64   BTC        71      1     71     13 WARN   ZCL_ZCA_REST_OUTBOUND_LOG= DBSQL_DUPLICATE_KEY_ER R_JR_BTCJOBS_GENERATOR       /usr/sap/AOP/D30/work/dev_w64
124714  30    92   DIA        70      6     70     11 OK     ZCL_ZCA_REST_OUTBOUND_LOG= DBSQL_DUPLICATE_KEY_ER ZPP_H_MASSGR_ERROR_VIN       /usr/sap/AOP/D30/work/dev_w92
8778    30    86   ?          42     14     42      6 WARN   ZCL_ZCA_REST_OUTBOUND_LOG= DBSQL_DUPLICATE_KEY_ER ZSD_MN_SOIDMS                /usr/sap/AOP/D30/work/dev_w86
29767   30    100  DIA        42      6     42     30 WARN   ZMPUE_OUTSTANDING_GR_LIST  SAPSQL_DATA_LOSS       ZEWM_MN_OUTBOUND_APT_SAP_DMO /usr/sap/AOP/D30/work/dev_w100
32217   30    89   DIA        42      4     42     18 OK     ZCL_ZCA_REST_OUTBOUND_LOG= DBSQL_DUPLICATE_KEY_ER R_JR_BTCJOBS_GENERATOR       /usr/sap/AOP/D30/work/dev_w89
8772    30    80   ?          34      6     28      9 CRIT   ZCL_ZCA_REST_OUTBOUND_LOG= DBSQL_DUPLICATE_KEY_ER ZMM_HD_INV_MOVEMENT_SUM1022_ /usr/sap/AOP/D30/work/dev_w80
115195  30    88   DIA        28     17     28     10 OK     ZCL_ZCA_REST_OUTBOUND_LOG= DBSQL_DUPLICATE_KEY_ER ZMM_H_INTF_ALLOC_RET         /usr/sap/AOP/D30/work/dev_w88
85216   30    87   ?          28     12     28     10 WARN   ZCL_ZCA_REST_OUTBOUND_LOG= DBSQL_DUPLICATE_KEY_ER ZEWM_MN_OUTBOUND_APT_SAP_DMO /usr/sap/AOP/D30/work/dev_w87
8771    30    79   ?          28      2     28      5 WARN   ZCL_ZCA_REST_OUTBOUND_LOG= DBSQL_DUPLICATE_KEY_ER ZPP_H_REPROCESS_CONF_CDCRDC  /usr/sap/AOP/D30/work/dev_w79

snapshot @ 2026-01-29 09:20:51 WIB
================================================================================
Hostname             : AOPH2PAPPDC
OS                   : SUSE Linux Enterprise Server 15 SP3
Uptime               : 13 days 21 hours 13 minutes
vCPU                 : 28
IP address           : eth0=10.14.55.79
Logged-in            : 1 user(s), 1 session(s)
================================================================================
Metrics:
  - CPU usage         : 6.00% used, 94.00% idle
  - Load (15m)        : L15=1.32, vCPU=28, r=0.05 | LA 0.78/1.30/1.32 | Status=OK
  - Memory            : used 78.0G (64.1%), free 13.4G / 121.7G | Status=OK
  - Swap IO           : si/so 0/0 p/s | Status=OK
  - Total WP Running : 0
  - Total WP Standby : 133
  - Total WP Critical: 2
  - Total WP OK      : 41
  - Total WP Dialog  : 27
  - Total WP BTC     : 25
  - Total WP UPD     : 3
================================================================================

## WP-SCOUT @ AOPH2PAPPDC  SID=AOP  INSTS=40  TS=2026-01-29 09:20:58 WIB

CPU Tertinggi
Description : diurutkan berdasarkan CPU(%), menurun; tiebreak: RSS(GB) & AGE.
PID     INST  WP   TYPE  CPU(%)     MEM RSS(GB) STATE   AGE          RABAX   SXPG    JOB  RXMSG CLASS    SID    TYPE   ABAP Program               ErrorCode              JobName                      LOG
71880   40    113  DIA      9.6   3.47G    3.47 S       1h52m            0      0      0      0 WARN     AOP    DIA    /SPE/SAPLCROSS_DLVRY_HU    POSTING_ILLEGAL_STATEM ZSD_MN_SOIDMS                /usr/sap/AOP/D40/work/dev_w113
127952  40    116  DIA      9.2   4.01G    4.01 S       11h6m            0      1      0      0 WARN     AOP    DIA    SAPLORFC                   CALL_FUNCTION_SEND_ERR ZMM_H_INBOUND_MRS_PRR        /usr/sap/AOP/D40/work/dev_w116
16717   40    63   BTC      8.0   4.72G    4.72 S       9d16h           42      7     29     42 WARN     AOP    BTC    SAPLORFC                   CALL_FUNCTION_SEND_ERR ZEWM_MN_OUTBOUND_APT_SAP_DMO /usr/sap/AOP/D40/work/dev_w63
17191   40    105  DIA      7.2   4.37G    4.37 S       16h27m           0      0      0      0 WARN     AOP    DIA    /SPE/SAPLCROSS_DLVRY_HU    POSTING_ILLEGAL_STATEM ZPP_D_CORU_COGI              /usr/sap/AOP/D40/work/dev_w105
89918   40    101  DIA      6.3   4.49G    4.49 S       17h30m           0      1      0      0 WARN     AOP    DIA    SAPLQOWK                   CALL_FUNCTION_SEND_ERR ZFI_D_PRT_INB_MIRO_SSC       /usr/sap/AOP/D40/work/dev_w101
16531   40    110  DIA      4.3   2.65G    2.65 S       25m              0      1      0      0 OK       AOP    DIA    SAPLME07                   TIME_OUT               SAP_VDM_FND_FSCL_DF_FILL     /usr/sap/AOP/D40/work/dev_w110
28961   40    106  DIA      4.3   4.41G    4.41 S       2h43m            0      3      0      0 WARN     AOP    DIA    SAPLORFC                   CALL_FUNCTION_SEND_ERR ZFI_D_PRT_INB_MIRO_SSC       /usr/sap/AOP/D40/work/dev_w106
6723    40    88   ?        3.4   3.50G    3.50 S       13d21h           0     16     13      0 WARN     AOP    ?      ZCL_ZCA_REST_OUTBOUND_LOG= DBSQL_DUPLICATE_KEY_ER ZSD_H_CBD_PENDING            /usr/sap/AOP/D40/work/dev_w88
6721    40    86   ?        3.2   3.58G    3.58 S       13d21h           0      2      7      0 WARN     AOP    ?      ?                          ?                      ZVSLE_UPDATE_GR_PUT_ALLOC    /usr/sap/AOP/D40/work/dev_w86
34888   40    109  DIA      3.1   5.22G    5.22 S       2h39m            0      0      0      0 WARN     AOP    DIA    ZCL_IM_EI_FAP_FAGLL03===== TIME_OUT               ZSD_H_CBD_PENDING            /usr/sap/AOP/D40/work/dev_w109

Memory Tertinggi (RSS)
Description : diurutkan berdasarkan RSS(GB), menurun; tiebreak: CPU(%).
PID     INST  WP   TYPE  CPU(%)     MEM RSS(GB) STATE   AGE          RABAX   SXPG    JOB  RXMSG CLASS    SID    TYPE   ABAP Program               ErrorCode              JobName                      LOG
10153   40    96   DIA      2.6  17.99G   17.99 S       16h33m           0      0      0      0 CRIT     AOP    DIA    /SPE/SAPLCROSS_DLVRY_HU    POSTING_ILLEGAL_STATEM ZSD_AD_RLB_RETAIL_1507       /usr/sap/AOP/D40/work/dev_w96
6683    40    49   BTC      0.1   5.92G    5.92 S       13d21h           0      0      0      0 CRIT     AOP    BTC    ?                          ?                      ZSD_MN_SOIDMS                /usr/sap/AOP/D40/work/dev_w49
34888   40    109  DIA      3.1   5.22G    5.22 S       2h39m            0      0      0      0 WARN     AOP    DIA    ZCL_IM_EI_FAP_FAGLL03===== TIME_OUT               ZSD_H_CBD_PENDING            /usr/sap/AOP/D40/work/dev_w109
96606   40    100  DIA      1.2   4.95G    4.95 S       17h24m           0      0      0      0 WARN     AOP    DIA    /SPE/SAPLCROSS_DLVRY_HU    POSTING_ILLEGAL_STATEM SAPMZMIM_GENR_INBOUNDDEL     /usr/sap/AOP/D40/work/dev_w100
6711    40    76   ?        1.4   4.75G    4.75 S       13d21h          14      4      7     14 WARN     AOP    ?      ZCL_TRD_VENDOR_DELIVERY_OU DBSQL_DUPLICATE_KEY_ER Z_D_INV_CTRL_1201_02         /usr/sap/AOP/D40/work/dev_w76
6725    40    90   ?        1.9   4.74G    4.74 S       13d21h          28      5     13     28 WARN     AOP    ?      ZCL_ZCA_REST_OUTBOUND_LOG= DBSQL_DUPLICATE_KEY_ER SATC_WATCHDOG                /usr/sap/AOP/D40/work/dev_w90
16717   40    63   BTC      8.0   4.72G    4.72 S       9d16h           42      7     29     42 WARN     AOP    BTC    SAPLORFC                   CALL_FUNCTION_SEND_ERR ZEWM_MN_OUTBOUND_APT_SAP_DMO /usr/sap/AOP/D40/work/dev_w63
79034   40    57   BTC      0.7   4.71G    4.71 S       13d16h           0      2      3      0 WARN     AOP    BTC    SAPMZMPU_LT_GI_PTV         DBSQL_DUPLICATE_KEY_ER ZSD_MN_SOIDMS                /usr/sap/AOP/D40/work/dev_w57
107372  40    35   ?        0.7   4.65G    4.65 S       22h19m           0      3      0      0 WARN     AOP    ?      /SPE/SAPLCROSS_DLVRY_HU    POSTING_ILLEGAL_STATEM ?                            /usr/sap/AOP/D40/work/dev_w35
79322   40    26   ?        0.5   4.52G    4.52 S       1d9h             0      0      0      0 WARN     AOP    ?      /SPE/SAPLCROSS_DLVRY_HU    POSTING_ILLEGAL_STATEM ?                            /usr/sap/AOP/D40/work/dev_w26

Running Terlama
Description : diurutkan berdasarkan AGE (durasi hidup WP), menurun.
PID     INST  WP   TYPE  CPU(%)     MEM RSS(GB) STATE   AGE          RABAX   SXPG    JOB  RXMSG CLASS    SID    TYPE   ABAP Program               ErrorCode              JobName                      LOG
6675    40    41   BTC      0.0   3.71G    3.71 S       13d21h           0     24      0      0 WARN     AOP    BTC    ?                          ?                      ZSD_MN_SOIDMS                /usr/sap/AOP/D40/work/dev_w41
6676    40    42   BTC      0.0   3.99G    3.99 S       13d21h          14      0      4     14 WARN     AOP    BTC    ?                          ?                      ZEWM_MN_OUTBOUND_APT_SAP_DMO /usr/sap/AOP/D40/work/dev_w42
6677    40    43   BTC      0.1   4.32G    4.32 S       13d21h           0      0      3      0 WARN     AOP    BTC    ZCL_ZCA_REST_OUTBOUND_LOG= DBSQL_DUPLICATE_KEY_ER ZSD_H_IFI_Z_UPD_AOPWEBRPLNS_ /usr/sap/AOP/D40/work/dev_w43
6678    40    44   BTC      0.4   3.97G    3.97 S       13d21h           0      0      2      0 WARN     AOP    BTC    ?                          ?                      ZEWM_MN_OUTBOUND_APT_SAP_DMO /usr/sap/AOP/D40/work/dev_w44
6679    40    45   BTC      0.1   4.08G    4.08 S       13d21h           0      0      1      0 WARN     AOP    BTC    ?                          ?                      ZSD_H_IFI_Z_UPD_AOPWEBRPLNS_ /usr/sap/AOP/D40/work/dev_w45
6681    40    47   BTC      0.1   3.77G    3.77 S       13d21h          14      1      0     14 WARN     AOP    BTC    ?                          ?                      ZPP_H_MASSGR_VIN             /usr/sap/AOP/D40/work/dev_w47
6682    40    48   BTC      0.1   4.02G    4.02 S       13d21h           0      3      0      0 WARN     AOP    BTC    ?                          ?                      ZSD_H_WMP_UPL_POST_SLS       /usr/sap/AOP/D40/work/dev_w48
6683    40    49   BTC      0.1   5.92G    5.92 S       13d21h           0      0      0      0 CRIT     AOP    BTC    ?                          ?                      ZSD_MN_SOIDMS                /usr/sap/AOP/D40/work/dev_w49
6684    40    50   BTC      1.6   3.64G    3.64 S       13d21h          14     25      1     14 WARN     AOP    BTC    ?                          ?                      ZSD_MN_SOIDMS                /usr/sap/AOP/D40/work/dev_w50
6685    40    51   BTC      0.1   4.03G    4.03 S       13d21h           0      7      4      0 WARN     AOP    BTC    ?                          ?                      ZEWM_MN_OUTBOUND_APT_SAP_DMO /usr/sap/AOP/D40/work/dev_w51

RABAX Terbanyak
Description : diurutkan berdasarkan jumlah RABAX (desc), tiebreak SXPG (desc), JOB (desc).
PID     INST  WP   TYPE    RABAX   SXPG  RXMSG    JOB CLASS  ABAP Program               ErrorCode              JobName                      LOG
6707    40    73   ?          85      1      0      3 WARN   ZCL_ZCA_REST_OUTBOUND_LOG= DBSQL_DUPLICATE_KEY_ER RM07MLBB                     /usr/sap/AOP/D40/work/dev_w73
16717   40    63   BTC        42      7     42     29 WARN   SAPLORFC                   CALL_FUNCTION_SEND_ERR ZEWM_MN_OUTBOUND_APT_SAP_DMO /usr/sap/AOP/D40/work/dev_w63
103059  40    112  DIA        42      7     42     29 OK     RFLQ_ASSIGN_REL            SYSTEM_ABAP_ACCESS_DEN ZFI_D_PRT_INB_SUBMIRO_SSC    /usr/sap/AOP/D40/work/dev_w112
6724    40    89   ?          28      7     28     19 WARN   ZLOBE_AFTER_CONFIRM        DBSQL_SQL_DEADLOCK_DET Z_D_COGI_1201                /usr/sap/AOP/D40/work/dev_w89
6725    40    90   ?          28      5     28     13 WARN   ZCL_ZCA_REST_OUTBOUND_LOG= DBSQL_DUPLICATE_KEY_ER SATC_WATCHDOG                /usr/sap/AOP/D40/work/dev_w90
6720    40    85   ?          28      3     28     15 WARN   ZCL_ZCA_REST_OUTBOUND_LOG= DBSQL_DUPLICATE_KEY_ER ZSD_H_CBD_PENDING            /usr/sap/AOP/D40/work/dev_w85
6717    40    82   ?          28      3     28      9 WARN   CL_SALV_BS_RUNTIME_INFO=== MEMORY_NO_MORE_PAGING  ZCO_D_ZMB51_IKP_RAWMAT       /usr/sap/AOP/D40/work/dev_w82
6684    40    50   BTC        14     25     14      1 WARN   ?                          ?                      ZSD_MN_SOIDMS                /usr/sap/AOP/D40/work/dev_w50
6718    40    83   ?          14      5     14     17 WARN   ?                          ?                      ZFI_D_PRT_OUT_OPEN_TDY_1000  /usr/sap/AOP/D40/work/dev_w83
6715    40    80   ?          14      5     14      8 WARN   ZVCMR_H2H_CREDIT_LIMIT     IMPORT_WRONG_END_POS   ZSD_MN_SOIDMS                /usr/sap/AOP/D40/work/dev_w80

snapshot @ 2026-01-29 09:20:59 WIB
================================================================================
Hostname             : AOPH3PAPPDC
OS                   : SUSE Linux Enterprise Server 15 SP3
Uptime               : 13 days 21 hours 8 minutes
vCPU                 : 28
IP address           : eth0=10.14.55.81
Logged-in            : 1 user(s), 1 session(s)
================================================================================
Metrics:
  - CPU usage         : 10.61% used, 89.39% idle
  - Load (15m)        : L15=2.50, vCPU=28, r=0.09 | LA 2.53/2.40/2.50 | Status=OK
  - Memory            : used 92.0G (75.6%), free 18.2G / 121.7G | Status=WARN
  - Swap IO           : si/so 0/0 p/s | Status=OK
  - Total WP Running : 2
  - Total WP Standby : 133
  - Total WP Critical: 4
  - Total WP OK      : 72
  - Total WP Dialog  : 30
  - Total WP BTC     : 25
  - Total WP UPD     : 3
================================================================================

## WP-SCOUT @ AOPH3PAPPDC  SID=AOP  INSTS=50  TS=2026-01-29 09:21:07 WIB

CPU Tertinggi
Description : diurutkan berdasarkan CPU(%), menurun; tiebreak: RSS(GB) & AGE.
PID     INST  WP   TYPE  CPU(%)     MEM RSS(GB) STATE   AGE          RABAX   SXPG    JOB  RXMSG CLASS    SID    TYPE   ABAP Program               ErrorCode              JobName                      LOG
116646  50    114  DIA     22.7   4.49G    4.49 S       11h5m            0      0      0      0 CRIT     AOP    DIA    ZCL_ZCA_REST_OUTBOUND_LOG= DBSQL_DUPLICATE_KEY_ER ZSD_H_INBOUND_RETUR_ALLOC_AP /usr/sap/AOP/D50/work/dev_w114
86981   50    116  DIA     13.8   2.97G    2.97 S       18h38m          70      3      9     70 CRIT     AOP    DIA    ZMPUE_OUTSTANDING_GR_LIST  SAPSQL_DATA_LOSS       ZSD_H_INBOUND_RETUR_ALLOC_AP /usr/sap/AOP/D50/work/dev_w116
91439   50    64   BTC     10.6   2.07G    2.07 S       13d3h           80      2      6     80 WARN     AOP    BTC    ZCL_ZCA_REST_OUTBOUND_LOG= DBSQL_DUPLICATE_KEY_ER ZSD_H_POST_CBD_B2B_SFA_FREES /usr/sap/AOP/D50/work/dev_w64
87642   50    115  DIA      9.4   4.07G    4.07 S       18h35m           0     24      0      0 WARN     AOP    DIA    RFLQ_ASSIGN_REL            SYSTEM_ABAP_ACCESS_DEN ZFI_D_PRT_INB_MIRO_SSC       /usr/sap/AOP/D50/work/dev_w115
91631   50    94   DIA      7.7  19.92G   19.92 S       1h24m            0      0      0      0 CRIT     AOP    DIA    SAPLQOWK                   CALL_FUNCTION_SEND_ERR ZSD_MN_WH_BILLING_VF04       /usr/sap/AOP/D50/work/dev_w94
90412   50    109  DIA      6.6   2.68G    2.68 S       1h29m            0     10      0      0 WARN     AOP    DIA    ZCL_ZCA_REST_OUTBOUND_LOG= DBSQL_DUPLICATE_KEY_ER R_JR_BTCJOBS_GENERATOR       /usr/sap/AOP/D50/work/dev_w109
9078    50    92   DIA      6.5   2.41G    2.41 S       1d16h           14      8      5     14 WARN     AOP    DIA    ZCL_ZCA_REST_OUTBOUND_LOG= DBSQL_DUPLICATE_KEY_ER ZEWM_MN_OUTBOUND_APT_SAP_DMO /usr/sap/AOP/D50/work/dev_w92
5562    50    89   ?        6.0   2.95G    2.95 S       13d21h          54     38      1     54 WARN     AOP    ?      ZCL_ZCA_REST_OUTBOUND_LOG= DBSQL_DUPLICATE_KEY_ER ZSD_MN_INBOUND_CUS_B2C       /usr/sap/AOP/D50/work/dev_w89
119452  50    77   ?        5.7   1.73G    1.73 S       5d18h           14      1      1     14 OK       AOP    ?      ?                          ?                      SXCO_TRC_DELETE_TRACES       /usr/sap/AOP/D50/work/dev_w77
5558    50    85   ?        5.4   2.07G    2.07 S       13d21h          56     21      4     56 WARN     AOP    ?      ZCL_ZCA_REST_OUTBOUND_LOG= DBSQL_DUPLICATE_KEY_ER ZSD_H_INBOUND_RETUR_ALLOC_AP /usr/sap/AOP/D50/work/dev_w85

Memory Tertinggi (RSS)
Description : diurutkan berdasarkan RSS(GB), menurun; tiebreak: CPU(%).
PID     INST  WP   TYPE  CPU(%)     MEM RSS(GB) STATE   AGE          RABAX   SXPG    JOB  RXMSG CLASS    SID    TYPE   ABAP Program               ErrorCode              JobName                      LOG
91631   50    94   DIA      7.7  19.92G   19.92 S       1h24m            0      0      0      0 CRIT     AOP    DIA    SAPLQOWK                   CALL_FUNCTION_SEND_ERR ZSD_MN_WH_BILLING_VF04       /usr/sap/AOP/D50/work/dev_w94
119445  50    57   BTC      2.7  19.63G   19.63 R       5d18h            0      9      0      0 CRIT     AOP    BTC    ?                          ?                      ZMM_HD_INV_MOVEMENT_DET1301_ /usr/sap/AOP/D50/work/dev_w57
34103   50    112  DIA      3.7   5.14G    5.14 S       2h52m            0      0      0      0 WARN     AOP    DIA    ZCL_ZCA_REST_OUTBOUND_LOG= DBSQL_DUPLICATE_KEY_ER ZEWM_MN_OUTBOUND_APT_SAP_DMO /usr/sap/AOP/D50/work/dev_w112
15796   50    122  DIA      4.4   4.85G    4.85 S       3h20m            0      0      0      0 WARN     AOP    DIA    ?                          ?                      ?                            /usr/sap/AOP/D50/work/dev_w122
126426  50    110  DIA      1.6   4.72G    4.72 S       14h10m           0      0      0      0 WARN     AOP    DIA    ZMPUE_OUTSTANDING_GR_LIST  SAPSQL_DATA_LOSS       ZSD_H_UPLOAD_CBD_B2B_SFA     /usr/sap/AOP/D50/work/dev_w110
116646  50    114  DIA     22.7   4.49G    4.49 S       11h5m            0      0      0      0 CRIT     AOP    DIA    ZCL_ZCA_REST_OUTBOUND_LOG= DBSQL_DUPLICATE_KEY_ER ZSD_H_INBOUND_RETUR_ALLOC_AP /usr/sap/AOP/D50/work/dev_w114
83842   50    33   ?        1.4   4.20G    4.20 S       11h58m           0      9      0      0 WARN     AOP    ?      SAPLORFC                   CALL_FUNCTION_SEND_ERR ?                            /usr/sap/AOP/D50/work/dev_w33
41826   50    97   DIA      1.1   4.19G    4.19 S       19h46m           0      9      0      0 WARN     AOP    DIA    /SPE/SAPLCROSS_DLVRY_HU    POSTING_ILLEGAL_STATEM ZFI_D_PRT_INB_SUBMIRO_SSC    /usr/sap/AOP/D50/work/dev_w97
87642   50    115  DIA      9.4   4.07G    4.07 S       18h35m           0     24      0      0 WARN     AOP    DIA    RFLQ_ASSIGN_REL            SYSTEM_ABAP_ACCESS_DEN ZFI_D_PRT_INB_MIRO_SSC       /usr/sap/AOP/D50/work/dev_w115
74068   50    106  DIA      1.9   3.94G    3.94 S       15h36m           0      5      0      0 OK       AOP    DIA    ZCL_ZCA_REST_OUTBOUND_LOG= DBSQL_DUPLICATE_KEY_ER SAPMZMIM_GENR_INBOUNDDEL     /usr/sap/AOP/D50/work/dev_w106

Running Terlama
Description : diurutkan berdasarkan AGE (durasi hidup WP), menurun.
PID     INST  WP   TYPE  CPU(%)     MEM RSS(GB) STATE   AGE          RABAX   SXPG    JOB  RXMSG CLASS    SID    TYPE   ABAP Program               ErrorCode              JobName                      LOG
5473    50    0    ?        0.0   2.05G    2.05 S       13d21h           0      3      0      0 WARN     AOP    ?      ?                          ?                      ?                            /usr/sap/AOP/D50/work/dev_w0
5514    50    41   BTC      0.5   1.12G    1.12 S       13d21h           0      0      0      0 WARN     AOP    BTC    ZMPUE_OUTSTANDING_GR_LIST  SAPSQL_DATA_LOSS       ZSD_MN_SOIDMS                /usr/sap/AOP/D50/work/dev_w41
5516    50    43   BTC      0.8    881M    0.86 S       13d21h           0      9      1      0 WARN     AOP    BTC    ZCL_ZCA_REST_OUTBOUND_LOG= DBSQL_DUPLICATE_KEY_ER R_JR_BTCJOBS_GENERATOR       /usr/sap/AOP/D50/work/dev_w43
5517    50    44   BTC      0.5   1.50G    1.50 S       13d21h           0      0      2      0 WARN     AOP    BTC    ZCL_ZCA_REST_OUTBOUND_LOG= DBSQL_DUPLICATE_KEY_ER ZBAS_D_OUT_API_IAM_SAP_LOGIN /usr/sap/AOP/D50/work/dev_w44
5518    50    45   BTC      0.4   1.10G    1.10 S       13d21h           0      1      1      0 WARN     AOP    BTC    ?                          ?                      ZPP_H_REPROCESS_CONF_BKIT_CD /usr/sap/AOP/D50/work/dev_w45
5519    50    46   BTC      0.3   1.21G    1.21 S       13d21h          14      2      0     14 WARN     AOP    BTC    ?                          ?                      ZEWM_MN_OUTBOUND_APT_SAP_DMO /usr/sap/AOP/D50/work/dev_w46
5521    50    48   BTC      1.2   1.50G    1.50 S       13d21h           0      2      0      0 WARN     AOP    BTC    ?                          ?                      ZFI_D_PRT_OUT_OPEN_TDY       /usr/sap/AOP/D50/work/dev_w48
5524    50    51   BTC      0.7   1.21G    1.21 S       13d21h           0      0      0      0 WARN     AOP    BTC    ZVCMR_H2H_CREDIT_LIMIT     IMPORT_WRONG_END_POS   ZFI_D_H2H_CREDITLIMIT        /usr/sap/AOP/D50/work/dev_w51
5526    50    53   BTC      1.4   1.52G    1.52 S       13d21h           0      2      0      0 WARN     AOP    BTC    /SCWM/SAPLMON_REFRESH      CALL_FUNCTION_SEND_ERR ZEWM_MN_OUTBOUND_APT_SAP_DMO /usr/sap/AOP/D50/work/dev_w53
5538    50    65   ?        0.0    963M    0.94 S       13d21h           0      0      0      0 WARN     AOP    ?      SAPLCOFW                   MESSAGE_TYPE_X         ?                            /usr/sap/AOP/D50/work/dev_w65

RABAX Terbanyak
Description : diurutkan berdasarkan jumlah RABAX (desc), tiebreak SXPG (desc), JOB (desc).
PID     INST  WP   TYPE    RABAX   SXPG  RXMSG    JOB CLASS  ABAP Program               ErrorCode              JobName                      LOG
5559    50    86   ?          99      2     14      5 WARN   ZLOBE_AFTER_CONFIRM        DBSQL_SQL_DEADLOCK_DET ZSD_H_INBOUND_RETUR_ALLOC_AP /usr/sap/AOP/D50/work/dev_w86
73891   50    6    ?          85      3      0      0 OK     SAPLSPO1                   DYNPRO_SEND_IN_BACKGRO ?                            /usr/sap/AOP/D50/work/dev_w6
16423   50    105  DIA        84      5      0      0 OK     ZVSLI_PAYMENT_REQUEST      CALL_FUNCTION_CONFLICT ZFI_D_PRT_INB_MIRO_SSC       /usr/sap/AOP/D50/work/dev_w105
91439   50    64   BTC        80      2     80      6 WARN   ZCL_ZCA_REST_OUTBOUND_LOG= DBSQL_DUPLICATE_KEY_ER ZSD_H_POST_CBD_B2B_SFA_FREES /usr/sap/AOP/D50/work/dev_w64
86981   50    116  DIA        70      3     70      9 CRIT   ZMPUE_OUTSTANDING_GR_LIST  SAPSQL_DATA_LOSS       ZSD_H_INBOUND_RETUR_ALLOC_AP /usr/sap/AOP/D50/work/dev_w116
5558    50    85   ?          56     21     56      4 WARN   ZCL_ZCA_REST_OUTBOUND_LOG= DBSQL_DUPLICATE_KEY_ER ZSD_H_INBOUND_RETUR_ALLOC_AP /usr/sap/AOP/D50/work/dev_w85
5560    50    87   ?          56      4     56      5 WARN   ZCL_ZCA_REST_OUTBOUND_LOG= DBSQL_DUPLICATE_KEY_ER ZSD_H_INBOUND_FEEDBACK_ALLOC /usr/sap/AOP/D50/work/dev_w87
5562    50    89   ?          54     38     54      1 WARN   ZCL_ZCA_REST_OUTBOUND_LOG= DBSQL_DUPLICATE_KEY_ER ZSD_MN_INBOUND_CUS_B2C       /usr/sap/AOP/D50/work/dev_w89
5561    50    88   ?          52     24     52      5 WARN   ZCL_ZCA_REST_OUTBOUND_LOG= DBSQL_DUPLICATE_KEY_ER ZSD_H_IFI_Z_UPD_AOPWEBRPLNS_ /usr/sap/AOP/D50/work/dev_w88
119453  50    79   ?          42      7     42      0 OK     ZCL_ZCA_REST_OUTBOUND_LOG= DBSQL_DUPLICATE_KEY_ER ZSD_D_WEB_SAP_REALISASI_IN   /usr/sap/AOP/D50/work/dev_w79

snapshot @ 2026-01-29 09:21:08 WIB
================================================================================
Hostname             : AOPH4PAPPDC
OS                   : SUSE Linux Enterprise Server 15 SP3
Uptime               : 13 days 21 hours 7 minutes
vCPU                 : 28
IP address           : eth0=10.14.55.94
Logged-in            : 2 user(s), 2 session(s)
================================================================================
Metrics:
  - CPU usage         : 4.07% used, 95.93% idle
  - Load (15m)        : L15=1.24, vCPU=28, r=0.04 | LA 1.18/1.10/1.24 | Status=OK
  - Memory            : used 53.6G (44.0%), free 58.8G / 121.7G | Status=OK
  - Swap IO           : si/so 0/0 p/s | Status=OK
  - Total WP Running : 1
  - Total WP Standby : 132
  - Total WP Critical: 3
  - Total WP OK      : 55
  - Total WP Dialog  : 29
  - Total WP BTC     : 27
  - Total WP UPD     : 3
================================================================================

## WP-SCOUT @ AOPH4PAPPDC  SID=AOP  INSTS=60  TS=2026-01-29 09:21:15 WIB

CPU Tertinggi
Description : diurutkan berdasarkan CPU(%), menurun; tiebreak: RSS(GB) & AGE.
PID     INST  WP   TYPE  CPU(%)     MEM RSS(GB) STATE   AGE          RABAX   SXPG    JOB  RXMSG CLASS    SID    TYPE   ABAP Program               ErrorCode              JobName                      LOG
68419   60    113  DIA     13.7   2.99G    2.99 S       1h46m            0      3      0      0 CRIT     AOP    DIA    SAPLORFC                   CALL_FUNCTION_SEND_ERR ZFI_D_PRT_INB_MIRO_SSC       /usr/sap/AOP/D60/work/dev_w113
84875   60    109  DIA     12.0   4.24G    4.24 S       19h42m           0     19      0      0 WARN     AOP    DIA    SAPLORFC                   CALL_FUNCTION_SEND_ERR ZEWM_MN_OUTBOUND_APT_SAP_DMO /usr/sap/AOP/D60/work/dev_w109
80218   60    92   DIA      9.2   4.28G    4.28 S       3d0h             0     11      0      0 WARN     AOP    DIA    ?                          ?                      SAP_MD_BP_TD_TRANSMIT        /usr/sap/AOP/D60/work/dev_w92
11823   60    12   ?        8.7    727M    0.71 S       38s              0      0      0      0 WARN     AOP    ?      ZCMPR_LOT_DLYPLAN_V3       CONV_EXIT_FIELD_TOO_SH ?                            /usr/sap/AOP/D60/work/dev_w12
41987   60    64   BTC      7.2   4.46G    4.46 S       13d3h           56      3     19     56 WARN     AOP    BTC    ZCL_ZCA_REST_OUTBOUND_LOG= DBSQL_DUPLICATE_KEY_ER ZEWM_MN_OUTBOUND_APT_SAP_DMO /usr/sap/AOP/D60/work/dev_w64
12878   60    108  DIA      4.6   3.40G    3.40 S       3h3m             0      4      0      0 OK       AOP    DIA    ZCL_ZCA_REST_OUTBOUND_LOG= DBSQL_DUPLICATE_KEY_ER SAPMZMIM_GENR_INBOUNDDEL     /usr/sap/AOP/D60/work/dev_w108
5565    60    87   ?        3.5   3.53G    3.53 S       13d21h           0      5      9      0 WARN     AOP    ?      ?                          ?                      ZEWM_MN_OUTBOUND_APT_SAP_DMO /usr/sap/AOP/D60/work/dev_w87
5566    60    88   ?        3.2   5.01G    5.01 S       13d21h          14     26      4     14 WARN     AOP    ?      ZCL_ZCA_REST_OUTBOUND_LOG= DBSQL_DUPLICATE_KEY_ER ZEWM_MN_OUTBOUND_APT_SAP_DMO /usr/sap/AOP/D60/work/dev_w88
5562    60    84   ?        2.9   3.82G    3.82 S       13d21h          14      5      5     14 WARN     AOP    ?      ZCL_ZCA_REST_OUTBOUND_LOG= DBSQL_DUPLICATE_KEY_ER SAP_ESH_QUERY_LOG_REORG      /usr/sap/AOP/D60/work/dev_w84
5557    60    79   ?        2.8   3.17G    3.17 S       13d21h          42     18      4     42 WARN     AOP    ?      ZCL_ZCA_REST_OUTBOUND_LOG= DBSQL_DUPLICATE_KEY_ER ZEWM_MN_OUTBOUND_APT_SAP_DMO /usr/sap/AOP/D60/work/dev_w79

Memory Tertinggi (RSS)
Description : diurutkan berdasarkan RSS(GB), menurun; tiebreak: CPU(%).
PID     INST  WP   TYPE  CPU(%)     MEM RSS(GB) STATE   AGE          RABAX   SXPG    JOB  RXMSG CLASS    SID    TYPE   ABAP Program               ErrorCode              JobName                      LOG
5536    60    58   BTC      0.8   5.76G    5.76 S       13d21h          14      1      2     14 CRIT     AOP    BTC    ?                          ?                      RSDRAFT_LIFECYCLE_MANAGER    /usr/sap/AOP/D60/work/dev_w58
5524    60    46   BTC      0.7   5.68G    5.68 S       13d21h           0      1      1      0 CRIT     AOP    BTC    ?                          ?                      SAPMZMIM_GENR_INBOUNDDEL     /usr/sap/AOP/D60/work/dev_w46
5564    60    86   ?        1.6   5.26G    5.26 S       13d21h          14      3      9     14 WARN     AOP    ?      ZCL_ZCA_REST_OUTBOUND_LOG= DBSQL_DUPLICATE_KEY_ER ZBAS_D_OUT_API_IAM_SAP_LOGIN /usr/sap/AOP/D60/work/dev_w86
5566    60    88   ?        3.2   5.01G    5.01 S       13d21h          14     26      4     14 WARN     AOP    ?      ZCL_ZCA_REST_OUTBOUND_LOG= DBSQL_DUPLICATE_KEY_ER ZEWM_MN_OUTBOUND_APT_SAP_DMO /usr/sap/AOP/D60/work/dev_w88
5537    60    59   BTC      0.7   4.99G    4.99 S       13d21h           0     10      0      0 WARN     AOP    BTC    ZCL_TRD_VENDOR_DELIVERY_OU DBSQL_DUPLICATE_KEY_ER ZSD_H_INBOUND_FEEDBACK_ALLOC /usr/sap/AOP/D60/work/dev_w59
5556    60    78   ?        1.8   4.95G    4.95 S       13d21h           0      4      3      0 WARN     AOP    ?      CL_SALV_BS_RUNTIME_INFO=== MEMORY_NO_MORE_PAGING  ZSD_MN_WH_BILLING_VF04       /usr/sap/AOP/D60/work/dev_w78
5533    60    55   BTC      1.8   4.86G    4.86 S       13d21h           0      3      0      0 WARN     AOP    BTC    ?                          ?                      ZSD_MN_SOIDMS                /usr/sap/AOP/D60/work/dev_w55
5540    60    62   BTC      0.6   4.85G    4.85 S       13d21h           0      0      1      0 WARN     AOP    BTC    ?                          ?                      ZSD_MN_SOIDMS                /usr/sap/AOP/D60/work/dev_w62
5551    60    73   ?        0.8   4.85G    4.85 S       13d21h          14      1      1     14 WARN     AOP    ?      ?                          ?                      ZSD_MN_SOIDMS                /usr/sap/AOP/D60/work/dev_w73
5538    60    60   BTC      0.3   4.80G    4.80 S       13d21h           0     26      0      0 WARN     AOP    BTC    CORUAFFW                   DBSQL_STMNT_TOO_LARGE  ZEWM_MN_OUTBOUND_APT_SAP_DMO /usr/sap/AOP/D60/work/dev_w60

Running Terlama
Description : diurutkan berdasarkan AGE (durasi hidup WP), menurun.
PID     INST  WP   TYPE  CPU(%)     MEM RSS(GB) STATE   AGE          RABAX   SXPG    JOB  RXMSG CLASS    SID    TYPE   ABAP Program               ErrorCode              JobName                      LOG
5522    60    44   BTC      0.1   4.67G    4.67 S       13d21h           0      2      0      0 WARN     AOP    BTC    ZCL_TRD_VENDOR_DELIVERY_OU DBSQL_DUPLICATE_KEY_ER R_JR_BTCJOBS_GENERATOR       /usr/sap/AOP/D60/work/dev_w44
5523    60    45   BTC      0.1   3.56G    3.56 S       13d21h           0      1      0      0 WARN     AOP    BTC    ?                          ?                      ZEWM_MN_OUTBOUND_APT_SAP_DMO /usr/sap/AOP/D60/work/dev_w45
5524    60    46   BTC      0.7   5.68G    5.68 S       13d21h           0      1      1      0 CRIT     AOP    BTC    ?                          ?                      SAPMZMIM_GENR_INBOUNDDEL     /usr/sap/AOP/D60/work/dev_w46
5525    60    47   BTC      0.7   4.77G    4.77 S       13d21h           0      0      0      0 WARN     AOP    BTC    ?                          ?                      R_JR_BTCJOBS_GENERATOR       /usr/sap/AOP/D60/work/dev_w47
5526    60    48   BTC      0.1   4.25G    4.25 S       13d21h           0      0      0      0 WARN     AOP    BTC    ?                          ?                      SAPMZMIM_GENR_INBOUNDDEL     /usr/sap/AOP/D60/work/dev_w48
5527    60    49   BTC      0.2   4.48G    4.48 S       13d21h           0     24      0      0 WARN     AOP    BTC    ?                          ?                      ZSD_H_INB_RETALLOC_POST_API  /usr/sap/AOP/D60/work/dev_w49
5528    60    50   BTC      0.6   3.40G    3.40 S       13d21h          14      1      0     14 WARN     AOP    BTC    ?                          ?                      RK_PKOSA_MULTI_CREATE        /usr/sap/AOP/D60/work/dev_w50
5529    60    51   BTC      0.0   3.77G    3.77 S       13d21h           0      2      0      0 WARN     AOP    BTC    ?                          ?                      ZSD_MN_SOIDMS                /usr/sap/AOP/D60/work/dev_w51
5530    60    52   BTC      0.1   3.97G    3.97 S       13d21h           0      0      1      0 WARN     AOP    BTC    ?                          ?                      ZSD_D_OPN_BIL_AWP            /usr/sap/AOP/D60/work/dev_w52
5531    60    53   BTC      1.4   4.03G    4.03 S       13d21h           0      1      0      0 WARN     AOP    BTC    ZCL_TRD_VENDOR_DELIVERY_OU DBSQL_DUPLICATE_KEY_ER SAP_ILM_APPL_ARC_JOB_SCHEDUL /usr/sap/AOP/D60/work/dev_w53

RABAX Terbanyak
Description : diurutkan berdasarkan jumlah RABAX (desc), tiebreak SXPG (desc), JOB (desc).
PID     INST  WP   TYPE    RABAX   SXPG  RXMSG    JOB CLASS  ABAP Program               ErrorCode              JobName                      LOG
13550   60    89   DIA        70      7     70      6 WARN   ZCL_TRD_VENDOR_DELIVERY_OU DBSQL_DUPLICATE_KEY_ER ZCO_D_ZPPROCONF              /usr/sap/AOP/D60/work/dev_w89
41987   60    64   BTC        56      3     56     19 WARN   ZCL_ZCA_REST_OUTBOUND_LOG= DBSQL_DUPLICATE_KEY_ER ZEWM_MN_OUTBOUND_APT_SAP_DMO /usr/sap/AOP/D60/work/dev_w64
5557    60    79   ?          42     18     42      4 WARN   ZCL_ZCA_REST_OUTBOUND_LOG= DBSQL_DUPLICATE_KEY_ER ZEWM_MN_OUTBOUND_APT_SAP_DMO /usr/sap/AOP/D60/work/dev_w79
5563    60    85   ?          42      6     42      2 WARN   ?                          ?                      ZMM_D_INVCTRL_MTM            /usr/sap/AOP/D60/work/dev_w85
5554    60    76   ?          28     29     28      0 WARN   ZCL_TRD_VENDOR_DELIVERY_OU DBSQL_DUPLICATE_KEY_ER ZEWM_MN_OUTBOUND_APT_SAP_DMO /usr/sap/AOP/D60/work/dev_w76
5560    60    82   ?          28      7     28      7 WARN   ZMPUE_OUTSTANDING_GR_LIST  SAPSQL_DATA_LOSS       ZSD_H_IFI_Z_UPD_AOPWEBRPLNS_ /usr/sap/AOP/D60/work/dev_w82
5558    60    80   ?          28      2     28      1 WARN   ?                          ?                      ZPP_D_MB51_Z_AWP_GI          /usr/sap/AOP/D60/work/dev_w80
5566    60    88   ?          14     26     14      4 WARN   ZCL_ZCA_REST_OUTBOUND_LOG= DBSQL_DUPLICATE_KEY_ER ZEWM_MN_OUTBOUND_APT_SAP_DMO /usr/sap/AOP/D60/work/dev_w88
89894   60    90   DIA        14     10     14      4 OK     ZVCMR_H2H_CREDIT_LIMIT     IMPORT_WRONG_END_POS   ZSD_MN_WH_BILLING_VF04       /usr/sap/AOP/D60/work/dev_w90
5562    60    84   ?          14      5     14      5 WARN   ZCL_ZCA_REST_OUTBOUND_LOG= DBSQL_DUPLICATE_KEY_ER SAP_ESH_QUERY_LOG_REORG      /usr/sap/AOP/D60/work/dev_w84

snapshot @ 2026-01-29 09:21:17 WIB
================================================================================
Hostname             : AOPH5PAPPDC
OS                   : SUSE Linux Enterprise Server 15 SP3
Uptime               : 13 days 21 hours 6 minutes
vCPU                 : 28
IP address           : eth0=10.14.55.195
Logged-in            : 1 user(s), 1 session(s)
================================================================================
Metrics:
  - CPU usage         : 4.99% used, 95.01% idle
  - Load (15m)        : L15=1.44, vCPU=28, r=0.05 | LA 1.19/1.20/1.44 | Status=OK
  - Memory            : used 62.3G (51.2%), free 29.3G / 121.8G | Status=OK
  - Swap IO           : si/so 0/0 p/s | Status=OK
  - Total WP Running : 1
  - Total WP Standby : 130
  - Total WP Critical: 0
  - Total WP OK      : 55
  - Total WP Dialog  : 26
  - Total WP BTC     : 26
  - Total WP UPD     : 3
================================================================================

## WP-SCOUT @ AOPH5PAPPDC  SID=AOP  INSTS=70  TS=2026-01-29 09:21:27 WIB

CPU Tertinggi
Description : diurutkan berdasarkan CPU(%), menurun; tiebreak: RSS(GB) & AGE.
PID     INST  WP   TYPE  CPU(%)     MEM RSS(GB) STATE   AGE          RABAX   SXPG    JOB  RXMSG CLASS    SID    TYPE   ABAP Program               ErrorCode              JobName                      LOG
1094    70    113  DIA     11.4   3.39G    3.39 S       20h32m           0     10      0      0 WARN     AOP    DIA    ZCL_ZCA_REST_OUTBOUND_LOG= DBSQL_DUPLICATE_KEY_ER ZBAS_D_OUT_API_IAM_SAP_LOGIN /usr/sap/AOP/D70/work/dev_w113
29366   70    64   BTC      7.9   3.83G    3.83 S       13d3h           28     47      0     28 WARN     AOP    BTC    ZCL_ZCA_REST_OUTBOUND_LOG= DBSQL_DUPLICATE_KEY_ER ZBAS_D_OUT_API_IAM_SAP_LOGIN /usr/sap/AOP/D70/work/dev_w64
28547   70    114  DIA      6.1   4.40G    4.40 S       16h54m           0     16      0      0 WARN     AOP    DIA    SAPLORFC                   CALL_FUNCTION_SEND_ERR ZFI_D_BILLING_DUE_V1_BDL_080 /usr/sap/AOP/D70/work/dev_w114
2593    70    95   DIA      4.4   4.05G    4.05 S       2d2h             0     12      0      0 WARN     AOP    DIA    SAPLORFC                   CALL_FUNCTION_SEND_ERR ZPP_H_MASSGR_ERROR_VIN       /usr/sap/AOP/D70/work/dev_w95
6360    70    116  DIA      3.8   4.30G    4.30 S       50m              0      0      0      0 WARN     AOP    DIA    ZCL_ZCA_REST_OUTBOUND_LOG= DBSQL_DUPLICATE_KEY_ER ZEWM_MN_OUTBOUND_APT_SAP_DMO /usr/sap/AOP/D70/work/dev_w116
5299    70    82   ?        3.4   3.62G    3.62 S       13d20h          28     30      0     28 WARN     AOP    ?      ZCL_ZCA_REST_OUTBOUND_LOG= DBSQL_DUPLICATE_KEY_ER ZEWM_MN_OUTBOUND_APT_SAP_DMO /usr/sap/AOP/D70/work/dev_w82
5302    70    85   ?        3.4   3.45G    3.45 S       13d20h          28     25      0     28 WARN     AOP    ?      ZCL_ZCA_REST_OUTBOUND_LOG= DBSQL_DUPLICATE_KEY_ER ZEWM_MN_OUTBOUND_APT_SAP_DMO /usr/sap/AOP/D70/work/dev_w85
5308    70    91   ?        3.3   3.77G    3.77 S       13d20h          38     38      0     38 WARN     AOP    ?      ZCL_ZCA_REST_OUTBOUND_LOG= DBSQL_DUPLICATE_KEY_ER ZSD_H_INBOUND_FEEDBACK_ALLOC /usr/sap/AOP/D70/work/dev_w91
20456   70    100  DIA      3.2   3.46G    3.46 S       22h58m           0     23      0      0 OK       AOP    DIA    ZVCMR_H2H_CREDIT_LIMIT     IMPORT_WRONG_END_POS   ZEWM_MN_OUTBOUND_APT_SAP_DMO /usr/sap/AOP/D70/work/dev_w100
5293    70    76   ?        3.0   3.24G    3.24 S       13d20h          28      4      0     28 WARN     AOP    ?      ZVSLI_PAYMENT_REQUEST      CALL_FUNCTION_CONFLICT ZSD_MN_SOIDMS                /usr/sap/AOP/D70/work/dev_w76

Memory Tertinggi (RSS)
Description : diurutkan berdasarkan RSS(GB), menurun; tiebreak: CPU(%).
PID     INST  WP   TYPE  CPU(%)     MEM RSS(GB) STATE   AGE          RABAX   SXPG    JOB  RXMSG CLASS    SID    TYPE   ABAP Program               ErrorCode              JobName                      LOG
5271    70    54   BTC      2.0   5.01G    5.01 S       13d20h           0      3      0      0 WARN     AOP    BTC    ZLOBE_AFTER_CONFIRM        DBSQL_SQL_DEADLOCK_DET ZSD_D_INT_MRS_SLS_SND        /usr/sap/AOP/D70/work/dev_w54
28438   70    103  DIA      1.1   4.97G    4.97 S       19h47m           0      8      0      0 WARN     AOP    DIA    ZCL_ZCA_REST_OUTBOUND_LOG= DBSQL_DUPLICATE_KEY_ER ZFI_D_PRT_INB_SUBMIRO_SSC    /usr/sap/AOP/D70/work/dev_w103
5303    70    86   ?        3.0   4.95G    4.95 S       13d20h          28      6      0     28 WARN     AOP    ?      ZCL_ZCA_REST_OUTBOUND_LOG= DBSQL_DUPLICATE_KEY_ER ZEWM_MN_OUTBOUND_APT_SAP_DMO /usr/sap/AOP/D70/work/dev_w86
5291    70    74   ?        1.5   4.88G    4.88 S       13d20h          14      1      0     14 WARN     AOP    ?      ZVCMR_H2H_CREDIT_LIMIT     IMPORT_WRONG_END_POS   ZSD_H_INBOUND_FEEDBACK_ALLOC /usr/sap/AOP/D70/work/dev_w74
5263    70    46   BTC      0.9   4.87G    4.87 S       13d20h           0     24      0      0 WARN     AOP    BTC    ZCL_ZCA_REST_OUTBOUND_LOG= DBSQL_DUPLICATE_KEY_ER ZEWM_MN_OUTBOUND_APT_SAP_DMO /usr/sap/AOP/D70/work/dev_w46
24941   70    106  DIA      1.6   4.86G    4.86 S       2h15m            0     16      0      0 WARN     AOP    DIA    ZCL_ZCA_REST_OUTBOUND_LOG= DBSQL_DUPLICATE_KEY_ER Z_D_INV_CTRL_1201_02         /usr/sap/AOP/D70/work/dev_w106
19943   70    117  DIA      1.6   4.84G    4.84 S       3h21m            0      9      0      0 WARN     AOP    DIA    ZCL_ZCA_REST_OUTBOUND_LOG= DBSQL_DUPLICATE_KEY_ER SAPMZMIM_GENR_INBOUNDDEL     /usr/sap/AOP/D70/work/dev_w117
5289    70    72   ?        2.3   4.74G    4.74 S       13d20h           0      3      0      0 WARN     AOP    ?      ZCL_ZCA_REST_OUTBOUND_LOG= DBSQL_DUPLICATE_KEY_ER ZEWM_MN_OUTBOUND_APT_SAP_DMO /usr/sap/AOP/D70/work/dev_w72
11869   70    96   DIA      0.9   4.71G    4.71 S       1d2h             0      0      0      0 WARN     AOP    DIA    RFLQ_ASSIGN_REL            SYSTEM_ABAP_ACCESS_DEN ZFI_D_PRT_INB_MIRO_SSC       /usr/sap/AOP/D70/work/dev_w96
22538   70    102  DIA      1.6   4.63G    4.63 S       21h52m           0      8      0      0 WARN     AOP    DIA    /SPE/SAPLCROSS_DLVRY_HU    POSTING_ILLEGAL_STATEM ZEWM_MN_OUTBOUND_APT_SAP_DMO /usr/sap/AOP/D70/work/dev_w102

Running Terlama
Description : diurutkan berdasarkan AGE (durasi hidup WP), menurun.
PID     INST  WP   TYPE  CPU(%)     MEM RSS(GB) STATE   AGE          RABAX   SXPG    JOB  RXMSG CLASS    SID    TYPE   ABAP Program               ErrorCode              JobName                      LOG
5256    70    39   BTC      0.6   3.46G    3.46 S       13d20h          28     11      0     28 WARN     AOP    BTC    ZCL_ZCA_REST_OUTBOUND_LOG= DBSQL_DUPLICATE_KEY_ER ZBAS_D_OUT_API_IAM_SAP_LOGIN /usr/sap/AOP/D70/work/dev_w39
5257    70    40   BTC      0.0   2.87G    2.87 S       13d20h          14      0      0     14 WARN     AOP    BTC    ZCL_ZCA_REST_OUTBOUND_LOG= DBSQL_DUPLICATE_KEY_ER ZBAS_D_OUT_API_IAM_SAP_LOGIN /usr/sap/AOP/D70/work/dev_w40
5258    70    41   BTC      0.1   3.35G    3.35 S       13d20h           0      0      0      0 WARN     AOP    BTC    ZCL_ZCA_REST_OUTBOUND_LOG= DBSQL_DUPLICATE_KEY_ER ZBAS_D_OUT_API_IAM_SAP_LOGIN /usr/sap/AOP/D70/work/dev_w41
5259    70    42   BTC      0.0   3.27G    3.27 S       13d20h           0      0      0      0 WARN     AOP    BTC    ?                          ?                      ZEWM_MN_OUTBOUND_APT_SAP_DMO /usr/sap/AOP/D70/work/dev_w42
5260    70    43   BTC      0.2   3.45G    3.45 S       13d20h          14      0      0     14 WARN     AOP    BTC    ?                          ?                      /IWFND/NOTIFICATION_CLEANUP  /usr/sap/AOP/D70/work/dev_w43
5261    70    44   BTC      0.2   3.23G    3.23 S       13d20h           0      0      0      0 WARN     AOP    BTC    ?                          ?                      ZEWM_MN_OUTBOUND_APT_SAP_DMO /usr/sap/AOP/D70/work/dev_w44
5262    70    45   BTC      0.9   3.30G    3.30 S       13d20h           0      0      0      0 WARN     AOP    BTC    ?                          ?                      ZSD_H_INBOUND_FEEDBACK_ALLOC /usr/sap/AOP/D70/work/dev_w45
5263    70    46   BTC      0.9   4.87G    4.87 S       13d20h           0     24      0      0 WARN     AOP    BTC    ZCL_ZCA_REST_OUTBOUND_LOG= DBSQL_DUPLICATE_KEY_ER ZEWM_MN_OUTBOUND_APT_SAP_DMO /usr/sap/AOP/D70/work/dev_w46
5265    70    48   BTC      0.6   3.62G    3.62 S       13d20h           0      0      0      0 WARN     AOP    BTC    ?                          ?                      ZSD_MN_INBOUND_CUS_B2C       /usr/sap/AOP/D70/work/dev_w48
5266    70    49   BTC      0.7   3.06G    3.06 S       13d20h          14      4      0     14 WARN     AOP    BTC    ?                          ?                      ZSD_AD_AOE_BILL_DOM          /usr/sap/AOP/D70/work/dev_w49

RABAX Terbanyak
Description : diurutkan berdasarkan jumlah RABAX (desc), tiebreak SXPG (desc), JOB (desc).
PID     INST  WP   TYPE    RABAX   SXPG  RXMSG    JOB CLASS  ABAP Program               ErrorCode              JobName                      LOG
5307    70    90   ?          56      7     56      0 WARN   ZCL_ZCA_REST_OUTBOUND_LOG= DBSQL_DUPLICATE_KEY_ER ZSD_MN_SOIDMS                /usr/sap/AOP/D70/work/dev_w90
5306    70    89   ?          42     31     42      0 WARN   ?                          ?                      ZEWM_MN_OUTBOUND_APT_SAP_DMO /usr/sap/AOP/D70/work/dev_w89
5298    70    81   ?          42     12     42      0 WARN   ZCL_TRD_VENDOR_DELIVERY_OU DBSQL_DUPLICATE_KEY_ER ZFI_D_PRT_INB_SUBMIRO_SSC    /usr/sap/AOP/D70/work/dev_w81
5308    70    91   ?          38     38     38      0 WARN   ZCL_ZCA_REST_OUTBOUND_LOG= DBSQL_DUPLICATE_KEY_ER ZSD_H_INBOUND_FEEDBACK_ALLOC /usr/sap/AOP/D70/work/dev_w91
29366   70    64   BTC        28     47     28      0 WARN   ZCL_ZCA_REST_OUTBOUND_LOG= DBSQL_DUPLICATE_KEY_ER ZBAS_D_OUT_API_IAM_SAP_LOGIN /usr/sap/AOP/D70/work/dev_w64
5305    70    88   ?          28     32     28      0 WARN   ?                          ?                      ZSD_H_WMP_UPL_POST_SLS       /usr/sap/AOP/D70/work/dev_w88
5294    70    77   ?          28     31     28      0 WARN   ?                          ?                      ZSD_MN_SOIDMS                /usr/sap/AOP/D70/work/dev_w77
5299    70    82   ?          28     30     28      0 WARN   ZCL_ZCA_REST_OUTBOUND_LOG= DBSQL_DUPLICATE_KEY_ER ZEWM_MN_OUTBOUND_APT_SAP_DMO /usr/sap/AOP/D70/work/dev_w82
5302    70    85   ?          28     25     28      0 WARN   ZCL_ZCA_REST_OUTBOUND_LOG= DBSQL_DUPLICATE_KEY_ER ZEWM_MN_OUTBOUND_APT_SAP_DMO /usr/sap/AOP/D70/work/dev_w85
5301    70    84   ?          28     12     28      0 WARN   ZCL_ZCA_REST_OUTBOUND_LOG= DBSQL_DUPLICATE_KEY_ER ZMM_D_ERP_OUTBND_GRPO_0103   /usr/sap/AOP/D70/work/dev_w84

