snapshot @ 2026-01-29 10:30:45 WIB
================================================================================
Hostname             : AOPH1PAPPDC
OS                   : SUSE Linux Enterprise Server 15 SP3
Uptime               : 13 days 22 hours 35 minutes
vCPU                 : 28
IP address           : eth0=10.14.55.78
Logged-in            : 2 user(s), 3 session(s)
================================================================================
Metrics:
  - CPU usage         : 13.20% used, 86.80% idle
  - Load (15m)        : L15=2.84, vCPU=28, r=0.10 | LA 2.65/2.68/2.84 | Status=OK
  - Memory            : used 65.7G (54.0%), free 22.8G / 121.7G | Status=OK
  - Swap IO           : si/so 0/0 p/s | Status=OK
  - Total WP Running : 5
  - Total WP Standby : 128
  - Total WP Critical: 3
  - Total WP OK      : 60
  - Total WP Dialog  : 28
  - Total WP BTC     : 26
  - Total WP UPD     : 3
================================================================================

## WP-SCOUT @ AOPH1PAPPDC  SID=AOP  INSTS=30  TS=2026-01-29 10:30:50 WIB

CPU Tertinggi
Description : diurutkan berdasarkan CPU(%), menurun; tiebreak: RSS(GB) & AGE.
PID     INST  WP   TYPE  CPU(%)     MEM RSS(GB) STATE   AGE          RABAX   SXPG    JOB  RXMSG CLASS    SID    TYPE   ABAP Program               ErrorCode              JobName                      LOG
20768   30    106  DIA     23.2    102M    0.10 S       9s               0      0      0      0 CRIT     AOP    DIA    CL_SALV_BS_CONV_TOOL====== TIME_OUT               ZSD_MN_SOIDMS                /usr/sap/AOP/D30/work/dev_w106
75437   30    119  BTC     12.7   3.83G    3.83 S       1d17h            0      4      0      0 CRIT     AOP    BTC    SAPLORFC                   CALL_FUNCTION_SEND_ERR R_JR_BTCJOBS_GENERATOR       /usr/sap/AOP/D30/work/dev_w119
28622   30    96   DIA     11.8   3.62G    3.62 S       20h5m            0      2      0      0 WARN     AOP    DIA    SAPLORFC                   CALL_FUNCTION_SEND_ERR ZFI_D_CN_SAP_AUTO            /usr/sap/AOP/D30/work/dev_w96
61997   30    108  DIA     10.8   3.76G    3.76 S       15h5m            0      2      0      0 WARN     AOP    DIA    ZFARR_INV_LIST_REPORT      TIME_OUT               R_JR_BTCJOBS_GENERATOR       /usr/sap/AOP/D30/work/dev_w108
112141  30    98   DIA      9.4   4.06G    4.06 S       21h12m           0      2      0      0 WARN     AOP    DIA    /SPE/SAPLCROSS_DLVRY_HU    POSTING_ILLEGAL_STATEM R_JR_BTCJOBS_GENERATOR       /usr/sap/AOP/D30/work/dev_w98
16753   30    99   DIA      7.8   3.95G    3.95 S       23h38m           0     16      0      0 WARN     AOP    DIA    SAPLORFC                   CALL_FUNCTION_SEND_ERR ZPP_H_MASSGR_ERROR_VIN       /usr/sap/AOP/D30/work/dev_w99
17292   30    64   BTC      6.7   5.41G    5.41 R       13d4h           41     20     17     41 WARN     AOP    BTC    ZCL_ZCA_REST_OUTBOUND_LOG= DBSQL_DUPLICATE_KEY_ER R_JR_BTCJOBS_GENERATOR       /usr/sap/AOP/D30/work/dev_w64
25293   30    102  DIA      6.6   2.77G    2.77 S       3h6m             0      5      0      0 WARN     AOP    DIA    ZVBIR_INQUIRY_LIST_V2      TIME_OUT               R_JR_BTCJOBS_GENERATOR       /usr/sap/AOP/D30/work/dev_w102
75511   30    101  DIA      5.8   3.47G    3.47 S       1d11h            0      3      0      0 OK       AOP    DIA    ZCL_ZCA_REST_OUTBOUND_LOG= DBSQL_DUPLICATE_KEY_ER ZEWM_MN_OUTBOUND_APT_SAP_DMO /usr/sap/AOP/D30/work/dev_w101
115195  30    88   DIA      5.7   3.98G    3.98 S       5d13h           28     13     12     28 OK       AOP    DIA    ZCL_ZCA_REST_OUTBOUND_LOG= DBSQL_DUPLICATE_KEY_ER ZMM_H_INTF_ALLOC_RET         /usr/sap/AOP/D30/work/dev_w88

Memory Tertinggi (RSS)
Description : diurutkan berdasarkan RSS(GB), menurun; tiebreak: CPU(%).
PID     INST  WP   TYPE  CPU(%)     MEM RSS(GB) STATE   AGE          RABAX   SXPG    JOB  RXMSG CLASS    SID    TYPE   ABAP Program               ErrorCode              JobName                      LOG
8751    30    59   BTC      1.0   5.63G    5.63 S       13d22h           0     25      3      0 CRIT     AOP    BTC    ?                          ?                      RK_PKOSA_MULTI_CREATE        /usr/sap/AOP/D30/work/dev_w59
8748    30    56   BTC      1.4   5.47G    5.47 S       13d22h          14      1      4     14 WARN     AOP    BTC    ZCL_ZCA_REST_OUTBOUND_LOG= DBSQL_DUPLICATE_KEY_ER ZSD_MN_SOIDMS                /usr/sap/AOP/D30/work/dev_w56
17292   30    64   BTC      6.7   5.41G    5.41 R       13d4h           41     20     17     41 WARN     AOP    BTC    ZCL_ZCA_REST_OUTBOUND_LOG= DBSQL_DUPLICATE_KEY_ER R_JR_BTCJOBS_GENERATOR       /usr/sap/AOP/D30/work/dev_w64
42646   30    112  DIA      2.6   5.20G    5.20 R       16h44m           0      0      0      0 WARN     AOP    DIA    ZCL_ZCA_REST_OUTBOUND_LOG= DBSQL_DUPLICATE_KEY_ER ZFI_D_PRT_OUT_OPEN_TDY_1100  /usr/sap/AOP/D30/work/dev_w112
8772    30    80   ?        2.9   5.18G    5.18 S       13d22h          31      7      9     28 WARN     AOP    ?      ZCL_ZCA_REST_OUTBOUND_LOG= DBSQL_DUPLICATE_KEY_ER ZMM_HD_INV_MOVEMENT_SUM1022_ /usr/sap/AOP/D30/work/dev_w80
832     30    55   BTC      2.7   5.14G    5.14 S       13d17h           0      1      1      0 WARN     AOP    BTC    ?                          ?                      ZEWM_MN_OUTBOUND_APT_SAP_DMO /usr/sap/AOP/D30/work/dev_w55
125381  30    94   DIA      1.7   4.82G    4.82 S       20h52m           0      3      0      0 WARN     AOP    DIA    ZCL_ZCA_REST_OUTBOUND_LOG= DBSQL_DUPLICATE_KEY_ER ZEWM_MN_OUTBOUND_APT_SAP_DMO /usr/sap/AOP/D30/work/dev_w94
8768    30    76   ?        1.8   4.82G    4.82 S       13d22h          14      9      5     14 WARN     AOP    ?      ZVCMR_H2H_CREDIT_LIMIT     IMPORT_WRONG_END_POS   ZMM_HD_INV_MOVEMENT_DET1021_ /usr/sap/AOP/D30/work/dev_w76
8782    30    90   DIA      2.9   4.78G    4.78 S       13d22h          37     14     12     37 WARN     AOP    DIA    ZCL_ZCA_REST_OUTBOUND_LOG= DBSQL_DUPLICATE_KEY_ER ZSD_H_WMP_UPL_POST_SLS       /usr/sap/AOP/D30/work/dev_w90
8766    30    74   ?        2.6   4.47G    4.47 S       13d22h          14      2      7     14 WARN     AOP    ?      ZCL_ZCA_REST_OUTBOUND_LOG= DBSQL_DUPLICATE_KEY_ER ZMM_H_INBOUND_AOE_POR        /usr/sap/AOP/D30/work/dev_w74

Running Terlama
Description : diurutkan berdasarkan AGE (durasi hidup WP), menurun.
PID     INST  WP   TYPE  CPU(%)     MEM RSS(GB) STATE   AGE          RABAX   SXPG    JOB  RXMSG CLASS    SID    TYPE   ABAP Program               ErrorCode              JobName                      LOG
8733    30    42   BTC      0.2   3.54G    3.54 S       13d22h           0      1      3      0 WARN     AOP    BTC    ZVCMR_H2H_CREDIT_LIMIT     IMPORT_WRONG_END_POS   R_JR_BTCJOBS_GENERATOR       /usr/sap/AOP/D30/work/dev_w42
8736    30    45   BTC      0.6   3.82G    3.82 S       13d22h           0      1      0      0 WARN     AOP    BTC    ?                          ?                      ZEWM_MN_OUTBOUND_APT_SAP_DMO /usr/sap/AOP/D30/work/dev_w45
8740    30    49   BTC      0.2   3.82G    3.82 S       13d22h           0      2      1      0 WARN     AOP    BTC    ZCL_ZCA_REST_OUTBOUND_LOG= DBSQL_DUPLICATE_KEY_ER ZFI_D_PRT_OUT_CLR_CUR_FLEET  /usr/sap/AOP/D30/work/dev_w49
8741    30    50   BTC      0.6   3.68G    3.68 S       13d22h          26      1      7     26 WARN     AOP    BTC    ZMIME_DRP_REPLENISHMENT_EW DBSQL_DUPLICATE_KEY_ER ZSD_H_UPLOAD_CBD_B2B_SFA     /usr/sap/AOP/D30/work/dev_w50
8742    30    51   BTC      0.3   4.03G    4.03 S       13d22h          14      1      0     14 WARN     AOP    BTC    ?                          ?                      ZMIM_INV_CONTROL_IKP_D       /usr/sap/AOP/D30/work/dev_w51
8748    30    56   BTC      1.4   5.47G    5.47 S       13d22h          14      1      4     14 WARN     AOP    BTC    ZCL_ZCA_REST_OUTBOUND_LOG= DBSQL_DUPLICATE_KEY_ER ZSD_MN_SOIDMS                /usr/sap/AOP/D30/work/dev_w56
8751    30    59   BTC      1.0   5.63G    5.63 S       13d22h           0     25      3      0 CRIT     AOP    BTC    ?                          ?                      RK_PKOSA_MULTI_CREATE        /usr/sap/AOP/D30/work/dev_w59
8757    30    65   ?        0.0   1.38G    1.38 S       13d22h           0      0      0      0 WARN     AOP    ?      ?                          ?                      ?                            /usr/sap/AOP/D30/work/dev_w65
8758    30    66   ?        0.0   1.25G    1.25 S       13d22h           0      0      0      0 WARN     AOP    ?      ?                          ?                      ?                            /usr/sap/AOP/D30/work/dev_w66
8759    30    67   ?        0.0   1.51G    1.51 S       13d22h           0      0      0      0 WARN     AOP    ?      ?                          ?                      ?                            /usr/sap/AOP/D30/work/dev_w67

RABAX Terbanyak
Description : diurutkan berdasarkan jumlah RABAX (desc), tiebreak SXPG (desc), JOB (desc).
PID     INST  WP   TYPE    RABAX   SXPG  RXMSG    JOB CLASS  ABAP Program               ErrorCode              JobName                      LOG
124714  30    92   DIA        66      4     66     16 OK     ZCL_ZCA_REST_OUTBOUND_LOG= DBSQL_DUPLICATE_KEY_ER ZPP_H_MASSGR_ERROR_VIN       /usr/sap/AOP/D30/work/dev_w92
32217   30    89   DIA        42      4     42     16 OK     ZCL_ZCA_REST_OUTBOUND_LOG= DBSQL_DUPLICATE_KEY_ER R_JR_BTCJOBS_GENERATOR       /usr/sap/AOP/D30/work/dev_w89
17292   30    64   BTC        41     20     41     17 WARN   ZCL_ZCA_REST_OUTBOUND_LOG= DBSQL_DUPLICATE_KEY_ER R_JR_BTCJOBS_GENERATOR       /usr/sap/AOP/D30/work/dev_w64
8782    30    90   DIA        37     14     37     12 WARN   ZCL_ZCA_REST_OUTBOUND_LOG= DBSQL_DUPLICATE_KEY_ER ZSD_H_WMP_UPL_POST_SLS       /usr/sap/AOP/D30/work/dev_w90
8778    30    86   ?          37     11     37      9 WARN   ZCL_ZCA_REST_OUTBOUND_LOG= DBSQL_DUPLICATE_KEY_ER ZSD_MN_SOIDMS                /usr/sap/AOP/D30/work/dev_w86
8771    30    79   ?          35      4     35      8 WARN   ZCL_ZCA_REST_OUTBOUND_LOG= DBSQL_DUPLICATE_KEY_ER ZPP_H_REPROCESS_CONF_CDCRDC  /usr/sap/AOP/D30/work/dev_w79
8772    30    80   ?          31      7     28      9 WARN   ZCL_ZCA_REST_OUTBOUND_LOG= DBSQL_DUPLICATE_KEY_ER ZMM_HD_INV_MOVEMENT_SUM1022_ /usr/sap/AOP/D30/work/dev_w80
29767   30    100  DIA        29      5     29     39 OK     ZMPUE_OUTSTANDING_GR_LIST  SAPSQL_DATA_LOSS       ZEWM_MN_OUTBOUND_APT_SAP_DMO /usr/sap/AOP/D30/work/dev_w100
85216   30    87   ?          28     16     28     15 WARN   ZCL_ZCA_REST_OUTBOUND_LOG= DBSQL_DUPLICATE_KEY_ER ZEWM_MN_OUTBOUND_APT_SAP_DMO /usr/sap/AOP/D30/work/dev_w87
115195  30    88   DIA        28     13     28     12 OK     ZCL_ZCA_REST_OUTBOUND_LOG= DBSQL_DUPLICATE_KEY_ER ZMM_H_INTF_ALLOC_RET         /usr/sap/AOP/D30/work/dev_w88

snapshot @ 2026-01-29 10:30:51 WIB
================================================================================
Hostname             : AOPH2PAPPDC
OS                   : SUSE Linux Enterprise Server 15 SP3
Uptime               : 13 days 22 hours 23 minutes
vCPU                 : 28
IP address           : eth0=10.14.55.79
Logged-in            : 1 user(s), 1 session(s)
================================================================================
Metrics:
  - CPU usage         : 8.44% used, 91.56% idle
  - Load (15m)        : L15=1.43, vCPU=28, r=0.05 | LA 1.07/1.25/1.43 | Status=OK
  - Memory            : used 68.9G (56.6%), free 22.5G / 121.7G | Status=OK
  - Swap IO           : si/so 0/0 p/s | Status=OK
  - Total WP Running : 0
  - Total WP Standby : 133
  - Total WP Critical: 3
  - Total WP OK      : 30
  - Total WP Dialog  : 27
  - Total WP BTC     : 25
  - Total WP UPD     : 3
================================================================================

## WP-SCOUT @ AOPH2PAPPDC  SID=AOP  INSTS=40  TS=2026-01-29 10:30:59 WIB

CPU Tertinggi
Description : diurutkan berdasarkan CPU(%), menurun; tiebreak: RSS(GB) & AGE.
PID     INST  WP   TYPE  CPU(%)     MEM RSS(GB) STATE   AGE          RABAX   SXPG    JOB  RXMSG CLASS    SID    TYPE   ABAP Program               ErrorCode              JobName                      LOG
127952  40    116  DIA      8.4   3.97G    3.97 S       12h16m           0     15      0      0 WARN     AOP    DIA    SAPLORFC                   CALL_FUNCTION_SEND_ERR ZMM_H_INBOUND_MRS_PRR        /usr/sap/AOP/D40/work/dev_w116
16717   40    63   BTC      8.0   4.73G    4.73 S       9d17h           45      1     34     45 WARN     AOP    BTC    SAPLORFC                   CALL_FUNCTION_SEND_ERR ZEWM_MN_OUTBOUND_APT_SAP_DMO /usr/sap/AOP/D40/work/dev_w63
71880   40    113  DIA      7.2   4.24G    4.24 S       3h2m             0      0      0      0 WARN     AOP    DIA    /SPE/SAPLCROSS_DLVRY_HU    POSTING_ILLEGAL_STATEM ZSD_MN_SOIDMS                /usr/sap/AOP/D40/work/dev_w113
17191   40    105  DIA      6.8   4.61G    4.61 S       17h37m           0      2      0      0 WARN     AOP    DIA    /SPE/SAPLCROSS_DLVRY_HU    POSTING_ILLEGAL_STATEM ZPP_D_CORU_COGI              /usr/sap/AOP/D40/work/dev_w105
28961   40    106  DIA      4.6   4.51G    4.51 S       3h53m            0      4      0      0 WARN     AOP    DIA    SAPLORFC                   CALL_FUNCTION_SEND_ERR ZFI_D_PRT_INB_MIRO_SSC       /usr/sap/AOP/D40/work/dev_w106
78516   40    114  DIA      4.1   4.81G    4.81 S       2h57m           85      2      0      0 WARN     AOP    DIA    SAPLZVSLT_B2B_ODR          TSV_TNEW_PAGE_ALLOC_FA ZMM_HD_INV_MOVEMENT_SUM1401_ /usr/sap/AOP/D40/work/dev_w114
66336   40    101  DIA      3.6   4.73G    4.73 S       39m              0      1      0      0 WARN     AOP    DIA    SAPLQOWK                   CALL_FUNCTION_SEND_ERR ZFI_D_PRT_INB_MIRO_SSC       /usr/sap/AOP/D40/work/dev_w101
6723    40    88   ?        3.4   3.51G    3.51 S       13d22h           0     11     23      0 WARN     AOP    ?      ZCL_ZCA_REST_OUTBOUND_LOG= DBSQL_DUPLICATE_KEY_ER ZSD_H_CBD_PENDING            /usr/sap/AOP/D40/work/dev_w88
16531   40    110  DIA      3.3   3.10G    3.10 S       1h35m            0      4      0      0 OK       AOP    DIA    SAPLME07                   TIME_OUT               SAP_VDM_FND_FSCL_DF_FILL     /usr/sap/AOP/D40/work/dev_w110
6721    40    86   ?        3.2   3.58G    3.58 S       13d22h          14      4     11     14 WARN     AOP    ?      ?                          ?                      ZVSLE_UPDATE_GR_PUT_ALLOC    /usr/sap/AOP/D40/work/dev_w86

Memory Tertinggi (RSS)
Description : diurutkan berdasarkan RSS(GB), menurun; tiebreak: CPU(%).
PID     INST  WP   TYPE  CPU(%)     MEM RSS(GB) STATE   AGE          RABAX   SXPG    JOB  RXMSG CLASS    SID    TYPE   ABAP Program               ErrorCode              JobName                      LOG
6683    40    49   BTC      0.1   5.92G    5.92 S       13d22h           0      0      0      0 CRIT     AOP    BTC    ?                          ?                      ZSD_MN_SOIDMS                /usr/sap/AOP/D40/work/dev_w49
10153   40    96   DIA      2.6   5.52G    5.52 S       17h43m           0      4      0      0 CRIT     AOP    DIA    /SPE/SAPLCROSS_DLVRY_HU    POSTING_ILLEGAL_STATEM ZSD_AD_RLB_RETAIL_1507       /usr/sap/AOP/D40/work/dev_w96
38994   40    21   ?        0.4   5.52G    5.52 S       1d23h            0      0      0      0 CRIT     AOP    ?      ?                          ?                      ?                            /usr/sap/AOP/D40/work/dev_w21
70616   40    39   ?        1.8   5.29G    5.29 S       3h5m             0      1      0      0 WARN     AOP    ?      /SPE/SAPLCROSS_DLVRY_HU    POSTING_ILLEGAL_STATEM ?                            /usr/sap/AOP/D40/work/dev_w39
79561   40    107  DIA      1.3   5.24G    5.24 S       13h10m           0      0      0      0 WARN     AOP    DIA    ZFARR_APPROVAL_CREDIT_LIMI CONVT_OVERFLOW         SAPMZMIM_GENR_INBOUNDDEL     /usr/sap/AOP/D40/work/dev_w107
12041   40    32   ?        0.4   5.19G    5.19 S       1d11h            0      0      0      0 WARN     AOP    ?      /SPE/SAPLCROSS_DLVRY_HU    POSTING_ILLEGAL_STATEM ?                            /usr/sap/AOP/D40/work/dev_w32
27644   40    103  DIA      1.0   5.15G    5.15 S       17h23m           0      3      0      0 WARN     AOP    DIA    CL_SALV_COLUMNS=========== UNCAUGHT_EXCEPTION     ZMM_H_INBOUND_MRS_PRR        /usr/sap/AOP/D40/work/dev_w103
70888   40    108  DIA      2.2   5.11G    5.11 S       16h41m           0      0      0      0 WARN     AOP    DIA    ZVBIR_INQUIRY_LIST_V2      TIME_OUT               ZSD_MN_SOIDMS                /usr/sap/AOP/D40/work/dev_w108
112649  40    34   ?        1.0   4.94G    4.94 S       15h8m            0      0      0      0 WARN     AOP    ?      ZMIMR_STO_MONITOR          TIME_OUT               ?                            /usr/sap/AOP/D40/work/dev_w34
78516   40    114  DIA      4.1   4.81G    4.81 S       2h57m           85      2      0      0 WARN     AOP    DIA    SAPLZVSLT_B2B_ODR          TSV_TNEW_PAGE_ALLOC_FA ZMM_HD_INV_MOVEMENT_SUM1401_ /usr/sap/AOP/D40/work/dev_w114

Running Terlama
Description : diurutkan berdasarkan AGE (durasi hidup WP), menurun.
PID     INST  WP   TYPE  CPU(%)     MEM RSS(GB) STATE   AGE          RABAX   SXPG    JOB  RXMSG CLASS    SID    TYPE   ABAP Program               ErrorCode              JobName                      LOG
6675    40    41   BTC      0.0   3.71G    3.71 S       13d22h           0     24      0      0 WARN     AOP    BTC    ?                          ?                      ZSD_MN_SOIDMS                /usr/sap/AOP/D40/work/dev_w41
6676    40    42   BTC      0.0   3.99G    3.99 S       13d22h           9      0      4      9 WARN     AOP    BTC    ?                          ?                      ZEWM_MN_OUTBOUND_APT_SAP_DMO /usr/sap/AOP/D40/work/dev_w42
6677    40    43   BTC      0.1   4.32G    4.32 S       13d22h           0      0      3      0 WARN     AOP    BTC    ZCL_ZCA_REST_OUTBOUND_LOG= DBSQL_DUPLICATE_KEY_ER ZSD_H_IFI_Z_UPD_AOPWEBRPLNS_ /usr/sap/AOP/D40/work/dev_w43
6678    40    44   BTC      0.4   3.97G    3.97 S       13d22h           0      0      3      0 WARN     AOP    BTC    ?                          ?                      ZEWM_MN_OUTBOUND_APT_SAP_DMO /usr/sap/AOP/D40/work/dev_w44
6679    40    45   BTC      0.1   4.09G    4.09 S       13d22h           0      0      1      0 WARN     AOP    BTC    ?                          ?                      ZSD_H_IFI_Z_UPD_AOPWEBRPLNS_ /usr/sap/AOP/D40/work/dev_w45
6681    40    47   BTC      0.1   3.77G    3.77 S       13d22h          14      1      0     14 WARN     AOP    BTC    ?                          ?                      ZPP_H_MASSGR_VIN             /usr/sap/AOP/D40/work/dev_w47
6682    40    48   BTC      0.1   4.02G    4.02 S       13d22h           0      3      0      0 WARN     AOP    BTC    ?                          ?                      ZSD_H_WMP_UPL_POST_SLS       /usr/sap/AOP/D40/work/dev_w48
6683    40    49   BTC      0.1   5.92G    5.92 S       13d22h           0      0      0      0 CRIT     AOP    BTC    ?                          ?                      ZSD_MN_SOIDMS                /usr/sap/AOP/D40/work/dev_w49
6684    40    50   BTC      1.6   3.66G    3.66 S       13d22h          14     25      1     14 WARN     AOP    BTC    ?                          ?                      ZSD_MN_SOIDMS                /usr/sap/AOP/D40/work/dev_w50
6685    40    51   BTC      0.1   4.03G    4.03 S       13d22h           0      8      4      0 WARN     AOP    BTC    ?                          ?                      ZEWM_MN_OUTBOUND_APT_SAP_DMO /usr/sap/AOP/D40/work/dev_w51

RABAX Terbanyak
Description : diurutkan berdasarkan jumlah RABAX (desc), tiebreak SXPG (desc), JOB (desc).
PID     INST  WP   TYPE    RABAX   SXPG  RXMSG    JOB CLASS  ABAP Program               ErrorCode              JobName                      LOG
78516   40    114  DIA        85      2      0      0 WARN   SAPLZVSLT_B2B_ODR          TSV_TNEW_PAGE_ALLOC_FA ZMM_HD_INV_MOVEMENT_SUM1401_ /usr/sap/AOP/D40/work/dev_w114
6707    40    73   ?          85      1      0      2 WARN   ZCL_ZCA_REST_OUTBOUND_LOG= DBSQL_DUPLICATE_KEY_ER RM07MLBB                     /usr/sap/AOP/D40/work/dev_w73
16717   40    63   BTC        45      1     45     34 WARN   SAPLORFC                   CALL_FUNCTION_SEND_ERR ZEWM_MN_OUTBOUND_APT_SAP_DMO /usr/sap/AOP/D40/work/dev_w63
6717    40    82   ?          42      4     42     12 WARN   CL_SALV_BS_RUNTIME_INFO=== MEMORY_NO_MORE_PAGING  ZCO_D_ZMB51_IKP_RAWMAT       /usr/sap/AOP/D40/work/dev_w82
6725    40    90   ?          28     12     28     19 WARN   ZCL_ZCA_REST_OUTBOUND_LOG= DBSQL_DUPLICATE_KEY_ER SATC_WATCHDOG                /usr/sap/AOP/D40/work/dev_w90
103059  40    112  DIA        28      6     28     40 OK     RFLQ_ASSIGN_REL            SYSTEM_ABAP_ACCESS_DEN ZFI_D_PRT_INB_SUBMIRO_SSC    /usr/sap/AOP/D40/work/dev_w112
6718    40    83   ?          28      6     28     27 WARN   ?                          ?                      ZFI_D_PRT_OUT_OPEN_TDY_1000  /usr/sap/AOP/D40/work/dev_w83
6724    40    89   ?          19     10     19     28 WARN   ZLOBE_AFTER_CONFIRM        DBSQL_SQL_DEADLOCK_DET Z_D_COGI_1201                /usr/sap/AOP/D40/work/dev_w89
6712    40    77   ?          14     26     14      2 WARN   CL_SALV_COLUMNS=========== UNCAUGHT_EXCEPTION     ZSD_H_CBD_PENDING            /usr/sap/AOP/D40/work/dev_w77
6711    40    76   ?          14     26     14      2 WARN   ZCL_TRD_VENDOR_DELIVERY_OU DBSQL_DUPLICATE_KEY_ER Z_D_INV_CTRL_1201_02         /usr/sap/AOP/D40/work/dev_w76

snapshot @ 2026-01-29 10:31:00 WIB
================================================================================
Hostname             : AOPH3PAPPDC
OS                   : SUSE Linux Enterprise Server 15 SP3
Uptime               : 13 days 22 hours 18 minutes
vCPU                 : 28
IP address           : eth0=10.14.55.81
Logged-in            : 1 user(s), 1 session(s)
================================================================================
Metrics:
  - CPU usage         : 7.13% used, 92.87% idle
  - Load (15m)        : L15=3.40, vCPU=28, r=0.12 | LA 2.64/3.29/3.40 | Status=OK
  - Memory            : used 54.5G (44.8%), free 55.5G / 121.7G | Status=OK
  - Swap IO           : si/so 6/0 p/s | Status=WARN
  - Total WP Running : 1
  - Total WP Standby : 134
  - Total WP Critical: 1
  - Total WP OK      : 76
  - Total WP Dialog  : 30
  - Total WP BTC     : 25
  - Total WP UPD     : 3
================================================================================

## WP-SCOUT @ AOPH3PAPPDC  SID=AOP  INSTS=50  TS=2026-01-29 10:31:07 WIB

CPU Tertinggi
Description : diurutkan berdasarkan CPU(%), menurun; tiebreak: RSS(GB) & AGE.
PID     INST  WP   TYPE  CPU(%)     MEM RSS(GB) STATE   AGE          RABAX   SXPG    JOB  RXMSG CLASS    SID    TYPE   ABAP Program               ErrorCode              JobName                      LOG
86981   50    116  DIA     13.1   2.98G    2.98 S       19h48m          70      5      8     70 CRIT     AOP    DIA    ZMPUE_OUTSTANDING_GR_LIST  SAPSQL_DATA_LOSS       ZSD_H_INBOUND_RETUR_ALLOC_AP /usr/sap/AOP/D50/work/dev_w116
91439   50    64   BTC     10.7   2.36G    2.36 S       13d4h           65      7     12     65 WARN     AOP    BTC    ZCL_ZCA_REST_OUTBOUND_LOG= DBSQL_DUPLICATE_KEY_ER ZSD_H_POST_CBD_B2B_SFA_FREES /usr/sap/AOP/D50/work/dev_w64
25370   50    110  DIA      9.1   3.88G    3.88 S       59m              0      2      0      0 WARN     AOP    DIA    ZMPUE_OUTSTANDING_GR_LIST  SAPSQL_DATA_LOSS       ZSD_H_UPLOAD_CBD_B2B_SFA     /usr/sap/AOP/D50/work/dev_w110
9078    50    92   DIA      6.4   2.42G    2.42 S       1d17h           14     11      9     14 WARN     AOP    DIA    ZCL_ZCA_REST_OUTBOUND_LOG= DBSQL_DUPLICATE_KEY_ER ZEWM_MN_OUTBOUND_APT_SAP_DMO /usr/sap/AOP/D50/work/dev_w92
5562    50    89   ?        5.9   2.97G    2.97 S       13d22h          70     12      3     70 WARN     AOP    ?      ZCL_ZCA_REST_OUTBOUND_LOG= DBSQL_DUPLICATE_KEY_ER ZSD_MN_INBOUND_CUS_B2C       /usr/sap/AOP/D50/work/dev_w89
119452  50    77   ?        5.6   1.74G    1.74 S       5d19h           28      3      1     28 OK       AOP    ?      ?                          ?                      SXCO_TRC_DELETE_TRACES       /usr/sap/AOP/D50/work/dev_w77
5558    50    85   ?        5.4   2.08G    2.08 S       13d22h          70      9      6     70 WARN     AOP    ?      ZCL_ZCA_REST_OUTBOUND_LOG= DBSQL_DUPLICATE_KEY_ER ZSD_H_INBOUND_RETUR_ALLOC_AP /usr/sap/AOP/D50/work/dev_w85
91631   50    94   DIA      5.0   3.27G    3.27 S       2h34m            0      0      0      0 OK       AOP    DIA    SAPLQOWK                   CALL_FUNCTION_SEND_ERR ZSD_MN_WH_BILLING_VF04       /usr/sap/AOP/D50/work/dev_w94
90412   50    109  DIA      4.6   3.71G    3.71 S       2h39m            0      0      0      0 OK       AOP    DIA    ZCL_ZCA_REST_OUTBOUND_LOG= DBSQL_DUPLICATE_KEY_ER R_JR_BTCJOBS_GENERATOR       /usr/sap/AOP/D50/work/dev_w109
119453  50    79   ?        4.4   2.05G    2.05 S       5d19h           42      7      0     42 OK       AOP    ?      ZCL_ZCA_REST_OUTBOUND_LOG= DBSQL_DUPLICATE_KEY_ER ZSD_D_WEB_SAP_REALISASI_IN   /usr/sap/AOP/D50/work/dev_w79

Memory Tertinggi (RSS)
Description : diurutkan berdasarkan RSS(GB), menurun; tiebreak: CPU(%).
PID     INST  WP   TYPE  CPU(%)     MEM RSS(GB) STATE   AGE          RABAX   SXPG    JOB  RXMSG CLASS    SID    TYPE   ABAP Program               ErrorCode              JobName                      LOG
85894   50    113  DIA      4.2   4.52G    4.52 S       2h41m            0      0      0      0 WARN     AOP    DIA    ZVSLI_PAYMENT_REQUEST      CALL_FUNCTION_CONFLICT ZEWM_MN_OUTBOUND_APT_SAP_DMO /usr/sap/AOP/D50/work/dev_w113
41826   50    97   DIA      1.0   4.39G    4.39 S       20h56m           0      0      0      0 WARN     AOP    DIA    /SPE/SAPLCROSS_DLVRY_HU    POSTING_ILLEGAL_STATEM ZFI_D_PRT_INB_SUBMIRO_SSC    /usr/sap/AOP/D50/work/dev_w97
19465   50    37   ?        1.1   4.34G    4.34 S       11h22m           0      4      0      0 WARN     AOP    ?      ZVSLE_UPLOAD_CLAIM_MD      TIME_OUT               ?                            /usr/sap/AOP/D50/work/dev_w37
74068   50    106  DIA      1.8   4.27G    4.27 S       16h46m           0     18      0      0 WARN     AOP    DIA    ZCL_ZCA_REST_OUTBOUND_LOG= DBSQL_DUPLICATE_KEY_ER SAPMZMIM_GENR_INBOUNDDEL     /usr/sap/AOP/D50/work/dev_w106
16423   50    105  DIA      0.9   4.06G    4.06 S       21h33m           0      3      0      0 WARN     AOP    DIA    ZVSLI_PAYMENT_REQUEST      CALL_FUNCTION_CONFLICT ZFI_D_PRT_INB_MIRO_SSC       /usr/sap/AOP/D50/work/dev_w105
69465   50    23   ?        0.6   3.98G    3.98 S       23h34m           0      1      0      0 OK       AOP    ?      ?                          ?                      ?                            /usr/sap/AOP/D50/work/dev_w23
72785   50    34   ?        0.8   3.93G    3.93 S       13h21m           0      0      0      0 OK       AOP    ?      SAPLORFC                   CALL_FUNCTION_SEND_ERR ?                            /usr/sap/AOP/D50/work/dev_w34
25370   50    110  DIA      9.1   3.88G    3.88 S       59m              0      2      0      0 WARN     AOP    DIA    ZMPUE_OUTSTANDING_GR_LIST  SAPSQL_DATA_LOSS       ZSD_H_UPLOAD_CBD_B2B_SFA     /usr/sap/AOP/D50/work/dev_w110
90412   50    109  DIA      4.6   3.71G    3.71 S       2h39m            0      0      0      0 OK       AOP    DIA    ZCL_ZCA_REST_OUTBOUND_LOG= DBSQL_DUPLICATE_KEY_ER R_JR_BTCJOBS_GENERATOR       /usr/sap/AOP/D50/work/dev_w109
34103   50    112  DIA      3.0   3.68G    3.68 S       4h2m             0      2      0      0 OK       AOP    DIA    ZCL_ZCA_REST_OUTBOUND_LOG= DBSQL_DUPLICATE_KEY_ER ZEWM_MN_OUTBOUND_APT_SAP_DMO /usr/sap/AOP/D50/work/dev_w112

Running Terlama
Description : diurutkan berdasarkan AGE (durasi hidup WP), menurun.
PID     INST  WP   TYPE  CPU(%)     MEM RSS(GB) STATE   AGE          RABAX   SXPG    JOB  RXMSG CLASS    SID    TYPE   ABAP Program               ErrorCode              JobName                      LOG
5473    50    0    ?        0.0   2.97G    2.97 S       13d22h           0      0      0      0 WARN     AOP    ?      ?                          ?                      ?                            /usr/sap/AOP/D50/work/dev_w0
5514    50    41   BTC      0.5   1.17G    1.17 S       13d22h           0      0      0      0 WARN     AOP    BTC    ZMPUE_OUTSTANDING_GR_LIST  SAPSQL_DATA_LOSS       ZSD_MN_SOIDMS                /usr/sap/AOP/D50/work/dev_w41
5516    50    43   BTC      0.8    891M    0.87 S       13d22h           0      9      1      0 WARN     AOP    BTC    ZCL_ZCA_REST_OUTBOUND_LOG= DBSQL_DUPLICATE_KEY_ER R_JR_BTCJOBS_GENERATOR       /usr/sap/AOP/D50/work/dev_w43
5517    50    44   BTC      0.5   1.50G    1.50 S       13d22h           0      0      2      0 WARN     AOP    BTC    ZCL_ZCA_REST_OUTBOUND_LOG= DBSQL_DUPLICATE_KEY_ER ZBAS_D_OUT_API_IAM_SAP_LOGIN /usr/sap/AOP/D50/work/dev_w44
5518    50    45   BTC      0.4   1.14G    1.14 S       13d22h           0      1      0      0 WARN     AOP    BTC    ?                          ?                      ZPP_H_REPROCESS_CONF_BKIT_CD /usr/sap/AOP/D50/work/dev_w45
5519    50    46   BTC      0.3   1.21G    1.21 S       13d22h          14      3      0     14 WARN     AOP    BTC    ?                          ?                      ZEWM_MN_OUTBOUND_APT_SAP_DMO /usr/sap/AOP/D50/work/dev_w46
5521    50    48   BTC      1.2   1.50G    1.50 S       13d22h           0      3      0      0 WARN     AOP    BTC    ?                          ?                      ZFI_D_PRT_OUT_OPEN_TDY       /usr/sap/AOP/D50/work/dev_w48
5524    50    51   BTC      0.7   1.22G    1.22 S       13d22h           0      1      1      0 WARN     AOP    BTC    ZVCMR_H2H_CREDIT_LIMIT     IMPORT_WRONG_END_POS   ZFI_D_H2H_CREDITLIMIT        /usr/sap/AOP/D50/work/dev_w51
5526    50    53   BTC      1.4   1.55G    1.55 S       13d22h           0     14      0      0 WARN     AOP    BTC    /SCWM/SAPLMON_REFRESH      CALL_FUNCTION_SEND_ERR ZEWM_MN_OUTBOUND_APT_SAP_DMO /usr/sap/AOP/D50/work/dev_w53
5538    50    65   ?        0.0    973M    0.95 S       13d22h           0      0      0      0 WARN     AOP    ?      SAPLCOFW                   MESSAGE_TYPE_X         ?                            /usr/sap/AOP/D50/work/dev_w65

RABAX Terbanyak
Description : diurutkan berdasarkan jumlah RABAX (desc), tiebreak SXPG (desc), JOB (desc).
PID     INST  WP   TYPE    RABAX   SXPG  RXMSG    JOB CLASS  ABAP Program               ErrorCode              JobName                      LOG
5559    50    86   ?         123      9     14      2 WARN   ZLOBE_AFTER_CONFIRM        DBSQL_SQL_DEADLOCK_DET ZSD_H_INBOUND_RETUR_ALLOC_AP /usr/sap/AOP/D50/work/dev_w86
73891   50    6    ?          85      3      0      0 OK     SAPLSPO1                   DYNPRO_SEND_IN_BACKGRO ?                            /usr/sap/AOP/D50/work/dev_w6
5562    50    89   ?          70     12     70      3 WARN   ZCL_ZCA_REST_OUTBOUND_LOG= DBSQL_DUPLICATE_KEY_ER ZSD_MN_INBOUND_CUS_B2C       /usr/sap/AOP/D50/work/dev_w89
5558    50    85   ?          70      9     70      6 WARN   ZCL_ZCA_REST_OUTBOUND_LOG= DBSQL_DUPLICATE_KEY_ER ZSD_H_INBOUND_RETUR_ALLOC_AP /usr/sap/AOP/D50/work/dev_w85
86981   50    116  DIA        70      5     70      8 CRIT   ZMPUE_OUTSTANDING_GR_LIST  SAPSQL_DATA_LOSS       ZSD_H_INBOUND_RETUR_ALLOC_AP /usr/sap/AOP/D50/work/dev_w116
91439   50    64   BTC        65      7     65     12 WARN   ZCL_ZCA_REST_OUTBOUND_LOG= DBSQL_DUPLICATE_KEY_ER ZSD_H_POST_CBD_B2B_SFA_FREES /usr/sap/AOP/D50/work/dev_w64
5560    50    87   ?          56      6     56      8 WARN   ZCL_ZCA_REST_OUTBOUND_LOG= DBSQL_DUPLICATE_KEY_ER ZSD_H_INBOUND_FEEDBACK_ALLOC /usr/sap/AOP/D50/work/dev_w87
5561    50    88   ?          45     25     45      9 WARN   ZCL_ZCA_REST_OUTBOUND_LOG= DBSQL_DUPLICATE_KEY_ER ZSD_H_IFI_Z_UPD_AOPWEBRPLNS_ /usr/sap/AOP/D50/work/dev_w88
119453  50    79   ?          42      7     42      0 OK     ZCL_ZCA_REST_OUTBOUND_LOG= DBSQL_DUPLICATE_KEY_ER ZSD_D_WEB_SAP_REALISASI_IN   /usr/sap/AOP/D50/work/dev_w79
4457    50    91   DIA        38     26     38     10 OK     ZCL_ZCA_REST_OUTBOUND_LOG= DBSQL_DUPLICATE_KEY_ER ZMM_HD_INV_MOVEMENT_SUM1301_ /usr/sap/AOP/D50/work/dev_w91

snapshot @ 2026-01-29 10:31:09 WIB
================================================================================
Hostname             : AOPH4PAPPDC
OS                   : SUSE Linux Enterprise Server 15 SP3
Uptime               : 13 days 22 hours 17 minutes
vCPU                 : 28
IP address           : eth0=10.14.55.94
Logged-in            : 1 user(s), 1 session(s)
================================================================================
Metrics:
  - CPU usage         : 12.41% used, 87.59% idle
  - Load (15m)        : L15=2.34, vCPU=28, r=0.08 | LA 3.10/2.64/2.34 | Status=OK
  - Memory            : used 54.0G (44.4%), free 58.4G / 121.7G | Status=OK
  - Swap IO           : si/so 0/0 p/s | Status=OK
  - Total WP Running : 5
  - Total WP Standby : 128
  - Total WP Critical: 3
  - Total WP OK      : 58
  - Total WP Dialog  : 29
  - Total WP BTC     : 27
  - Total WP UPD     : 3
================================================================================

## WP-SCOUT @ AOPH4PAPPDC  SID=AOP  INSTS=60  TS=2026-01-29 10:31:17 WIB

CPU Tertinggi
Description : diurutkan berdasarkan CPU(%), menurun; tiebreak: RSS(GB) & AGE.
PID     INST  WP   TYPE  CPU(%)     MEM RSS(GB) STATE   AGE          RABAX   SXPG    JOB  RXMSG CLASS    SID    TYPE   ABAP Program               ErrorCode              JobName                      LOG
68419   60    113  DIA     15.5   4.70G    4.70 R       2h56m            0      0      0      0 CRIT     AOP    DIA    SAPLORFC                   CALL_FUNCTION_SEND_ERR ZFI_D_PRT_INB_MIRO_SSC       /usr/sap/AOP/D60/work/dev_w113
80218   60    92   DIA      9.1   4.32G    4.32 S       3d1h             0      3      0      0 WARN     AOP    DIA    ?                          ?                      SAP_MD_BP_TD_TRANSMIT        /usr/sap/AOP/D60/work/dev_w92
41987   60    64   BTC      7.2   4.48G    4.48 S       13d4h           49      2     26     49 WARN     AOP    BTC    ZCL_ZCA_REST_OUTBOUND_LOG= DBSQL_DUPLICATE_KEY_ER ZEWM_MN_OUTBOUND_APT_SAP_DMO /usr/sap/AOP/D60/work/dev_w64
22018   60    114  DIA      5.1   3.80G    3.80 S       10h15m           0     23      0      0 OK       AOP    DIA    ZFGLI_PPH_EBUPOT           BCD_ZERODIVIDE         ZEWM_MN_OUTBOUND_APT_SAP_DMO /usr/sap/AOP/D60/work/dev_w114
12878   60    108  DIA      4.0   3.68G    3.68 S       4h13m            0      1      0      0 OK       AOP    DIA    ZCL_ZCA_REST_OUTBOUND_LOG= DBSQL_DUPLICATE_KEY_ER SAPMZMIM_GENR_INBOUNDDEL     /usr/sap/AOP/D60/work/dev_w108
11823   60    12   ?        3.6   2.31G    2.31 S       1h10m            0      2      0      0 OK       AOP    ?      ZCMPR_LOT_DLYPLAN_V3       CONV_EXIT_FIELD_TOO_SH ?                            /usr/sap/AOP/D60/work/dev_w12
5565    60    87   ?        3.5   3.53G    3.53 S       13d22h          14     55      1     14 WARN     AOP    ?      ?                          ?                      ZEWM_MN_OUTBOUND_APT_SAP_DMO /usr/sap/AOP/D60/work/dev_w87
18649   60    111  DIA      3.3   4.23G    4.23 S       19h27m           0      1      0      0 WARN     AOP    DIA    /SPE/SAPLCROSS_DLVRY_HU    POSTING_ILLEGAL_STATEM SAPMZMIM_GENR_INBOUNDDEL     /usr/sap/AOP/D60/work/dev_w111
5566    60    88   ?        3.2   5.02G    5.02 S       13d22h          42     29      4     42 WARN     AOP    ?      ZCL_ZCA_REST_OUTBOUND_LOG= DBSQL_DUPLICATE_KEY_ER ZEWM_MN_OUTBOUND_APT_SAP_DMO /usr/sap/AOP/D60/work/dev_w88
61666   60    115  DIA      3.1   3.64G    3.64 S       3h5m             0      6      0      0 OK       AOP    DIA    SAPMZMPU_LT_GI_PTV         DBSQL_DUPLICATE_KEY_ER ZSD_AD_RLB_RETAIL_1507       /usr/sap/AOP/D60/work/dev_w115

Memory Tertinggi (RSS)
Description : diurutkan berdasarkan RSS(GB), menurun; tiebreak: CPU(%).
PID     INST  WP   TYPE  CPU(%)     MEM RSS(GB) STATE   AGE          RABAX   SXPG    JOB  RXMSG CLASS    SID    TYPE   ABAP Program               ErrorCode              JobName                      LOG
5536    60    58   BTC      0.8   5.76G    5.76 S       13d22h           9      1      4      9 CRIT     AOP    BTC    ?                          ?                      RSDRAFT_LIFECYCLE_MANAGER    /usr/sap/AOP/D60/work/dev_w58
5524    60    46   BTC      0.7   5.68G    5.68 S       13d22h           0      1      1      0 CRIT     AOP    BTC    ?                          ?                      SAPMZMIM_GENR_INBOUNDDEL     /usr/sap/AOP/D60/work/dev_w46
5564    60    86   ?        1.6   5.26G    5.26 S       13d22h          14      4     13     14 WARN     AOP    ?      ZCL_ZCA_REST_OUTBOUND_LOG= DBSQL_DUPLICATE_KEY_ER ZBAS_D_OUT_API_IAM_SAP_LOGIN /usr/sap/AOP/D60/work/dev_w86
5566    60    88   ?        3.2   5.02G    5.02 S       13d22h          42     29      4     42 WARN     AOP    ?      ZCL_ZCA_REST_OUTBOUND_LOG= DBSQL_DUPLICATE_KEY_ER ZEWM_MN_OUTBOUND_APT_SAP_DMO /usr/sap/AOP/D60/work/dev_w88
5537    60    59   BTC      0.7   4.99G    4.99 S       13d22h           0      0      0      0 WARN     AOP    BTC    ZCL_TRD_VENDOR_DELIVERY_OU DBSQL_DUPLICATE_KEY_ER ZSD_H_INBOUND_FEEDBACK_ALLOC /usr/sap/AOP/D60/work/dev_w59
5556    60    78   ?        1.8   4.95G    4.95 S       13d22h           0      4      3      0 WARN     AOP    ?      CL_SALV_BS_RUNTIME_INFO=== MEMORY_NO_MORE_PAGING  ZSD_MN_WH_BILLING_VF04       /usr/sap/AOP/D60/work/dev_w78
8641    60    94   DIA      1.3   4.87G    4.87 R       1d1h             0      0      0      0 WARN     AOP    DIA    /SPE/SAPLCROSS_DLVRY_HU    POSTING_ILLEGAL_STATEM ZCO_D_AOP_FPA_AWP            /usr/sap/AOP/D60/work/dev_w94
5533    60    55   BTC      1.8   4.86G    4.86 S       13d22h           0      4      3      0 WARN     AOP    BTC    ?                          ?                      ZSD_MN_SOIDMS                /usr/sap/AOP/D60/work/dev_w55
5540    60    62   BTC      0.6   4.85G    4.85 S       13d22h           0      0      1      0 WARN     AOP    BTC    ?                          ?                      ZSD_MN_SOIDMS                /usr/sap/AOP/D60/work/dev_w62
5551    60    73   ?        0.8   4.85G    4.85 S       13d22h           0      2      1      0 WARN     AOP    ?      ?                          ?                      ZSD_MN_SOIDMS                /usr/sap/AOP/D60/work/dev_w73

Running Terlama
Description : diurutkan berdasarkan AGE (durasi hidup WP), menurun.
PID     INST  WP   TYPE  CPU(%)     MEM RSS(GB) STATE   AGE          RABAX   SXPG    JOB  RXMSG CLASS    SID    TYPE   ABAP Program               ErrorCode              JobName                      LOG
5522    60    44   BTC      0.1   4.67G    4.67 S       13d22h           0      2      1      0 WARN     AOP    BTC    ZCL_TRD_VENDOR_DELIVERY_OU DBSQL_DUPLICATE_KEY_ER R_JR_BTCJOBS_GENERATOR       /usr/sap/AOP/D60/work/dev_w44
5523    60    45   BTC      0.1   3.57G    3.57 S       13d22h          14      1      0     14 WARN     AOP    BTC    ?                          ?                      ZEWM_MN_OUTBOUND_APT_SAP_DMO /usr/sap/AOP/D60/work/dev_w45
5524    60    46   BTC      0.7   5.68G    5.68 S       13d22h           0      1      1      0 CRIT     AOP    BTC    ?                          ?                      SAPMZMIM_GENR_INBOUNDDEL     /usr/sap/AOP/D60/work/dev_w46
5525    60    47   BTC      0.7   4.77G    4.77 S       13d22h           0      0      0      0 WARN     AOP    BTC    ?                          ?                      R_JR_BTCJOBS_GENERATOR       /usr/sap/AOP/D60/work/dev_w47
5526    60    48   BTC      0.1   4.25G    4.25 S       13d22h           0      0      0      0 WARN     AOP    BTC    ?                          ?                      SAPMZMIM_GENR_INBOUNDDEL     /usr/sap/AOP/D60/work/dev_w48
5527    60    49   BTC      0.2   4.48G    4.48 S       13d22h           0      0      1      0 WARN     AOP    BTC    ?                          ?                      ZSD_H_INB_RETALLOC_POST_API  /usr/sap/AOP/D60/work/dev_w49
5528    60    50   BTC      0.6   3.40G    3.40 S       13d22h           0      1      0      0 WARN     AOP    BTC    ?                          ?                      RK_PKOSA_MULTI_CREATE        /usr/sap/AOP/D60/work/dev_w50
5529    60    51   BTC      0.0   3.77G    3.77 S       13d22h           0      2      0      0 WARN     AOP    BTC    ?                          ?                      ZSD_MN_SOIDMS                /usr/sap/AOP/D60/work/dev_w51
5530    60    52   BTC      0.1   3.97G    3.97 S       13d22h           0      0      1      0 WARN     AOP    BTC    ?                          ?                      ZSD_D_OPN_BIL_AWP            /usr/sap/AOP/D60/work/dev_w52
5531    60    53   BTC      1.4   4.03G    4.03 S       13d22h           0      1      1      0 WARN     AOP    BTC    ZCL_TRD_VENDOR_DELIVERY_OU DBSQL_DUPLICATE_KEY_ER SAP_ILM_APPL_ARC_JOB_SCHEDUL /usr/sap/AOP/D60/work/dev_w53

RABAX Terbanyak
Description : diurutkan berdasarkan jumlah RABAX (desc), tiebreak SXPG (desc), JOB (desc).
PID     INST  WP   TYPE    RABAX   SXPG  RXMSG    JOB CLASS  ABAP Program               ErrorCode              JobName                      LOG
13550   60    89   DIA        71      2     71      9 WARN   ZCL_TRD_VENDOR_DELIVERY_OU DBSQL_DUPLICATE_KEY_ER ZCO_D_ZPPROCONF              /usr/sap/AOP/D60/work/dev_w89
5563    60    85   ?          56      7     56      3 WARN   ?                          ?                      ZMM_D_INVCTRL_MTM            /usr/sap/AOP/D60/work/dev_w85
41987   60    64   BTC        49      2     49     26 WARN   ZCL_ZCA_REST_OUTBOUND_LOG= DBSQL_DUPLICATE_KEY_ER ZEWM_MN_OUTBOUND_APT_SAP_DMO /usr/sap/AOP/D60/work/dev_w64
89894   60    90   DIA        42     29     42      7 OK     ZVCMR_H2H_CREDIT_LIMIT     IMPORT_WRONG_END_POS   ZSD_MN_WH_BILLING_VF04       /usr/sap/AOP/D60/work/dev_w90
5566    60    88   ?          42     29     42      4 WARN   ZCL_ZCA_REST_OUTBOUND_LOG= DBSQL_DUPLICATE_KEY_ER ZEWM_MN_OUTBOUND_APT_SAP_DMO /usr/sap/AOP/D60/work/dev_w88
5557    60    79   ?          42     16     42      6 WARN   ZCL_ZCA_REST_OUTBOUND_LOG= DBSQL_DUPLICATE_KEY_ER ZEWM_MN_OUTBOUND_APT_SAP_DMO /usr/sap/AOP/D60/work/dev_w79
5562    60    84   ?          28      6     28      9 WARN   ZCL_ZCA_REST_OUTBOUND_LOG= DBSQL_DUPLICATE_KEY_ER SAP_ESH_QUERY_LOG_REORG      /usr/sap/AOP/D60/work/dev_w84
5558    60    80   ?          28      4     28      1 WARN   ?                          ?                      ZPP_D_MB51_Z_AWP_GI          /usr/sap/AOP/D60/work/dev_w80
5560    60    82   ?          22      1     22      7 WARN   ZMPUE_OUTSTANDING_GR_LIST  SAPSQL_DATA_LOSS       ZSD_H_IFI_Z_UPD_AOPWEBRPLNS_ /usr/sap/AOP/D60/work/dev_w82
5565    60    87   ?          14     55     14      1 WARN   ?                          ?                      ZEWM_MN_OUTBOUND_APT_SAP_DMO /usr/sap/AOP/D60/work/dev_w87

snapshot @ 2026-01-29 10:31:18 WIB
================================================================================
Hostname             : AOPH5PAPPDC
OS                   : SUSE Linux Enterprise Server 15 SP3
Uptime               : 13 days 22 hours 16 minutes
vCPU                 : 28
IP address           : eth0=10.14.55.195
Logged-in            : 1 user(s), 1 session(s)
================================================================================
Metrics:
  - CPU usage         : 8.15% used, 91.85% idle
  - Load (15m)        : L15=1.84, vCPU=28, r=0.07 | LA 2.03/1.77/1.84 | Status=OK
  - Memory            : used 66.5G (54.6%), free 25.1G / 121.8G | Status=OK
  - Swap IO           : si/so 0/0 p/s | Status=OK
  - Total WP Running : 1
  - Total WP Standby : 130
  - Total WP Critical: 1
  - Total WP OK      : 51
  - Total WP Dialog  : 26
  - Total WP BTC     : 26
  - Total WP UPD     : 3
================================================================================

## WP-SCOUT @ AOPH5PAPPDC  SID=AOP  INSTS=70  TS=2026-01-29 10:31:29 WIB

CPU Tertinggi
Description : diurutkan berdasarkan CPU(%), menurun; tiebreak: RSS(GB) & AGE.
PID     INST  WP   TYPE  CPU(%)     MEM RSS(GB) STATE   AGE          RABAX   SXPG    JOB  RXMSG CLASS    SID    TYPE   ABAP Program               ErrorCode              JobName                      LOG
29366   70    64   BTC      7.9   3.83G    3.83 S       13d4h           28     47      0     28 WARN     AOP    BTC    ZCL_ZCA_REST_OUTBOUND_LOG= DBSQL_DUPLICATE_KEY_ER ZBAS_D_OUT_API_IAM_SAP_LOGIN /usr/sap/AOP/D70/work/dev_w64
8587    70    27   ?        6.9   1.82G    1.82 S       3m               0      0      0      0 WARN     AOP    ?      /SCWM/SAPLWO_TO_MON        TSV_TNEW_PAGE_ALLOC_FA ?                            /usr/sap/AOP/D70/work/dev_w27
28547   70    114  DIA      5.9   5.14G    5.14 S       18h4m            0      6      0      0 WARN     AOP    DIA    SAPLORFC                   CALL_FUNCTION_SEND_ERR ZFI_D_BILLING_DUE_V1_BDL_080 /usr/sap/AOP/D70/work/dev_w114
2593    70    95   DIA      4.4   5.26G    5.26 S       2d3h             0      1      0      0 WARN     AOP    DIA    SAPLORFC                   CALL_FUNCTION_SEND_ERR ZPP_H_MASSGR_ERROR_VIN       /usr/sap/AOP/D70/work/dev_w95
5299    70    82   ?        3.4   3.62G    3.62 S       13d22h          28     32      0     28 WARN     AOP    ?      ZCL_ZCA_REST_OUTBOUND_LOG= DBSQL_DUPLICATE_KEY_ER ZEWM_MN_OUTBOUND_APT_SAP_DMO /usr/sap/AOP/D70/work/dev_w82
5302    70    85   ?        3.4   3.45G    3.45 S       13d22h          15     56      0     15 WARN     AOP    ?      ZCL_ZCA_REST_OUTBOUND_LOG= DBSQL_DUPLICATE_KEY_ER ZEWM_MN_OUTBOUND_APT_SAP_DMO /usr/sap/AOP/D70/work/dev_w85
5308    70    91   ?        3.3   3.78G    3.78 S       13d22h          42     36      0     42 WARN     AOP    ?      ZCL_ZCA_REST_OUTBOUND_LOG= DBSQL_DUPLICATE_KEY_ER ZSD_H_INBOUND_FEEDBACK_ALLOC /usr/sap/AOP/D70/work/dev_w91
20456   70    100  DIA      3.1   5.49G    5.49 S       1d0h             0      2      0      0 WARN     AOP    DIA    ZVCMR_H2H_CREDIT_LIMIT     IMPORT_WRONG_END_POS   ZEWM_MN_OUTBOUND_APT_SAP_DMO /usr/sap/AOP/D70/work/dev_w100
5293    70    76   ?        3.0   3.25G    3.25 S       13d22h          28      8      0     28 WARN     AOP    ?      ZVSLI_PAYMENT_REQUEST      CALL_FUNCTION_CONFLICT ZSD_MN_SOIDMS                /usr/sap/AOP/D70/work/dev_w76
5303    70    86   ?        3.0   4.96G    4.96 S       13d22h          60     24      0     60 WARN     AOP    ?      ZCL_ZCA_REST_OUTBOUND_LOG= DBSQL_DUPLICATE_KEY_ER ZEWM_MN_OUTBOUND_APT_SAP_DMO /usr/sap/AOP/D70/work/dev_w86

Memory Tertinggi (RSS)
Description : diurutkan berdasarkan RSS(GB), menurun; tiebreak: CPU(%).
PID     INST  WP   TYPE  CPU(%)     MEM RSS(GB) STATE   AGE          RABAX   SXPG    JOB  RXMSG CLASS    SID    TYPE   ABAP Program               ErrorCode              JobName                      LOG
10562   70    97   DIA      1.2   5.53G    5.53 S       23h28m           0      1      0      0 CRIT     AOP    DIA    ZCL_ZCA_REST_OUTBOUND_LOG= DBSQL_DUPLICATE_KEY_ER ZFI_D_PRT_INB_MIRO_SSC       /usr/sap/AOP/D70/work/dev_w97
20456   70    100  DIA      3.1   5.49G    5.49 S       1d0h             0      2      0      0 WARN     AOP    DIA    ZVCMR_H2H_CREDIT_LIMIT     IMPORT_WRONG_END_POS   ZEWM_MN_OUTBOUND_APT_SAP_DMO /usr/sap/AOP/D70/work/dev_w100
2593    70    95   DIA      4.4   5.26G    5.26 S       2d3h             0      1      0      0 WARN     AOP    DIA    SAPLORFC                   CALL_FUNCTION_SEND_ERR ZPP_H_MASSGR_ERROR_VIN       /usr/sap/AOP/D70/work/dev_w95
28547   70    114  DIA      5.9   5.14G    5.14 S       18h4m            0      6      0      0 WARN     AOP    DIA    SAPLORFC                   CALL_FUNCTION_SEND_ERR ZFI_D_BILLING_DUE_V1_BDL_080 /usr/sap/AOP/D70/work/dev_w114
8321    70    111  DIA      1.5   5.06G    5.06 S       3h58m            0      5      0      0 WARN     AOP    DIA    ZCL_ZCA_REST_OUTBOUND_LOG= DBSQL_DUPLICATE_KEY_ER ZSD_H_UPLOAD_B2B_DS          /usr/sap/AOP/D70/work/dev_w111
5271    70    54   BTC      2.0   5.02G    5.02 S       13d22h          14     26      0     14 WARN     AOP    BTC    ZLOBE_AFTER_CONFIRM        DBSQL_SQL_DEADLOCK_DET ZSD_D_INT_MRS_SLS_SND        /usr/sap/AOP/D70/work/dev_w54
5303    70    86   ?        3.0   4.96G    4.96 S       13d22h          60     24      0     60 WARN     AOP    ?      ZCL_ZCA_REST_OUTBOUND_LOG= DBSQL_DUPLICATE_KEY_ER ZEWM_MN_OUTBOUND_APT_SAP_DMO /usr/sap/AOP/D70/work/dev_w86
19498   70    104  DIA      1.4   4.88G    4.88 S       20h15m           0      2      0      0 WARN     AOP    DIA    SAPLORFC                   CALL_FUNCTION_SEND_ERR /IWFND/APPL_LOG_CLEANUP      /usr/sap/AOP/D70/work/dev_w104
5291    70    74   ?        1.5   4.88G    4.88 S       13d22h          14      5      0     14 WARN     AOP    ?      ZVCMR_H2H_CREDIT_LIMIT     IMPORT_WRONG_END_POS   ZSD_H_INBOUND_FEEDBACK_ALLOC /usr/sap/AOP/D70/work/dev_w74
5263    70    46   BTC      0.9   4.87G    4.87 S       13d22h           0     24      0      0 WARN     AOP    BTC    ZCL_ZCA_REST_OUTBOUND_LOG= DBSQL_DUPLICATE_KEY_ER ZEWM_MN_OUTBOUND_APT_SAP_DMO /usr/sap/AOP/D70/work/dev_w46

Running Terlama
Description : diurutkan berdasarkan AGE (durasi hidup WP), menurun.
PID     INST  WP   TYPE  CPU(%)     MEM RSS(GB) STATE   AGE          RABAX   SXPG    JOB  RXMSG CLASS    SID    TYPE   ABAP Program               ErrorCode              JobName                      LOG
5256    70    39   BTC      0.6   3.46G    3.46 S       13d22h          28     11      0     28 WARN     AOP    BTC    ZCL_ZCA_REST_OUTBOUND_LOG= DBSQL_DUPLICATE_KEY_ER ZBAS_D_OUT_API_IAM_SAP_LOGIN /usr/sap/AOP/D70/work/dev_w39
5257    70    40   BTC      0.0   2.87G    2.87 S       13d22h          14      0      0     14 WARN     AOP    BTC    ZCL_ZCA_REST_OUTBOUND_LOG= DBSQL_DUPLICATE_KEY_ER ZBAS_D_OUT_API_IAM_SAP_LOGIN /usr/sap/AOP/D70/work/dev_w40
5258    70    41   BTC      0.1   3.35G    3.35 S       13d22h           0      0      0      0 WARN     AOP    BTC    ZCL_ZCA_REST_OUTBOUND_LOG= DBSQL_DUPLICATE_KEY_ER ZBAS_D_OUT_API_IAM_SAP_LOGIN /usr/sap/AOP/D70/work/dev_w41
5259    70    42   BTC      0.0   3.27G    3.27 S       13d22h           0      0      0      0 WARN     AOP    BTC    ?                          ?                      ZEWM_MN_OUTBOUND_APT_SAP_DMO /usr/sap/AOP/D70/work/dev_w42
5260    70    43   BTC      0.2   3.45G    3.45 S       13d22h          14      0      0     14 WARN     AOP    BTC    ?                          ?                      /IWFND/NOTIFICATION_CLEANUP  /usr/sap/AOP/D70/work/dev_w43
5261    70    44   BTC      0.2   3.23G    3.23 S       13d22h           0      0      0      0 WARN     AOP    BTC    ?                          ?                      ZEWM_MN_OUTBOUND_APT_SAP_DMO /usr/sap/AOP/D70/work/dev_w44
5262    70    45   BTC      0.9   3.30G    3.30 S       13d22h           0      0      0      0 WARN     AOP    BTC    ?                          ?                      ZSD_H_INBOUND_FEEDBACK_ALLOC /usr/sap/AOP/D70/work/dev_w45
5263    70    46   BTC      0.9   4.87G    4.87 S       13d22h           0     24      0      0 WARN     AOP    BTC    ZCL_ZCA_REST_OUTBOUND_LOG= DBSQL_DUPLICATE_KEY_ER ZEWM_MN_OUTBOUND_APT_SAP_DMO /usr/sap/AOP/D70/work/dev_w46
5265    70    48   BTC      0.6   3.62G    3.62 S       13d22h           0      0      0      0 WARN     AOP    BTC    ?                          ?                      ZSD_MN_INBOUND_CUS_B2C       /usr/sap/AOP/D70/work/dev_w48
5266    70    49   BTC      0.7   3.08G    3.08 S       13d22h           8      5      0      8 WARN     AOP    BTC    ?                          ?                      ZSD_AD_AOE_BILL_DOM          /usr/sap/AOP/D70/work/dev_w49

RABAX Terbanyak
Description : diurutkan berdasarkan jumlah RABAX (desc), tiebreak SXPG (desc), JOB (desc).
PID     INST  WP   TYPE    RABAX   SXPG  RXMSG    JOB CLASS  ABAP Program               ErrorCode              JobName                      LOG
5307    70    90   ?          75      8     75      0 WARN   ZCL_ZCA_REST_OUTBOUND_LOG= DBSQL_DUPLICATE_KEY_ER ZSD_MN_SOIDMS                /usr/sap/AOP/D70/work/dev_w90
5303    70    86   ?          60     24     60      0 WARN   ZCL_ZCA_REST_OUTBOUND_LOG= DBSQL_DUPLICATE_KEY_ER ZEWM_MN_OUTBOUND_APT_SAP_DMO /usr/sap/AOP/D70/work/dev_w86
5305    70    88   ?          56     27     56      0 WARN   ?                          ?                      ZSD_H_WMP_UPL_POST_SLS       /usr/sap/AOP/D70/work/dev_w88
5304    70    87   ?          56      8     56      0 WARN   ZCL_ZCA_REST_OUTBOUND_LOG= DBSQL_DUPLICATE_KEY_ER ZEWM_MN_OUTBOUND_APT_SAP_DMO /usr/sap/AOP/D70/work/dev_w87
5308    70    91   ?          42     36     42      0 WARN   ZCL_ZCA_REST_OUTBOUND_LOG= DBSQL_DUPLICATE_KEY_ER ZSD_H_INBOUND_FEEDBACK_ALLOC /usr/sap/AOP/D70/work/dev_w91
5306    70    89   ?          42     34     42      0 WARN   ?                          ?                      ZEWM_MN_OUTBOUND_APT_SAP_DMO /usr/sap/AOP/D70/work/dev_w89
5298    70    81   ?          42     14     42      0 WARN   ZCL_TRD_VENDOR_DELIVERY_OU DBSQL_DUPLICATE_KEY_ER ZFI_D_PRT_INB_SUBMIRO_SSC    /usr/sap/AOP/D70/work/dev_w81
5301    70    84   ?          42     13     42      0 WARN   ZCL_ZCA_REST_OUTBOUND_LOG= DBSQL_DUPLICATE_KEY_ER ZMM_D_ERP_OUTBND_GRPO_0103   /usr/sap/AOP/D70/work/dev_w84
29366   70    64   BTC        28     47     28      0 WARN   ZCL_ZCA_REST_OUTBOUND_LOG= DBSQL_DUPLICATE_KEY_ER ZBAS_D_OUT_API_IAM_SAP_LOGIN /usr/sap/AOP/D70/work/dev_w64
5299    70    82   ?          28     32     28      0 WARN   ZCL_ZCA_REST_OUTBOUND_LOG= DBSQL_DUPLICATE_KEY_ER ZEWM_MN_OUTBOUND_APT_SAP_DMO /usr/sap/AOP/D70/work/dev_w82

